2016-10-06 14:08:37.591796|INFO    |ServerLibPriv |   | TeamSpeak 3 Server 3.0.10.3 (2014-01-01 16:28:39)
2016-10-06 14:08:37.669921|INFO    |ServerLibPriv |   | SystemInformation: Windows 7 SP1 (7601) x64 (AMD or Intel) Binary: 32bit
2016-10-06 14:08:37.732421|INFO    |DatabaseQuery |   | dbPlugin name:    SQLite3 plugin, Version 2, (c)TeamSpeak Systems GmbH
2016-10-06 14:08:37.732421|INFO    |DatabaseQuery |   | dbPlugin version: 3.7.3
2016-10-06 14:08:37.763671|INFO    |DatabaseQuery |   | checking database integrity (may take a while)
2016-10-06 14:08:37.951171|WARNING |Accounting    |   | Unable to find valid license key, falling back to limited functionality
2016-10-06 14:08:40.748046|INFO    |              |   | Puzzle precompute time: 2765
2016-10-06 14:08:40.763671|INFO    |FileManager   |   | listening on 0.0.0.0:30033
2016-10-06 14:08:40.904296|INFO    |CIDRManager   |   | updated query_ip_whitelist ips: 127.0.0.1, 
2016-10-06 14:08:40.904296|INFO    |Query         |   | listening on 0.0.0.0:10011
2016-10-25 14:21:54.185859|INFO    |Query         |   | query from 1 70.168.122.19:34004 issued: login with account "serveradmin"(serveradmin)
2016-11-01 00:02:37.937203|INFO    |VirtualSvrMgr |   | executing monthly interval
2016-11-01 00:02:37.938179|INFO    |VirtualSvrMgr |   | reset virtualserver traffic statistics
2016-11-01 08:00:50.686226|ERROR   |              |   | TS3ANetwork::ResolveHostName failed error: 11001 (No such host is known. ) 11001
2016-11-01 08:20:50.754585|ERROR   |              |   | TS3ANetwork::ResolveHostName failed error: 11001 (No such host is known. ) 11001
2016-11-01 08:40:50.741890|ERROR   |              |   | TS3ANetwork::ResolveHostName failed error: 11001 (No such host is known. ) 11001
2016-11-01 09:00:50.730171|ERROR   |              |   | TS3ANetwork::ResolveHostName failed error: 11001 (No such host is known. ) 11001
2016-11-01 09:20:50.814156|ERROR   |              |   | TS3ANetwork::ResolveHostName failed error: 11001 (No such host is known. ) 11001
2016-11-01 09:30:51.012398|ERROR   |              |   | TS3ANetwork::ResolveHostName failed error: 11001 (No such host is known. ) 11001
2016-11-01 09:50:50.897164|ERROR   |              |   | TS3ANetwork::ResolveHostName failed error: 11001 (No such host is known. ) 11001
2016-11-01 10:00:51.002632|ERROR   |              |   | TS3ANetwork::ResolveHostName failed error: 11001 (No such host is known. ) 11001
2016-11-01 10:20:50.988960|ERROR   |              |   | TS3ANetwork::ResolveHostName failed error: 11001 (No such host is known. ) 11001
2016-11-01 10:30:51.092476|ERROR   |              |   | TS3ANetwork::ResolveHostName failed error: 11001 (No such host is known. ) 11001
2016-11-01 10:50:50.972359|ERROR   |              |   | TS3ANetwork::ResolveHostName failed error: 11001 (No such host is known. ) 11001
2016-11-01 11:00:51.011421|ERROR   |              |   | TS3ANetwork::ResolveHostName failed error: 11001 (No such host is known. ) 11001
2016-11-01 11:20:51.101265|ERROR   |              |   | TS3ANetwork::ResolveHostName failed error: 11001 (No such host is known. ) 11001
2016-11-01 11:40:51.078804|ERROR   |              |   | TS3ANetwork::ResolveHostName failed error: 11001 (No such host is known. ) 11001
2016-11-01 12:00:51.144234|ERROR   |              |   | TS3ANetwork::ResolveHostName failed error: 11001 (No such host is known. ) 11001
2016-11-01 14:10:39.336617|ERROR   |              |   | TS3ANetwork::Send failed error: 10022
2016-11-01 14:10:39.336617|ERROR   |              |   | TS3ANetwork::Send failed error: 10022
