2016-07-22 12:11:49.792538|INFO    |ServerLibPriv |   | TeamSpeak 3 Server 3.0.10.3 (2014-01-01 16:28:39)
2016-07-22 12:11:49.795040|INFO    |ServerLibPriv |   | SystemInformation: Windows 8 (9200) x64 (AMD or Intel) Binary: 32bit
2016-07-22 12:11:49.863046|INFO    |DatabaseQuery |   | dbPlugin name:    SQLite3 plugin, Version 2, (c)TeamSpeak Systems GmbH
2016-07-22 12:11:49.863046|INFO    |DatabaseQuery |   | dbPlugin version: 3.7.3
2016-07-22 12:11:49.870547|INFO    |DatabaseQuery |   | checking database integrity (may take a while)
2016-07-22 12:11:49.966061|WARNING |Accounting    |   | Unable to find valid license key, falling back to limited functionality
2016-07-22 12:11:56.493890|INFO    |              |   | Puzzle precompute time: 6475
2016-07-22 12:11:56.504390|INFO    |FileManager   |   | listening on 0.0.0.0:30033
2016-07-22 12:11:56.807430|INFO    |CIDRManager   |   | updated query_ip_whitelist ips: 127.0.0.1, 
2016-07-22 12:11:56.808929|INFO    |Query         |   | listening on 0.0.0.0:10011
2016-08-01 00:02:49.959408|INFO    |VirtualSvrMgr |   | executing monthly interval
2016-08-01 00:02:49.965411|INFO    |VirtualSvrMgr |   | reset virtualserver traffic statistics
2016-08-05 07:08:16.789522|ERROR   |              |   | TS3ANetwork::ResolveHostName failed error: 11001 (No such host is known. ) 11001
2016-08-05 07:18:18.072684|ERROR   |              |   | TS3ANetwork::ResolveHostName failed error: 11001 (No such host is known. ) 11001
2016-08-05 07:28:20.032219|ERROR   |              |   | TS3ANetwork::ResolveHostName failed error: 11001 (No such host is known. ) 11001
2016-08-05 07:48:16.993199|ERROR   |              |   | TS3ANetwork::ResolveHostName failed error: 11001 (No such host is known. ) 11001
2016-08-05 07:58:17.031199|ERROR   |              |   | TS3ANetwork::ResolveHostName failed error: 11001 (No such host is known. ) 11001
2016-08-05 08:08:19.068617|ERROR   |              |   | TS3ANetwork::ResolveHostName failed error: 11001 (No such host is known. ) 11001
2016-08-05 08:18:21.009628|ERROR   |              |   | TS3ANetwork::ResolveHostName failed error: 11001 (No such host is known. ) 11001
2016-08-08 02:08:36.543117|ERROR   |              |   | TS3ANetwork::ResolveHostName failed error: 11001 (No such host is known. ) 11001
2016-08-08 02:18:38.035033|ERROR   |              |   | TS3ANetwork::ResolveHostName failed error: 11001 (No such host is known. ) 11001
2016-08-08 02:28:40.003393|ERROR   |              |   | TS3ANetwork::ResolveHostName failed error: 11001 (No such host is known. ) 11001
2016-08-08 02:48:47.788313|ERROR   |              |   | TS3ANetwork::ResolveHostName failed error: 11001 (No such host is known. ) 11001
2016-08-08 02:58:38.041567|ERROR   |              |   | TS3ANetwork::ResolveHostName failed error: 11001 (No such host is known. ) 11001
2016-08-08 03:18:36.970297|ERROR   |              |   | TS3ANetwork::ResolveHostName failed error: 11001 (No such host is known. ) 11001
2016-08-08 03:28:37.030034|ERROR   |              |   | TS3ANetwork::ResolveHostName failed error: 11001 (No such host is known. ) 11001
2016-08-10 09:28:05.015932|ERROR   |              |   | TS3ANetwork::ResolveHostName failed error: 11001 (No such host is known. ) 11001
2016-08-10 09:38:07.070837|ERROR   |              |   | TS3ANetwork::ResolveHostName failed error: 11001 (No such host is known. ) 11001
2016-08-10 09:58:03.485555|ERROR   |              |   | TS3ANetwork::ResolveHostName failed error: 11001 (No such host is known. ) 11001
2016-08-10 10:08:05.061343|ERROR   |              |   | TS3ANetwork::ResolveHostName failed error: 11001 (No such host is known. ) 11001
2016-08-10 10:18:07.065051|ERROR   |              |   | TS3ANetwork::ResolveHostName failed error: 11001 (No such host is known. ) 11001
2016-08-10 10:38:03.710130|ERROR   |              |   | TS3ANetwork::ResolveHostName failed error: 11001 (No such host is known. ) 11001
2016-08-10 10:48:05.034739|ERROR   |              |   | TS3ANetwork::ResolveHostName failed error: 11001 (No such host is known. ) 11001
2016-08-10 10:58:07.069295|ERROR   |              |   | TS3ANetwork::ResolveHostName failed error: 11001 (No such host is known. ) 11001
2016-08-10 11:18:03.899425|ERROR   |              |   | TS3ANetwork::ResolveHostName failed error: 11001 (No such host is known. ) 11001
2016-08-10 11:28:04.022776|ERROR   |              |   | TS3ANetwork::ResolveHostName failed error: 11001 (No such host is known. ) 11001
2016-08-10 11:38:06.043747|ERROR   |              |   | TS3ANetwork::ResolveHostName failed error: 11001 (No such host is known. ) 11001
2016-08-10 11:48:08.074545|ERROR   |              |   | TS3ANetwork::ResolveHostName failed error: 11001 (No such host is known. ) 11001
2016-08-10 12:08:04.209890|ERROR   |              |   | TS3ANetwork::ResolveHostName failed error: 11001 (No such host is known. ) 11001
2016-08-17 15:03:22.249371|INFO    |Query         |   | query from 1 127.0.0.1:18050 issued: login with account "serveradmin"(serveradmin)
