2016-06-07 18:16:42.938463|INFO    |ServerLibPriv |   | TeamSpeak 3 Server 3.0.10.3 (2014-01-01 16:28:39)
2016-06-07 18:16:42.940463|INFO    |ServerLibPriv |   | SystemInformation: Windows 8 (9200) x64 (AMD or Intel) Binary: 32bit
2016-06-07 18:16:42.998466|INFO    |DatabaseQuery |   | dbPlugin name:    SQLite3 plugin, Version 2, (c)TeamSpeak Systems GmbH
2016-06-07 18:16:42.998466|INFO    |DatabaseQuery |   | dbPlugin version: 3.7.3
2016-06-07 18:16:42.999466|INFO    |DatabaseQuery |   | checking database integrity (may take a while)
2016-06-07 18:16:43.072471|WARNING |Accounting    |   | Unable to find valid license key, falling back to limited functionality
2016-06-07 18:16:46.413200|INFO    |              |   | Puzzle precompute time: 3306
2016-06-07 18:16:46.422203|INFO    |FileManager   |   | listening on 0.0.0.0:30033
2016-06-07 18:16:46.648763|INFO    |CIDRManager   |   | updated query_ip_whitelist ips: 127.0.0.1, 
2016-06-07 18:16:46.650765|INFO    |Query         |   | listening on 0.0.0.0:10011
2016-06-09 05:47:06.677863|ERROR   |              |   | TS3ANetwork::ResolveHostName failed error: 11001 (No such host is known. ) 11001
2016-06-15 14:22:26.472829|INFO    |Query         |   | query from 1 127.0.0.1:53143 issued: login with account "serveradmin"(serveradmin)
2016-06-17 23:26:12.103555|INFO    |Query         |   | query from 2 107.129.31.5:47790 issued: login with account "serveradmin"(serveradmin)
2016-07-01 00:01:43.067517|INFO    |VirtualSvrMgr |   | executing monthly interval
2016-07-01 00:01:43.073586|INFO    |VirtualSvrMgr |   | reset virtualserver traffic statistics
2016-07-01 21:28:24.076468|ERROR   |              |   | TS3ANetwork::ResolveHostName failed error: 11001 (No such host is known. ) 11001
2016-07-01 21:38:26.075996|ERROR   |              |   | TS3ANetwork::ResolveHostName failed error: 11001 (No such host is known. ) 11001
2016-07-01 21:48:27.006685|ERROR   |              |   | TS3ANetwork::ResolveHostName failed error: 11001 (No such host is known. ) 11001
2016-07-01 22:08:23.237611|ERROR   |              |   | TS3ANetwork::ResolveHostName failed error: 11001 (No such host is known. ) 11001
2016-07-01 22:18:25.099284|ERROR   |              |   | TS3ANetwork::ResolveHostName failed error: 11001 (No such host is known. ) 11001
2016-07-01 22:28:27.080524|ERROR   |              |   | TS3ANetwork::ResolveHostName failed error: 11001 (No such host is known. ) 11001
2016-07-01 22:48:23.483331|ERROR   |              |   | TS3ANetwork::ResolveHostName failed error: 11001 (No such host is known. ) 11001
2016-07-01 22:58:25.069074|ERROR   |              |   | TS3ANetwork::ResolveHostName failed error: 11001 (No such host is known. ) 11001
2016-07-01 23:08:27.068737|ERROR   |              |   | TS3ANetwork::ResolveHostName failed error: 11001 (No such host is known. ) 11001
2016-07-01 23:28:23.836499|ERROR   |              |   | TS3ANetwork::ResolveHostName failed error: 11001 (No such host is known. ) 11001
2016-07-01 23:38:25.011501|ERROR   |              |   | TS3ANetwork::ResolveHostName failed error: 11001 (No such host is known. ) 11001
2016-07-01 23:48:27.008297|ERROR   |              |   | TS3ANetwork::ResolveHostName failed error: 11001 (No such host is known. ) 11001
2016-07-02 00:08:24.035929|ERROR   |              |   | TS3ANetwork::ResolveHostName failed error: 11001 (No such host is known. ) 11001
2016-07-02 00:18:26.097117|ERROR   |              |   | TS3ANetwork::ResolveHostName failed error: 11001 (No such host is known. ) 11001
2016-07-02 00:28:28.009730|ERROR   |              |   | TS3ANetwork::ResolveHostName failed error: 11001 (No such host is known. ) 11001
2016-07-02 00:48:24.318205|ERROR   |              |   | TS3ANetwork::ResolveHostName failed error: 11001 (No such host is known. ) 11001
2016-07-02 00:58:26.020384|ERROR   |              |   | TS3ANetwork::ResolveHostName failed error: 11001 (No such host is known. ) 11001
2016-07-02 01:08:28.045059|ERROR   |              |   | TS3ANetwork::ResolveHostName failed error: 11001 (No such host is known. ) 11001
2016-07-02 01:28:24.467888|ERROR   |              |   | TS3ANetwork::ResolveHostName failed error: 11001 (No such host is known. ) 11001
2016-07-02 01:38:26.073267|ERROR   |              |   | TS3ANetwork::ResolveHostName failed error: 11001 (No such host is known. ) 11001
2016-07-02 01:48:28.098257|ERROR   |              |   | TS3ANetwork::ResolveHostName failed error: 11001 (No such host is known. ) 11001
2016-07-02 02:08:24.624150|ERROR   |              |   | TS3ANetwork::ResolveHostName failed error: 11001 (No such host is known. ) 11001
2016-07-02 02:18:26.022941|ERROR   |              |   | TS3ANetwork::ResolveHostName failed error: 11001 (No such host is known. ) 11001
2016-07-02 02:28:28.070628|ERROR   |              |   | TS3ANetwork::ResolveHostName failed error: 11001 (No such host is known. ) 11001
2016-07-02 02:48:24.845077|ERROR   |              |   | TS3ANetwork::ResolveHostName failed error: 11001 (No such host is known. ) 11001
2016-07-02 02:58:26.038714|ERROR   |              |   | TS3ANetwork::ResolveHostName failed error: 11001 (No such host is known. ) 11001
2016-07-02 03:08:28.084100|ERROR   |              |   | TS3ANetwork::ResolveHostName failed error: 11001 (No such host is known. ) 11001
2016-07-02 03:28:24.989238|ERROR   |              |   | TS3ANetwork::ResolveHostName failed error: 11001 (No such host is known. ) 11001
2016-07-02 03:38:26.097209|ERROR   |              |   | TS3ANetwork::ResolveHostName failed error: 11001 (No such host is known. ) 11001
2016-07-02 03:48:27.018104|ERROR   |              |   | TS3ANetwork::ResolveHostName failed error: 11001 (No such host is known. ) 11001
2016-07-02 03:58:29.038398|ERROR   |              |   | TS3ANetwork::ResolveHostName failed error: 11001 (No such host is known. ) 11001
2016-07-02 04:18:25.222279|ERROR   |              |   | TS3ANetwork::ResolveHostName failed error: 11001 (No such host is known. ) 11001
2016-07-02 04:28:27.013837|ERROR   |              |   | TS3ANetwork::ResolveHostName failed error: 11001 (No such host is known. ) 11001
2016-07-02 04:38:29.031064|ERROR   |              |   | TS3ANetwork::ResolveHostName failed error: 11001 (No such host is known. ) 11001
2016-07-02 04:58:25.438501|ERROR   |              |   | TS3ANetwork::ResolveHostName failed error: 11001 (No such host is known. ) 11001
2016-07-02 05:08:27.065617|ERROR   |              |   | TS3ANetwork::ResolveHostName failed error: 11001 (No such host is known. ) 11001
2016-07-02 05:18:29.095196|ERROR   |              |   | TS3ANetwork::ResolveHostName failed error: 11001 (No such host is known. ) 11001
2016-07-02 05:38:25.710679|ERROR   |              |   | TS3ANetwork::ResolveHostName failed error: 11001 (No such host is known. ) 11001
2016-07-02 05:48:27.032923|ERROR   |              |   | TS3ANetwork::ResolveHostName failed error: 11001 (No such host is known. ) 11001
2016-07-02 05:58:29.033488|ERROR   |              |   | TS3ANetwork::ResolveHostName failed error: 11001 (No such host is known. ) 11001
2016-07-02 06:18:25.821979|ERROR   |              |   | TS3ANetwork::ResolveHostName failed error: 11001 (No such host is known. ) 11001
2016-07-02 06:28:27.015677|ERROR   |              |   | TS3ANetwork::ResolveHostName failed error: 11001 (No such host is known. ) 11001
2016-07-02 06:38:29.002907|ERROR   |              |   | TS3ANetwork::ResolveHostName failed error: 11001 (No such host is known. ) 11001
2016-07-02 06:48:30.015584|ERROR   |              |   | TS3ANetwork::ResolveHostName failed error: 11001 (No such host is known. ) 11001
2016-07-02 07:08:26.090422|ERROR   |              |   | TS3ANetwork::ResolveHostName failed error: 11001 (No such host is known. ) 11001
2016-07-02 07:18:28.003965|ERROR   |              |   | TS3ANetwork::ResolveHostName failed error: 11001 (No such host is known. ) 11001
2016-07-02 07:28:30.002407|ERROR   |              |   | TS3ANetwork::ResolveHostName failed error: 11001 (No such host is known. ) 11001
2016-07-02 07:48:26.235704|ERROR   |              |   | TS3ANetwork::ResolveHostName failed error: 11001 (No such host is known. ) 11001
2016-07-02 07:58:28.061458|ERROR   |              |   | TS3ANetwork::ResolveHostName failed error: 11001 (No such host is known. ) 11001
2016-07-02 08:08:30.057652|ERROR   |              |   | TS3ANetwork::ResolveHostName failed error: 11001 (No such host is known. ) 11001
2016-07-02 08:28:26.508547|ERROR   |              |   | TS3ANetwork::ResolveHostName failed error: 11001 (No such host is known. ) 11001
2016-07-02 08:38:28.005206|ERROR   |              |   | TS3ANetwork::ResolveHostName failed error: 11001 (No such host is known. ) 11001
2016-07-02 08:48:30.002303|ERROR   |              |   | TS3ANetwork::ResolveHostName failed error: 11001 (No such host is known. ) 11001
2016-07-02 09:08:26.730211|ERROR   |              |   | TS3ANetwork::ResolveHostName failed error: 11001 (No such host is known. ) 11001
2016-07-02 09:18:28.034449|ERROR   |              |   | TS3ANetwork::ResolveHostName failed error: 11001 (No such host is known. ) 11001
2016-07-02 09:28:30.050172|ERROR   |              |   | TS3ANetwork::ResolveHostName failed error: 11001 (No such host is known. ) 11001
2016-07-02 09:48:26.872660|ERROR   |              |   | TS3ANetwork::ResolveHostName failed error: 11001 (No such host is known. ) 11001
2016-07-02 09:58:27.036862|ERROR   |              |   | TS3ANetwork::ResolveHostName failed error: 11001 (No such host is known. ) 11001
2016-07-02 10:08:29.071403|ERROR   |              |   | TS3ANetwork::ResolveHostName failed error: 11001 (No such host is known. ) 11001
2016-07-02 10:18:31.016116|ERROR   |              |   | TS3ANetwork::ResolveHostName failed error: 11001 (No such host is known. ) 11001
2016-07-02 10:38:27.176482|ERROR   |              |   | TS3ANetwork::ResolveHostName failed error: 11001 (No such host is known. ) 11001
2016-07-02 10:48:29.069993|ERROR   |              |   | TS3ANetwork::ResolveHostName failed error: 11001 (No such host is known. ) 11001
2016-07-02 10:58:31.077321|ERROR   |              |   | TS3ANetwork::ResolveHostName failed error: 11001 (No such host is known. ) 11001
2016-07-02 11:18:27.457704|ERROR   |              |   | TS3ANetwork::ResolveHostName failed error: 11001 (No such host is known. ) 11001
2016-07-02 11:28:29.053522|ERROR   |              |   | TS3ANetwork::ResolveHostName failed error: 11001 (No such host is known. ) 11001
2016-07-02 11:38:31.062133|ERROR   |              |   | TS3ANetwork::ResolveHostName failed error: 11001 (No such host is known. ) 11001
2016-07-02 11:58:27.698982|ERROR   |              |   | TS3ANetwork::ResolveHostName failed error: 11001 (No such host is known. ) 11001
2016-07-02 12:08:29.077690|ERROR   |              |   | TS3ANetwork::ResolveHostName failed error: 11001 (No such host is known. ) 11001
2016-07-02 12:18:31.063994|ERROR   |              |   | TS3ANetwork::ResolveHostName failed error: 11001 (No such host is known. ) 11001
2016-07-02 12:38:27.929738|ERROR   |              |   | TS3ANetwork::ResolveHostName failed error: 11001 (No such host is known. ) 11001
2016-07-02 12:48:29.065496|ERROR   |              |   | TS3ANetwork::ResolveHostName failed error: 11001 (No such host is known. ) 11001
2016-07-02 12:58:30.007118|ERROR   |              |   | TS3ANetwork::ResolveHostName failed error: 11001 (No such host is known. ) 11001
2016-07-02 13:08:32.076308|ERROR   |              |   | TS3ANetwork::ResolveHostName failed error: 11001 (No such host is known. ) 11001
2016-07-02 13:28:28.289787|ERROR   |              |   | TS3ANetwork::ResolveHostName failed error: 11001 (No such host is known. ) 11001
2016-07-02 13:38:30.067024|ERROR   |              |   | TS3ANetwork::ResolveHostName failed error: 11001 (No such host is known. ) 11001
2016-07-02 13:48:32.045664|ERROR   |              |   | TS3ANetwork::ResolveHostName failed error: 11001 (No such host is known. ) 11001
2016-07-02 14:08:28.375669|ERROR   |              |   | TS3ANetwork::ResolveHostName failed error: 11001 (No such host is known. ) 11001
2016-07-02 14:18:30.015700|ERROR   |              |   | TS3ANetwork::ResolveHostName failed error: 11001 (No such host is known. ) 11001
2016-07-02 14:28:32.020416|ERROR   |              |   | TS3ANetwork::ResolveHostName failed error: 11001 (No such host is known. ) 11001
2016-07-02 14:48:28.561749|ERROR   |              |   | TS3ANetwork::ResolveHostName failed error: 11001 (No such host is known. ) 11001
2016-07-02 14:58:30.036927|ERROR   |              |   | TS3ANetwork::ResolveHostName failed error: 11001 (No such host is known. ) 11001
2016-07-02 15:08:32.080241|ERROR   |              |   | TS3ANetwork::ResolveHostName failed error: 11001 (No such host is known. ) 11001
2016-07-02 15:28:28.659154|ERROR   |              |   | TS3ANetwork::ResolveHostName failed error: 11001 (No such host is known. ) 11001
2016-07-02 15:38:30.038167|ERROR   |              |   | TS3ANetwork::ResolveHostName failed error: 11001 (No such host is known. ) 11001
2016-07-02 15:48:32.040342|ERROR   |              |   | TS3ANetwork::ResolveHostName failed error: 11001 (No such host is known. ) 11001
2016-07-02 16:08:28.909779|ERROR   |              |   | TS3ANetwork::ResolveHostName failed error: 11001 (No such host is known. ) 11001
2016-07-02 16:18:30.099252|ERROR   |              |   | TS3ANetwork::ResolveHostName failed error: 11001 (No such host is known. ) 11001
2016-07-02 16:28:31.076272|ERROR   |              |   | TS3ANetwork::ResolveHostName failed error: 11001 (No such host is known. ) 11001
2016-07-02 16:38:33.035943|ERROR   |              |   | TS3ANetwork::ResolveHostName failed error: 11001 (No such host is known. ) 11001
2016-07-02 16:58:29.057272|ERROR   |              |   | TS3ANetwork::ResolveHostName failed error: 11001 (No such host is known. ) 11001
2016-07-02 17:08:31.040988|ERROR   |              |   | TS3ANetwork::ResolveHostName failed error: 11001 (No such host is known. ) 11001
2016-07-02 17:18:33.047206|ERROR   |              |   | TS3ANetwork::ResolveHostName failed error: 11001 (No such host is known. ) 11001
2016-07-02 17:38:29.106366|ERROR   |              |   | TS3ANetwork::ResolveHostName failed error: 11001 (No such host is known. ) 11001
2016-07-02 17:48:31.012240|ERROR   |              |   | TS3ANetwork::ResolveHostName failed error: 11001 (No such host is known. ) 11001
2016-07-02 17:58:33.091492|ERROR   |              |   | TS3ANetwork::ResolveHostName failed error: 11001 (No such host is known. ) 11001
2016-07-02 18:18:29.346794|ERROR   |              |   | TS3ANetwork::ResolveHostName failed error: 11001 (No such host is known. ) 11001
