2015-09-17 14:20:18.003685|INFO    |VirtualServer |  1| listening on 0.0.0.0:9987
2015-09-17 19:16:43.102124|INFO    |VirtualServer |  1| file download from (id:9), '/Capture.PNG' by client 'Rudy'(id:421)
2015-09-18 21:31:33.157351|INFO    |VirtualServer |  1| client (id:276) was removed from servergroup 'Server Admin'(id:6) by client 'Somnus'(id:480)
2015-09-18 21:31:39.822734|INFO    |VirtualServer |  1| client (id:276) was added to servergroup 'Server Admin'(id:6) by client 'Somnus'(id:480)
2015-09-19 16:22:08.665717|INFO    |VirtualServerBase|  1| channel 'the bewbs are back'(id:206) created by 'Pedobear'(id:505)
2015-09-19 16:22:16.615388|INFO    |VirtualServerBase|  1| channel 'the bewbs are back'(id:206) edited by 'Pedobear'(id:505)
2015-09-20 04:20:24.340419|INFO    |VirtualServerBase|  1| channel 'the bewbs are back'(id:206) deleted by 'server'(id:0)
2015-09-20 15:30:12.106930|INFO    |VirtualServerBase|  1| channel 'tiny bewbs'(id:207) created by 'Pedobear'(id:505)
2015-09-20 15:30:22.963452|INFO    |VirtualServerBase|  1| channel 'tiny bewbs'(id:207) edited by 'Pedobear'(id:505)
2015-09-20 19:46:34.059160|INFO    |VirtualServerBase|  1| channel 'B0SS'(id:208) created by 'TeamSpeakUser'(id:523)
2015-09-20 19:47:00.415802|INFO    |VirtualServerBase|  1| channel 'B0SS'(id:208) deleted by 'server'(id:0)
2015-09-20 19:47:15.885906|INFO    |VirtualServerBase|  1| channel 'B0SS'(id:209) created by 'C00ldude123'(id:523)
2015-09-20 23:49:43.122202|INFO    |VirtualServerBase|  1| channel 'B0SS'(id:209) deleted by 'server'(id:0)
2015-09-21 00:26:12.039835|INFO    |VirtualServerBase|  1| channel 'tiny bewbs'(id:207) deleted by 'server'(id:0)
2015-09-21 14:23:23.128137|INFO    |VirtualServer |  1| file deleted from (id:9), 'files\virtualserver_1\channel_9\/Capture.PNG' by client 'Rudy'(id:421)
2015-09-21 14:24:26.637284|INFO    |VirtualServer |  1| file upload to (id:9), '/Capture.PNG' by client 'Rudy'(id:421)
2015-09-21 17:32:13.364362|INFO    |VirtualServer |  1| file download from (id:9), '/Capture.PNG' by client 'wagex'(id:6)
2015-09-21 22:44:59.731836|INFO    |VirtualServerBase|  1| channel 'ayy lmao'(id:210) created by 'Tyler'(id:289)
2015-09-21 23:40:03.696737|INFO    |VirtualServerBase|  1| channel 'ayy lmao'(id:210) deleted by 'server'(id:0)
2015-09-22 23:52:57.029192|INFO    |VirtualServerBase|  1| channel 'big sweaty bewbs'(id:211) created by 'Pedobear'(id:505)
2015-09-22 23:53:02.363625|INFO    |VirtualServerBase|  1| channel 'big sweaty bewbs'(id:211) edited by 'Pedobear'(id:505)
2015-09-23 02:44:55.754989|INFO    |VirtualServerBase|  1| channel 'big sweaty bewbs'(id:211) deleted by 'server'(id:0)
2015-09-23 21:46:23.119095|INFO    |VirtualServer |  1| client 'Ritsu'(id:349) was added to channelgroup 'Guest'(id:8) by client 'Ritsu'(id:349) in channel 'AFK'(id:8)
2015-09-23 22:25:20.459145|INFO    |VirtualServerBase|  1| channel 'Hookers bewbs'(id:212) created by 'Pedobear'(id:505)
2015-09-23 22:25:46.104585|INFO    |VirtualServerBase|  1| channel 'Hookers bewbs'(id:212) edited by 'Pedobear'(id:505)
2015-09-24 02:49:59.278030|INFO    |VirtualServerBase|  1| channel 'Hookers bewbs'(id:212) deleted by 'server'(id:0)
2015-09-24 20:36:44.012418|INFO    |VirtualServerBase|  1| channel 'sbweb'(id:213) created by 'Pedobear'(id:505)
2015-09-24 20:36:50.909240|INFO    |VirtualServerBase|  1| channel 'sbweb'(id:213) edited by 'Pedobear'(id:505)
2015-09-25 01:35:22.012593|INFO    |VirtualServerBase|  1| channel 'sbweb'(id:213) deleted by 'server'(id:0)
2015-09-25 12:44:58.538487|INFO    |VirtualServer |  1| query client connected 'serveradmin from 127.0.0.1:61294'(id:1)
2015-09-25 22:42:58.661209|INFO    |VirtualServerBase|  1| channel 'Fake Bewbs'(id:214) created by 'Pedobear'(id:505)
2015-09-25 22:43:55.107758|INFO    |VirtualServerBase|  1| channel 'Fake Bewbs'(id:214) edited by 'Pedobear'(id:505)
2015-09-26 03:03:15.423402|INFO    |VirtualServerBase|  1| channel 'Fake Bewbs'(id:214) deleted by 'server'(id:0)
2015-09-26 15:16:24.729676|INFO    |VirtualServerBase|  1| channel 'Bewbs The Great'(id:215) created by 'Pedobear'(id:505)
2015-09-26 15:16:31.289660|INFO    |VirtualServerBase|  1| channel 'arm'(id:215) edited by 'Pedobear'(id:505)
2015-09-26 15:17:33.687107|INFO    |VirtualServerBase|  1| channel 'Bewbs The Great'(id:215) edited by 'Pedobear'(id:505)
2015-09-26 21:56:25.136334|INFO    |VirtualServerBase|  1| channel 'BOSS'(id:216) created by 'xXDarkStorm94Xx'(id:524)
2015-09-27 01:31:34.595888|INFO    |VirtualServerBase|  1| channel 'BOSS'(id:216) deleted by 'server'(id:0)
2015-09-27 04:42:23.791096|INFO    |VirtualServerBase|  1| channel 'Bewbs The Great'(id:215) deleted by 'server'(id:0)
2015-09-27 15:44:51.312514|INFO    |VirtualServerBase|  1| channel 'bye bye bewbs'(id:217) created by 'Pedobear'(id:505)
2015-09-27 15:44:58.892867|INFO    |VirtualServerBase|  1| channel 'bye bye bewbs'(id:217) edited by 'Pedobear'(id:505)
2015-09-27 23:55:50.999425|INFO    |VirtualServerBase|  1| channel 'boss'(id:218) created by 'Android'(id:525)
2015-09-28 01:07:51.842289|INFO    |VirtualServer |  1| file download from (id:172), '/EliteDangerous32 2015-09-06 22-16-43-35.jpg' by client 'GoSain'(id:188)
2015-09-28 01:08:20.821937|INFO    |VirtualServer |  1| file deleted from (id:172), 'files\virtualserver_1\channel_172\/TGTBTU.jpg' by client 'GoSain'(id:188)
2015-09-28 01:11:13.032688|INFO    |VirtualServer |  1| file upload to (id:172), '/Screenshot_0068.bmp' by client 'GoSain'(id:188)
2015-09-28 01:11:57.853782|INFO    |VirtualServer |  1| file download from (id:172), '/Screenshot_0068.bmp' by client 'Tyler'(id:271)
2015-09-28 02:11:10.886765|INFO    |VirtualServerBase|  1| channel 'bye bye bewbs'(id:217) deleted by 'server'(id:0)
2015-09-28 05:32:24.392145|INFO    |VirtualServerBase|  1| channel 'boss'(id:218) deleted by 'server'(id:0)
2015-09-28 19:33:00.704332|INFO    |VirtualServerBase|  1| channel 'BOSS'(id:219) created by 'xXDarkStorm94Xx'(id:524)
2015-09-28 21:19:39.167703|INFO    |VirtualServerBase|  1| channel 'shadowww caseeee'(id:220) created by 'Pedobear'(id:505)
2015-09-28 22:23:23.901372|INFO    |VirtualServerBase|  1| channel 'shadowww caseeee'(id:220) deleted by 'server'(id:0)
2015-09-29 02:22:41.126618|INFO    |VirtualServerBase|  1| channel 'BOSS'(id:219) deleted by 'server'(id:0)
2015-09-30 09:52:13.885588|INFO    |VirtualServer |  1| client (id:537) was added to servergroup 'Ryan'(id:20) by client 'Ursus'(id:81)
2015-10-01 01:56:17.357692|INFO    |VirtualServerBase|  1| channel 'Elite: Dangerous'(id:221) created by 'ross'(id:492)
2015-10-01 01:56:27.112030|INFO    |VirtualServer |  1| client (id:271) was added to servergroup 'Server Admin'(id:6) by client 'ross'(id:492)
2015-10-01 01:56:31.174336|INFO    |VirtualServer |  1| client (id:100) was added to servergroup 'Server Admin'(id:6) by client 'ross'(id:492)
2015-10-01 01:57:47.042932|INFO    |VirtualServerBase|  1| channel 'Elite: Dangerous'(id:221) edited by 'Tyler'(id:271)
2015-10-01 02:13:18.284773|INFO    |VirtualServer |  1| client (id:100) was added to servergroup 'Ryan'(id:20) by client 'Rudy'(id:100)
2015-10-01 02:13:18.815804|INFO    |VirtualServer |  1| client (id:100) was removed from servergroup 'Queermins'(id:22) by client 'ross'(id:492)
2015-10-01 02:13:22.775637|INFO    |VirtualServer |  1| client (id:271) was removed from servergroup 'Queermins'(id:22) by client 'ross'(id:492)
2015-10-01 04:42:48.346306|INFO    |VirtualServer |  1| file upload to (id:159), '/CompareElite.jpg' by client 'GoSain'(id:188)
2015-10-01 04:43:26.794665|INFO    |VirtualServer |  1| file download from (id:159), '/CompareElite.jpg' by client 'Tyler'(id:271)
2015-10-02 20:25:55.390788|INFO    |VirtualServerBase|  1| channel 'SHADOOOWWWW DAGGEERRRSSS'(id:222) created by 'Pedobear'(id:505)
2015-10-02 21:15:39.147493|INFO    |VirtualServerBase|  1| query client disconnected 'serveradmin from 127.0.0.1:61294'(id:1) reason 'reasonmsg=disconnecting'
