2018-05-02 21:06:55.617280|INFO    |ServerLibPriv |   | TeamSpeak 3 Server 3.0.10.3 (2014-01-01 16:28:39)
2018-05-02 21:06:55.617280|INFO    |ServerLibPriv |   | SystemInformation: Windows Server 2012 (9200) x64 (AMD or Intel) Binary: 32bit
2018-05-02 21:06:55.617280|INFO    |DatabaseQuery |   | dbPlugin name:    SQLite3 plugin, Version 2, (c)TeamSpeak Systems GmbH
2018-05-02 21:06:55.617280|INFO    |DatabaseQuery |   | dbPlugin version: 3.7.3
2018-05-02 21:06:55.632901|INFO    |DatabaseQuery |   | checking database integrity (may take a while)
2018-05-02 21:06:55.679784|WARNING |Accounting    |   | Unable to find valid license key, falling back to limited functionality
2018-05-02 21:06:57.601648|INFO    |              |   | Puzzle precompute time: 1906
2018-05-02 21:06:57.601648|INFO    |FileManager   |   | listening on 0.0.0.0:30033
2018-05-02 21:06:57.804783|INFO    |CIDRManager   |   | updated query_ip_whitelist ips: 127.0.0.1, 
2018-05-02 21:06:57.804783|INFO    |Query         |   | listening on 0.0.0.0:10011
2018-05-04 11:12:14.017007|ERROR   |              |   | TS3ANetwork::ResolveHostName failed error: 11001 (No such host is known. ) 11001
2018-05-04 11:22:16.047401|ERROR   |              |   | TS3ANetwork::ResolveHostName failed error: 11001 (No such host is known. ) 11001
2018-05-04 11:42:12.973188|ERROR   |              |   | TS3ANetwork::ResolveHostName failed error: 11001 (No such host is known. ) 11001
2018-05-04 11:52:13.047069|ERROR   |              |   | TS3ANetwork::ResolveHostName failed error: 11001 (No such host is known. ) 11001
2018-05-04 12:02:15.109366|ERROR   |              |   | TS3ANetwork::ResolveHostName failed error: 11001 (No such host is known. ) 11001
2018-05-04 12:12:17.094469|ERROR   |              |   | TS3ANetwork::ResolveHostName failed error: 11001 (No such host is known. ) 11001
2018-05-04 12:32:13.380030|ERROR   |              |   | TS3ANetwork::ResolveHostName failed error: 11002 (This is usually a temporary error during hostname resolution and means that the local server did not receive a response from an authoritative server. ) 11002
2018-05-04 12:42:22.186346|ERROR   |              |   | TS3ANetwork::ResolveHostName failed error: 11002 (This is usually a temporary error during hostname resolution and means that the local server did not receive a response from an authoritative server. ) 11002
2018-05-04 12:52:17.102690|ERROR   |              |   | TS3ANetwork::ResolveHostName failed error: 11001 (No such host is known. ) 11001
2018-05-04 13:12:13.734508|ERROR   |              |   | TS3ANetwork::ResolveHostName failed error: 11001 (No such host is known. ) 11001
2018-05-04 13:22:15.031380|ERROR   |              |   | TS3ANetwork::ResolveHostName failed error: 11001 (No such host is known. ) 11001
2018-05-04 13:32:17.090128|ERROR   |              |   | TS3ANetwork::ResolveHostName failed error: 11001 (No such host is known. ) 11001
2018-05-04 13:52:14.015468|ERROR   |              |   | TS3ANetwork::ResolveHostName failed error: 11001 (No such host is known. ) 11001
2018-05-04 14:02:27.242583|ERROR   |              |   | TS3ANetwork::ResolveHostName failed error: 11001 (No such host is known. ) 11001
2018-05-04 14:12:18.010781|ERROR   |              |   | TS3ANetwork::ResolveHostName failed error: 11002 (This is usually a temporary error during hostname resolution and means that the local server did not receive a response from an authoritative server. ) 11002
2018-05-04 14:32:14.108567|ERROR   |              |   | TS3ANetwork::ResolveHostName failed error: 11001 (No such host is known. ) 11001
2018-05-04 14:42:16.073818|ERROR   |              |   | TS3ANetwork::ResolveHostName failed error: 11002 (This is usually a temporary error during hostname resolution and means that the local server did not receive a response from an authoritative server. ) 11002
2018-05-04 14:52:18.012819|ERROR   |              |   | TS3ANetwork::ResolveHostName failed error: 11001 (No such host is known. ) 11001
2018-05-04 15:12:14.495296|ERROR   |              |   | TS3ANetwork::ResolveHostName failed error: 11001 (No such host is known. ) 11001
2018-05-04 15:22:16.003326|ERROR   |              |   | TS3ANetwork::ResolveHostName failed error: 11001 (No such host is known. ) 11001
2018-05-04 15:32:18.103208|ERROR   |              |   | TS3ANetwork::ResolveHostName failed error: 11002 (This is usually a temporary error during hostname resolution and means that the local server did not receive a response from an authoritative server. ) 11002
2018-05-04 15:52:14.709787|ERROR   |              |   | TS3ANetwork::ResolveHostName failed error: 11001 (No such host is known. ) 11001
2018-05-04 16:02:16.055928|ERROR   |              |   | TS3ANetwork::ResolveHostName failed error: 11002 (This is usually a temporary error during hostname resolution and means that the local server did not receive a response from an authoritative server. ) 11002
2018-05-04 16:12:18.071639|ERROR   |              |   | TS3ANetwork::ResolveHostName failed error: 11001 (No such host is known. ) 11001
2018-05-04 16:32:14.974356|ERROR   |              |   | TS3ANetwork::ResolveHostName failed error: 11002 (This is usually a temporary error during hostname resolution and means that the local server did not receive a response from an authoritative server. ) 11002
2018-05-04 16:42:16.091920|ERROR   |              |   | TS3ANetwork::ResolveHostName failed error: 11002 (This is usually a temporary error during hostname resolution and means that the local server did not receive a response from an authoritative server. ) 11002
2018-05-04 16:52:17.020925|ERROR   |              |   | TS3ANetwork::ResolveHostName failed error: 11002 (This is usually a temporary error during hostname resolution and means that the local server did not receive a response from an authoritative server. ) 11002
2018-05-04 17:02:19.077731|ERROR   |              |   | TS3ANetwork::ResolveHostName failed error: 11002 (This is usually a temporary error during hostname resolution and means that the local server did not receive a response from an authoritative server. ) 11002
2018-05-04 17:22:15.380076|ERROR   |              |   | TS3ANetwork::ResolveHostName failed error: 11002 (This is usually a temporary error during hostname resolution and means that the local server did not receive a response from an authoritative server. ) 11002
2018-05-04 17:32:17.013111|ERROR   |              |   | TS3ANetwork::ResolveHostName failed error: 11001 (No such host is known. ) 11001
2018-05-04 17:42:19.035202|ERROR   |              |   | TS3ANetwork::ResolveHostName failed error: 11002 (This is usually a temporary error during hostname resolution and means that the local server did not receive a response from an authoritative server. ) 11002
2018-05-04 18:02:15.560601|ERROR   |              |   | TS3ANetwork::ResolveHostName failed error: 11002 (This is usually a temporary error during hostname resolution and means that the local server did not receive a response from an authoritative server. ) 11002
2018-05-04 18:12:17.011569|ERROR   |              |   | TS3ANetwork::ResolveHostName failed error: 11001 (No such host is known. ) 11001
2018-05-04 18:22:19.069293|ERROR   |              |   | TS3ANetwork::ResolveHostName failed error: 11001 (No such host is known. ) 11001
2018-05-04 18:42:15.837260|ERROR   |              |   | TS3ANetwork::ResolveHostName failed error: 11002 (This is usually a temporary error during hostname resolution and means that the local server did not receive a response from an authoritative server. ) 11002
2018-05-10 17:14:42.469030|ERROR   |              |   | TS3ANetwork::ResolveHostName failed error: 11002 (This is usually a temporary error during hostname resolution and means that the local server did not receive a response from an authoritative server. ) 11002
2018-05-10 17:24:40.081528|ERROR   |              |   | TS3ANetwork::ResolveHostName failed error: 11002 (This is usually a temporary error during hostname resolution and means that the local server did not receive a response from an authoritative server. ) 11002
2018-05-10 17:34:42.018330|ERROR   |              |   | TS3ANetwork::ResolveHostName failed error: 11002 (This is usually a temporary error during hostname resolution and means that the local server did not receive a response from an authoritative server. ) 11002
2018-05-10 17:54:39.003994|ERROR   |              |   | TS3ANetwork::ResolveHostName failed error: 11002 (This is usually a temporary error during hostname resolution and means that the local server did not receive a response from an authoritative server. ) 11002
2018-05-10 18:04:41.026775|ERROR   |              |   | TS3ANetwork::ResolveHostName failed error: 11002 (This is usually a temporary error during hostname resolution and means that the local server did not receive a response from an authoritative server. ) 11002
2018-05-10 18:14:43.073731|ERROR   |              |   | TS3ANetwork::ResolveHostName failed error: 11002 (This is usually a temporary error during hostname resolution and means that the local server did not receive a response from an authoritative server. ) 11002
2018-05-10 18:34:39.255257|ERROR   |              |   | TS3ANetwork::ResolveHostName failed error: 11001 (No such host is known. ) 11001
2018-05-10 18:44:41.004292|ERROR   |              |   | TS3ANetwork::ResolveHostName failed error: 11002 (This is usually a temporary error during hostname resolution and means that the local server did not receive a response from an authoritative server. ) 11002
2018-05-11 09:54:57.238174|ERROR   |              |   | TS3ANetwork::ResolveHostName failed error: 11001 (No such host is known. ) 11001
2018-05-15 03:25:39.090044|ERROR   |              |   | TS3ANetwork::ResolveHostName failed error: 11001 (No such host is known. ) 11001
2018-05-15 20:55:43.503524|ERROR   |              |   | TS3ANetwork::ResolveHostName failed error: 11001 (No such host is known. ) 11001
2018-05-15 21:05:34.036935|ERROR   |              |   | TS3ANetwork::ResolveHostName failed error: 11001 (No such host is known. ) 11001
2018-05-15 21:15:36.104149|ERROR   |              |   | TS3ANetwork::ResolveHostName failed error: 11001 (No such host is known. ) 11001
2018-05-15 21:35:32.589421|ERROR   |              |   | TS3ANetwork::ResolveHostName failed error: 11002 (This is usually a temporary error during hostname resolution and means that the local server did not receive a response from an authoritative server. ) 11002
2018-05-15 21:45:34.061891|ERROR   |              |   | TS3ANetwork::ResolveHostName failed error: 11002 (This is usually a temporary error during hostname resolution and means that the local server did not receive a response from an authoritative server. ) 11002
2018-05-15 21:55:36.068574|ERROR   |              |   | TS3ANetwork::ResolveHostName failed error: 11002 (This is usually a temporary error during hostname resolution and means that the local server did not receive a response from an authoritative server. ) 11002
2018-05-15 22:15:32.653075|ERROR   |              |   | TS3ANetwork::ResolveHostName failed error: 11002 (This is usually a temporary error during hostname resolution and means that the local server did not receive a response from an authoritative server. ) 11002
2018-05-23 17:16:54.413079|ERROR   |              |   | TS3ANetwork::ResolveHostName failed error: 11002 (This is usually a temporary error during hostname resolution and means that the local server did not receive a response from an authoritative server. ) 11002
2018-05-23 17:26:47.084493|ERROR   |              |   | TS3ANetwork::ResolveHostName failed error: 11002 (This is usually a temporary error during hostname resolution and means that the local server did not receive a response from an authoritative server. ) 11002
2018-05-25 15:36:59.008092|ERROR   |              |   | TS3ANetwork::ResolveHostName failed error: 11002 (This is usually a temporary error during hostname resolution and means that the local server did not receive a response from an authoritative server. ) 11002
2018-05-30 05:27:42.812156|ERROR   |              |   | TS3ANetwork::ResolveHostName failed error: 11002 (This is usually a temporary error during hostname resolution and means that the local server did not receive a response from an authoritative server. ) 11002
2018-05-31 05:07:50.506899|ERROR   |              |   | TS3ANetwork::ResolveHostName failed error: 11002 (This is usually a temporary error during hostname resolution and means that the local server did not receive a response from an authoritative server. ) 11002
2018-05-31 05:37:52.024505|ERROR   |              |   | TS3ANetwork::ResolveHostName failed error: 11002 (This is usually a temporary error during hostname resolution and means that the local server did not receive a response from an authoritative server. ) 11002
2018-05-31 06:37:53.047919|ERROR   |              |   | TS3ANetwork::ResolveHostName failed error: 11002 (This is usually a temporary error during hostname resolution and means that the local server did not receive a response from an authoritative server. ) 11002
2018-05-31 06:47:55.034585|ERROR   |              |   | TS3ANetwork::ResolveHostName failed error: 11002 (This is usually a temporary error during hostname resolution and means that the local server did not receive a response from an authoritative server. ) 11002
2018-06-01 00:00:55.690747|INFO    |VirtualSvrMgr |   | executing monthly interval
2018-06-01 00:00:55.690747|INFO    |VirtualSvrMgr |   | reset virtualserver traffic statistics
2018-06-01 05:08:07.473910|ERROR   |              |   | TS3ANetwork::ResolveHostName failed error: 11002 (This is usually a temporary error during hostname resolution and means that the local server did not receive a response from an authoritative server. ) 11002
2018-06-01 05:18:00.047625|ERROR   |              |   | TS3ANetwork::ResolveHostName failed error: 11002 (This is usually a temporary error during hostname resolution and means that the local server did not receive a response from an authoritative server. ) 11002
2018-06-06 11:48:49.096996|ERROR   |              |   | TS3ANetwork::ResolveHostName failed error: 11002 (This is usually a temporary error during hostname resolution and means that the local server did not receive a response from an authoritative server. ) 11002
2018-06-07 12:28:57.350286|ERROR   |              |   | TS3ANetwork::ResolveHostName failed error: 11002 (This is usually a temporary error during hostname resolution and means that the local server did not receive a response from an authoritative server. ) 11002
2018-06-13 16:31:30.204884|ERROR   |              |   | TS3ANetwork::ResolveHostName failed error: 11002 (This is usually a temporary error during hostname resolution and means that the local server did not receive a response from an authoritative server. ) 11002
2018-06-24 09:33:12.924432|ERROR   |              |   | TS3ANetwork::ResolveHostName failed error: 11002 (This is usually a temporary error during hostname resolution and means that the local server did not receive a response from an authoritative server. ) 11002
2018-06-24 14:03:25.579522|ERROR   |              |   | TS3ANetwork::ResolveHostName failed error: 11001 (No such host is known. ) 11001
2018-06-25 19:03:25.032201|ERROR   |              |   | TS3ANetwork::ResolveHostName failed error: 11002 (This is usually a temporary error during hostname resolution and means that the local server did not receive a response from an authoritative server. ) 11002
2018-06-30 22:14:14.560784|ERROR   |              |   | TS3ANetwork::ResolveHostName failed error: 11002 (This is usually a temporary error during hostname resolution and means that the local server did not receive a response from an authoritative server. ) 11002
2018-07-01 00:00:55.695187|INFO    |VirtualSvrMgr |   | executing monthly interval
2018-07-01 00:00:55.695187|INFO    |VirtualSvrMgr |   | reset virtualserver traffic statistics
2018-07-01 03:14:23.239638|ERROR   |              |   | TS3ANetwork::ResolveHostName failed error: 11002 (This is usually a temporary error during hostname resolution and means that the local server did not receive a response from an authoritative server. ) 11002
2018-07-17 06:06:53.259189|ERROR   |              |   | TS3ANetwork::ResolveHostName failed error: 11001 (No such host is known. ) 11001
2018-07-24 16:36:16.099092|ERROR   |              |   | TS3ANetwork::ResolveHostName failed error: 11001 (No such host is known. ) 11001
2018-07-24 16:36:16.192826|ERROR   |              |   | TS3ANetwork::ResolveHostName failed error: 11001 (No such host is known. ) 11001
2018-07-24 16:36:16.192826|ERROR   |              |   | TS3ANetwork::ResolveHostName failed error: 11001 (No such host is known. ) 11001
2018-07-24 16:36:16.192826|ERROR   |              |   | TS3ANetwork::ResolveHostName failed error: 11001 (No such host is known. ) 11001
2018-07-24 16:36:16.192826|ERROR   |              |   | TS3ANetwork::ResolveHostName failed error: 11001 (No such host is known. ) 11001
2018-07-24 16:36:16.192826|ERROR   |              |   | TS3ANetwork::ResolveHostName failed error: 11001 (No such host is known. ) 11001
2018-07-24 16:36:16.192826|ERROR   |              |   | TS3ANetwork::ResolveHostName failed error: 11001 (No such host is known. ) 11001
2018-07-24 16:36:16.192826|ERROR   |              |   | TS3ANetwork::ResolveHostName failed error: 11001 (No such host is known. ) 11001
2018-07-24 16:36:16.192826|ERROR   |              |   | TS3ANetwork::ResolveHostName failed error: 11001 (No such host is known. ) 11001
2018-07-24 16:36:16.192826|ERROR   |              |   | TS3ANetwork::ResolveHostName failed error: 11001 (No such host is known. ) 11001
2018-07-24 16:36:16.192826|ERROR   |              |   | TS3ANetwork::ResolveHostName failed error: 11001 (No such host is known. ) 11001
2018-07-24 16:36:16.192826|ERROR   |              |   | TS3ANetwork::ResolveHostName failed error: 11001 (No such host is known. ) 11001
2018-07-24 16:36:16.192826|ERROR   |              |   | TS3ANetwork::ResolveHostName failed error: 11001 (No such host is known. ) 11001
2018-07-24 16:36:16.192826|ERROR   |              |   | TS3ANetwork::ResolveHostName failed error: 11001 (No such host is known. ) 11001
2018-07-24 16:36:16.192826|ERROR   |              |   | TS3ANetwork::ResolveHostName failed error: 11001 (No such host is known. ) 11001
2018-07-24 16:36:16.192826|ERROR   |              |   | TS3ANetwork::ResolveHostName failed error: 11001 (No such host is known. ) 11001
2018-07-24 16:36:16.192826|ERROR   |              |   | TS3ANetwork::ResolveHostName failed error: 11001 (No such host is known. ) 11001
2018-07-24 16:36:16.192826|ERROR   |              |   | TS3ANetwork::ResolveHostName failed error: 11001 (No such host is known. ) 11001
2018-07-24 16:36:16.192826|ERROR   |              |   | TS3ANetwork::ResolveHostName failed error: 11001 (No such host is known. ) 11001
2018-07-24 16:36:16.192826|ERROR   |              |   | TS3ANetwork::ResolveHostName failed error: 11001 (No such host is known. ) 11001
2018-07-24 16:36:16.192826|ERROR   |              |   | TS3ANetwork::ResolveHostName failed error: 11001 (No such host is known. ) 11001
2018-07-24 16:36:16.192826|ERROR   |              |   | TS3ANetwork::ResolveHostName failed error: 11001 (No such host is known. ) 11001
2018-07-24 16:36:16.192826|ERROR   |              |   | TS3ANetwork::ResolveHostName failed error: 11001 (No such host is known. ) 11001
2018-07-24 16:36:16.192826|ERROR   |              |   | TS3ANetwork::ResolveHostName failed error: 11001 (No such host is known. ) 11001
2018-07-24 16:36:16.192826|ERROR   |              |   | TS3ANetwork::ResolveHostName failed error: 11001 (No such host is known. ) 11001
2018-07-24 16:36:16.192826|ERROR   |              |   | TS3ANetwork::ResolveHostName failed error: 11001 (No such host is known. ) 11001
2018-07-24 16:36:16.192826|ERROR   |              |   | TS3ANetwork::ResolveHostName failed error: 11001 (No such host is known. ) 11001
2018-07-24 16:36:16.192826|ERROR   |              |   | TS3ANetwork::ResolveHostName failed error: 11001 (No such host is known. ) 11001
2018-07-24 16:36:16.192826|ERROR   |              |   | TS3ANetwork::ResolveHostName failed error: 11001 (No such host is known. ) 11001
2018-07-24 16:36:16.192826|ERROR   |              |   | TS3ANetwork::ResolveHostName failed error: 11001 (No such host is known. ) 11001
2018-07-24 16:36:16.192826|ERROR   |              |   | TS3ANetwork::ResolveHostName failed error: 11001 (No such host is known. ) 11001
2018-07-24 16:36:16.192826|ERROR   |              |   | TS3ANetwork::ResolveHostName failed error: 11001 (No such host is known. ) 11001
2018-07-24 16:36:16.192826|ERROR   |              |   | TS3ANetwork::ResolveHostName failed error: 11001 (No such host is known. ) 11001
2018-07-24 16:36:16.192826|ERROR   |              |   | TS3ANetwork::ResolveHostName failed error: 11001 (No such host is known. ) 11001
2018-07-24 16:36:16.192826|ERROR   |              |   | TS3ANetwork::ResolveHostName failed error: 11001 (No such host is known. ) 11001
2018-07-24 16:36:16.192826|ERROR   |              |   | TS3ANetwork::ResolveHostName failed error: 11001 (No such host is known. ) 11001
2018-07-24 16:36:16.192826|ERROR   |              |   | TS3ANetwork::ResolveHostName failed error: 11001 (No such host is known. ) 11001
2018-07-24 16:36:16.192826|ERROR   |              |   | TS3ANetwork::ResolveHostName failed error: 11001 (No such host is known. ) 11001
2018-07-24 16:36:16.192826|ERROR   |              |   | TS3ANetwork::ResolveHostName failed error: 11001 (No such host is known. ) 11001
2018-07-24 16:36:16.192826|ERROR   |              |   | TS3ANetwork::ResolveHostName failed error: 11001 (No such host is known. ) 11001
2018-07-24 16:36:16.192826|ERROR   |              |   | TS3ANetwork::ResolveHostName failed error: 11001 (No such host is known. ) 11001
2018-07-24 16:36:16.192826|ERROR   |              |   | TS3ANetwork::ResolveHostName failed error: 11001 (No such host is known. ) 11001
2018-07-24 16:36:16.192826|ERROR   |              |   | TS3ANetwork::ResolveHostName failed error: 11001 (No such host is known. ) 11001
2018-07-24 16:36:16.192826|ERROR   |              |   | TS3ANetwork::ResolveHostName failed error: 11001 (No such host is known. ) 11001
2018-07-24 16:36:16.192826|ERROR   |              |   | TS3ANetwork::ResolveHostName failed error: 11001 (No such host is known. ) 11001
2018-07-24 16:36:16.192826|ERROR   |              |   | TS3ANetwork::ResolveHostName failed error: 11001 (No such host is known. ) 11001
2018-07-24 16:36:16.192826|ERROR   |              |   | TS3ANetwork::ResolveHostName failed error: 11001 (No such host is known. ) 11001
2018-07-24 16:36:16.192826|ERROR   |              |   | TS3ANetwork::ResolveHostName failed error: 11001 (No such host is known. ) 11001
2018-07-24 16:36:16.192826|ERROR   |              |   | TS3ANetwork::ResolveHostName failed error: 11001 (No such host is known. ) 11001
2018-07-24 16:36:16.192826|ERROR   |              |   | TS3ANetwork::ResolveHostName failed error: 11001 (No such host is known. ) 11001
2018-07-24 16:36:16.192826|ERROR   |              |   | TS3ANetwork::ResolveHostName failed error: 11001 (No such host is known. ) 11001
2018-07-24 16:36:16.192826|ERROR   |              |   | TS3ANetwork::ResolveHostName failed error: 11001 (No such host is known. ) 11001
2018-07-24 16:36:16.208439|ERROR   |              |   | TS3ANetwork::ResolveHostName failed error: 11001 (No such host is known. ) 11001
2018-07-24 16:36:16.208439|ERROR   |              |   | TS3ANetwork::ResolveHostName failed error: 11001 (No such host is known. ) 11001
2018-07-24 16:36:16.208439|ERROR   |              |   | TS3ANetwork::ResolveHostName failed error: 11001 (No such host is known. ) 11001
2018-07-24 16:36:16.208439|ERROR   |              |   | TS3ANetwork::ResolveHostName failed error: 11001 (No such host is known. ) 11001
2018-07-24 16:36:16.208439|ERROR   |              |   | TS3ANetwork::ResolveHostName failed error: 11001 (No such host is known. ) 11001
2018-07-24 16:36:16.208439|ERROR   |              |   | TS3ANetwork::ResolveHostName failed error: 11001 (No such host is known. ) 11001
2018-07-24 16:36:16.208439|ERROR   |              |   | TS3ANetwork::ResolveHostName failed error: 11001 (No such host is known. ) 11001
2018-07-24 16:36:16.208439|ERROR   |              |   | TS3ANetwork::ResolveHostName failed error: 11001 (No such host is known. ) 11001
2018-07-24 16:36:16.208439|ERROR   |              |   | TS3ANetwork::ResolveHostName failed error: 11001 (No such host is known. ) 11001
2018-07-24 16:36:16.208439|ERROR   |              |   | TS3ANetwork::ResolveHostName failed error: 11001 (No such host is known. ) 11001
2018-07-24 16:36:16.208439|ERROR   |              |   | TS3ANetwork::ResolveHostName failed error: 11001 (No such host is known. ) 11001
2018-07-24 16:36:16.208439|ERROR   |              |   | TS3ANetwork::ResolveHostName failed error: 11001 (No such host is known. ) 11001
2018-07-24 16:36:16.208439|ERROR   |              |   | TS3ANetwork::ResolveHostName failed error: 11001 (No such host is known. ) 11001
2018-07-24 16:36:16.208439|ERROR   |              |   | TS3ANetwork::ResolveHostName failed error: 11001 (No such host is known. ) 11001
2018-07-24 16:36:16.208439|ERROR   |              |   | TS3ANetwork::ResolveHostName failed error: 11001 (No such host is known. ) 11001
2018-07-24 16:36:16.208439|ERROR   |              |   | TS3ANetwork::ResolveHostName failed error: 11001 (No such host is known. ) 11001
2018-07-24 16:36:16.208439|ERROR   |              |   | TS3ANetwork::ResolveHostName failed error: 11001 (No such host is known. ) 11001
2018-07-24 16:36:16.208439|ERROR   |              |   | TS3ANetwork::ResolveHostName failed error: 11001 (No such host is known. ) 11001
2018-07-24 16:36:16.208439|ERROR   |              |   | TS3ANetwork::ResolveHostName failed error: 11001 (No such host is known. ) 11001
2018-07-24 16:36:16.208439|ERROR   |              |   | TS3ANetwork::ResolveHostName failed error: 11001 (No such host is known. ) 11001
2018-07-24 16:36:16.208439|ERROR   |              |   | TS3ANetwork::ResolveHostName failed error: 11001 (No such host is known. ) 11001
2018-07-24 16:36:16.208439|ERROR   |              |   | TS3ANetwork::ResolveHostName failed error: 11001 (No such host is known. ) 11001
2018-07-24 16:36:16.208439|ERROR   |              |   | TS3ANetwork::ResolveHostName failed error: 11001 (No such host is known. ) 11001
2018-07-24 16:36:16.208439|ERROR   |              |   | TS3ANetwork::ResolveHostName failed error: 11001 (No such host is known. ) 11001
2018-07-24 16:36:16.208439|ERROR   |              |   | TS3ANetwork::ResolveHostName failed error: 11001 (No such host is known. ) 11001
2018-07-24 16:36:16.208439|ERROR   |              |   | TS3ANetwork::ResolveHostName failed error: 11001 (No such host is known. ) 11001
2018-07-24 16:36:16.208439|ERROR   |              |   | TS3ANetwork::ResolveHostName failed error: 11001 (No such host is known. ) 11001
2018-07-24 16:36:16.208439|ERROR   |              |   | TS3ANetwork::ResolveHostName failed error: 11001 (No such host is known. ) 11001
2018-07-24 16:36:16.208439|ERROR   |              |   | TS3ANetwork::ResolveHostName failed error: 11001 (No such host is known. ) 11001
2018-07-24 16:36:16.208439|ERROR   |              |   | TS3ANetwork::ResolveHostName failed error: 11001 (No such host is known. ) 11001
2018-07-24 16:36:16.208439|ERROR   |              |   | TS3ANetwork::ResolveHostName failed error: 11001 (No such host is known. ) 11001
2018-07-24 16:36:16.208439|ERROR   |              |   | TS3ANetwork::ResolveHostName failed error: 11001 (No such host is known. ) 11001
2018-07-24 16:36:16.208439|ERROR   |              |   | TS3ANetwork::ResolveHostName failed error: 11001 (No such host is known. ) 11001
2018-07-24 16:36:16.208439|ERROR   |              |   | TS3ANetwork::ResolveHostName failed error: 11001 (No such host is known. ) 11001
2018-07-24 16:36:16.208439|ERROR   |              |   | TS3ANetwork::ResolveHostName failed error: 11001 (No such host is known. ) 11001
2018-07-24 16:36:16.208439|ERROR   |              |   | TS3ANetwork::ResolveHostName failed error: 11001 (No such host is known. ) 11001
2018-07-24 16:36:16.208439|ERROR   |              |   | TS3ANetwork::ResolveHostName failed error: 11001 (No such host is known. ) 11001
2018-07-24 16:36:16.208439|ERROR   |              |   | TS3ANetwork::ResolveHostName failed error: 11001 (No such host is known. ) 11001
2018-07-24 16:36:16.208439|ERROR   |              |   | TS3ANetwork::ResolveHostName failed error: 11001 (No such host is known. ) 11001
2018-07-24 16:36:16.208439|ERROR   |              |   | TS3ANetwork::ResolveHostName failed error: 11001 (No such host is known. ) 11001
2018-07-24 16:36:16.208439|ERROR   |              |   | TS3ANetwork::ResolveHostName failed error: 11001 (No such host is known. ) 11001
2018-07-24 16:36:16.208439|ERROR   |              |   | TS3ANetwork::ResolveHostName failed error: 11001 (No such host is known. ) 11001
2018-07-24 16:36:16.208439|ERROR   |              |   | TS3ANetwork::ResolveHostName failed error: 11001 (No such host is known. ) 11001
2018-07-24 16:36:16.208439|ERROR   |              |   | TS3ANetwork::ResolveHostName failed error: 11001 (No such host is known. ) 11001
2018-07-24 16:36:16.208439|ERROR   |              |   | TS3ANetwork::ResolveHostName failed error: 11001 (No such host is known. ) 11001
2018-07-24 16:36:16.208439|ERROR   |              |   | TS3ANetwork::ResolveHostName failed error: 11001 (No such host is known. ) 11001
2018-07-24 16:36:16.208439|ERROR   |              |   | TS3ANetwork::ResolveHostName failed error: 11001 (No such host is known. ) 11001
2018-07-24 16:36:16.208439|ERROR   |              |   | TS3ANetwork::ResolveHostName failed error: 11001 (No such host is known. ) 11001
2018-07-24 16:36:16.208439|ERROR   |              |   | TS3ANetwork::ResolveHostName failed error: 11001 (No such host is known. ) 11001
2018-07-24 16:36:16.208439|ERROR   |              |   | TS3ANetwork::ResolveHostName failed error: 11001 (No such host is known. ) 11001
2018-07-24 16:36:16.208439|ERROR   |              |   | TS3ANetwork::ResolveHostName failed error: 11001 (No such host is known. ) 11001
2018-07-24 16:36:16.208439|ERROR   |              |   | TS3ANetwork::ResolveHostName failed error: 11001 (No such host is known. ) 11001
2018-07-24 16:36:16.208439|ERROR   |              |   | TS3ANetwork::ResolveHostName failed error: 11001 (No such host is known. ) 11001
2018-07-24 16:36:16.208439|ERROR   |              |   | TS3ANetwork::ResolveHostName failed error: 11001 (No such host is known. ) 11001
2018-07-24 16:36:16.208439|ERROR   |              |   | TS3ANetwork::ResolveHostName failed error: 11001 (No such host is known. ) 11001
2018-07-24 16:36:16.208439|ERROR   |              |   | TS3ANetwork::ResolveHostName failed error: 11001 (No such host is known. ) 11001
2018-07-24 16:36:16.208439|ERROR   |              |   | TS3ANetwork::ResolveHostName failed error: 11001 (No such host is known. ) 11001
2018-07-24 16:36:16.208439|ERROR   |              |   | TS3ANetwork::ResolveHostName failed error: 11001 (No such host is known. ) 11001
2018-07-24 16:36:16.208439|ERROR   |              |   | TS3ANetwork::ResolveHostName failed error: 11001 (No such host is known. ) 11001
2018-07-24 16:36:16.208439|ERROR   |              |   | TS3ANetwork::ResolveHostName failed error: 11001 (No such host is known. ) 11001
2018-07-24 16:36:16.208439|ERROR   |              |   | TS3ANetwork::ResolveHostName failed error: 11001 (No such host is known. ) 11001
2018-07-24 16:36:16.208439|ERROR   |              |   | TS3ANetwork::ResolveHostName failed error: 11001 (No such host is known. ) 11001
2018-07-24 16:36:16.208439|ERROR   |              |   | TS3ANetwork::ResolveHostName failed error: 11001 (No such host is known. ) 11001
2018-07-24 16:36:16.208439|ERROR   |              |   | TS3ANetwork::ResolveHostName failed error: 11001 (No such host is known. ) 11001
2018-07-24 16:36:16.208439|ERROR   |              |   | TS3ANetwork::ResolveHostName failed error: 11001 (No such host is known. ) 11001
2018-07-24 16:36:16.208439|ERROR   |              |   | TS3ANetwork::ResolveHostName failed error: 11001 (No such host is known. ) 11001
2018-07-24 16:36:16.208439|ERROR   |              |   | TS3ANetwork::ResolveHostName failed error: 11001 (No such host is known. ) 11001
2018-07-24 16:36:16.208439|ERROR   |              |   | TS3ANetwork::ResolveHostName failed error: 11001 (No such host is known. ) 11001
2018-07-24 16:36:16.208439|ERROR   |              |   | TS3ANetwork::ResolveHostName failed error: 11001 (No such host is known. ) 11001
2018-07-24 16:36:16.208439|ERROR   |              |   | TS3ANetwork::ResolveHostName failed error: 11001 (No such host is known. ) 11001
2018-07-24 16:36:16.208439|ERROR   |              |   | TS3ANetwork::ResolveHostName failed error: 11001 (No such host is known. ) 11001
2018-07-24 16:36:16.208439|ERROR   |              |   | TS3ANetwork::ResolveHostName failed error: 11001 (No such host is known. ) 11001
2018-07-24 16:36:16.208439|ERROR   |              |   | TS3ANetwork::ResolveHostName failed error: 11001 (No such host is known. ) 11001
2018-07-24 16:36:16.208439|ERROR   |              |   | TS3ANetwork::ResolveHostName failed error: 11001 (No such host is known. ) 11001
2018-07-24 16:36:16.208439|ERROR   |              |   | TS3ANetwork::ResolveHostName failed error: 11001 (No such host is known. ) 11001
2018-07-24 16:36:16.208439|ERROR   |              |   | TS3ANetwork::ResolveHostName failed error: 11001 (No such host is known. ) 11001
2018-07-24 16:36:16.208439|ERROR   |              |   | TS3ANetwork::ResolveHostName failed error: 11001 (No such host is known. ) 11001
2018-07-24 16:36:16.208439|ERROR   |              |   | TS3ANetwork::ResolveHostName failed error: 11001 (No such host is known. ) 11001
2018-07-24 16:36:16.208439|ERROR   |              |   | TS3ANetwork::ResolveHostName failed error: 11001 (No such host is known. ) 11001
2018-07-24 16:36:16.208439|ERROR   |              |   | TS3ANetwork::ResolveHostName failed error: 11001 (No such host is known. ) 11001
2018-07-24 16:36:16.208439|ERROR   |              |   | TS3ANetwork::ResolveHostName failed error: 11001 (No such host is known. ) 11001
2018-07-24 16:36:16.208439|ERROR   |              |   | TS3ANetwork::ResolveHostName failed error: 11001 (No such host is known. ) 11001
2018-07-24 16:36:16.208439|ERROR   |              |   | TS3ANetwork::ResolveHostName failed error: 11001 (No such host is known. ) 11001
2018-07-24 16:36:16.208439|ERROR   |              |   | TS3ANetwork::ResolveHostName failed error: 11001 (No such host is known. ) 11001
2018-07-24 16:36:16.208439|ERROR   |              |   | TS3ANetwork::ResolveHostName failed error: 11001 (No such host is known. ) 11001
2018-07-24 16:36:16.208439|ERROR   |              |   | TS3ANetwork::ResolveHostName failed error: 11001 (No such host is known. ) 11001
2018-07-24 16:36:16.208439|ERROR   |              |   | TS3ANetwork::ResolveHostName failed error: 11001 (No such host is known. ) 11001
2018-07-24 16:36:16.208439|ERROR   |              |   | TS3ANetwork::ResolveHostName failed error: 11001 (No such host is known. ) 11001
2018-07-24 16:36:16.208439|ERROR   |              |   | TS3ANetwork::ResolveHostName failed error: 11001 (No such host is known. ) 11001
2018-07-24 16:36:16.208439|ERROR   |              |   | TS3ANetwork::ResolveHostName failed error: 11001 (No such host is known. ) 11001
2018-07-24 16:36:16.208439|ERROR   |              |   | TS3ANetwork::ResolveHostName failed error: 11001 (No such host is known. ) 11001
2018-07-24 16:36:16.208439|ERROR   |              |   | TS3ANetwork::ResolveHostName failed error: 11001 (No such host is known. ) 11001
2018-07-24 16:36:16.208439|ERROR   |              |   | TS3ANetwork::ResolveHostName failed error: 11001 (No such host is known. ) 11001
2018-07-24 16:36:16.208439|ERROR   |              |   | TS3ANetwork::ResolveHostName failed error: 11001 (No such host is known. ) 11001
2018-07-24 16:36:16.208439|ERROR   |              |   | TS3ANetwork::ResolveHostName failed error: 11001 (No such host is known. ) 11001
2018-07-24 16:36:16.208439|ERROR   |              |   | TS3ANetwork::ResolveHostName failed error: 11001 (No such host is known. ) 11001
2018-07-24 16:36:16.208439|ERROR   |              |   | TS3ANetwork::ResolveHostName failed error: 11001 (No such host is known. ) 11001
2018-07-24 16:36:16.208439|ERROR   |              |   | TS3ANetwork::ResolveHostName failed error: 11001 (No such host is known. ) 11001
2018-07-24 16:36:16.208439|ERROR   |              |   | TS3ANetwork::ResolveHostName failed error: 11001 (No such host is known. ) 11001
2018-07-24 16:36:16.208439|ERROR   |              |   | TS3ANetwork::ResolveHostName failed error: 11001 (No such host is known. ) 11001
2018-07-24 16:36:16.208439|ERROR   |              |   | TS3ANetwork::ResolveHostName failed error: 11001 (No such host is known. ) 11001
2018-07-24 16:36:16.208439|ERROR   |              |   | TS3ANetwork::ResolveHostName failed error: 11001 (No such host is known. ) 11001
2018-07-24 16:36:16.208439|ERROR   |              |   | TS3ANetwork::ResolveHostName failed error: 11001 (No such host is known. ) 11001
2018-07-24 16:36:16.208439|ERROR   |              |   | TS3ANetwork::ResolveHostName failed error: 11001 (No such host is known. ) 11001
2018-07-24 16:36:16.208439|ERROR   |              |   | TS3ANetwork::ResolveHostName failed error: 11001 (No such host is known. ) 11001
2018-07-24 16:36:16.208439|ERROR   |              |   | TS3ANetwork::ResolveHostName failed error: 11001 (No such host is known. ) 11001
2018-07-24 16:36:16.208439|ERROR   |              |   | TS3ANetwork::ResolveHostName failed error: 11001 (No such host is known. ) 11001
2018-07-24 16:36:16.208439|ERROR   |              |   | TS3ANetwork::ResolveHostName failed error: 11001 (No such host is known. ) 11001
2018-07-24 16:36:16.208439|ERROR   |              |   | TS3ANetwork::ResolveHostName failed error: 11001 (No such host is known. ) 11001
2018-07-24 16:36:16.208439|ERROR   |              |   | TS3ANetwork::ResolveHostName failed error: 11001 (No such host is known. ) 11001
2018-07-24 16:36:16.208439|ERROR   |              |   | TS3ANetwork::ResolveHostName failed error: 11001 (No such host is known. ) 11001
2018-07-24 16:36:16.208439|ERROR   |              |   | TS3ANetwork::ResolveHostName failed error: 11001 (No such host is known. ) 11001
2018-07-24 16:36:16.208439|ERROR   |              |   | TS3ANetwork::ResolveHostName failed error: 11001 (No such host is known. ) 11001
2018-07-24 16:36:16.208439|ERROR   |              |   | TS3ANetwork::ResolveHostName failed error: 11001 (No such host is known. ) 11001
2018-07-24 16:36:16.208439|ERROR   |              |   | TS3ANetwork::ResolveHostName failed error: 11001 (No such host is known. ) 11001
2018-07-24 16:36:16.208439|ERROR   |              |   | TS3ANetwork::ResolveHostName failed error: 11001 (No such host is known. ) 11001
2018-07-24 16:36:16.208439|ERROR   |              |   | TS3ANetwork::ResolveHostName failed error: 11001 (No such host is known. ) 11001
2018-07-24 16:36:16.208439|ERROR   |              |   | TS3ANetwork::ResolveHostName failed error: 11001 (No such host is known. ) 11001
2018-07-24 16:36:16.208439|ERROR   |              |   | TS3ANetwork::ResolveHostName failed error: 11001 (No such host is known. ) 11001
2018-07-24 16:36:16.208439|ERROR   |              |   | TS3ANetwork::ResolveHostName failed error: 11001 (No such host is known. ) 11001
2018-07-24 16:36:16.224062|ERROR   |              |   | TS3ANetwork::ResolveHostName failed error: 11001 (No such host is known. ) 11001
2018-07-24 16:36:16.224062|ERROR   |              |   | TS3ANetwork::ResolveHostName failed error: 11001 (No such host is known. ) 11001
2018-07-24 16:36:16.224062|ERROR   |              |   | TS3ANetwork::ResolveHostName failed error: 11001 (No such host is known. ) 11001
2018-07-24 16:36:16.224062|ERROR   |              |   | TS3ANetwork::ResolveHostName failed error: 11001 (No such host is known. ) 11001
2018-07-24 16:36:16.224062|ERROR   |              |   | TS3ANetwork::ResolveHostName failed error: 11001 (No such host is known. ) 11001
2018-07-24 16:36:16.224062|ERROR   |              |   | TS3ANetwork::ResolveHostName failed error: 11001 (No such host is known. ) 11001
2018-07-24 16:36:16.224062|ERROR   |              |   | TS3ANetwork::ResolveHostName failed error: 11001 (No such host is known. ) 11001
2018-07-24 16:36:16.224062|ERROR   |              |   | TS3ANetwork::ResolveHostName failed error: 11001 (No such host is known. ) 11001
2018-07-24 16:36:16.224062|ERROR   |              |   | TS3ANetwork::ResolveHostName failed error: 11001 (No such host is known. ) 11001
2018-07-24 16:36:16.224062|ERROR   |              |   | TS3ANetwork::ResolveHostName failed error: 11001 (No such host is known. ) 11001
2018-07-24 16:36:16.224062|ERROR   |              |   | TS3ANetwork::ResolveHostName failed error: 11001 (No such host is known. ) 11001
2018-07-24 16:36:16.224062|ERROR   |              |   | TS3ANetwork::ResolveHostName failed error: 11001 (No such host is known. ) 11001
2018-07-24 16:36:16.224062|ERROR   |              |   | TS3ANetwork::ResolveHostName failed error: 11001 (No such host is known. ) 11001
2018-07-24 16:36:16.224062|ERROR   |              |   | TS3ANetwork::ResolveHostName failed error: 11001 (No such host is known. ) 11001
2018-07-24 16:36:16.224062|ERROR   |              |   | TS3ANetwork::ResolveHostName failed error: 11001 (No such host is known. ) 11001
2018-07-24 16:36:16.224062|ERROR   |              |   | TS3ANetwork::ResolveHostName failed error: 11001 (No such host is known. ) 11001
2018-07-24 16:36:16.224062|ERROR   |              |   | TS3ANetwork::ResolveHostName failed error: 11001 (No such host is known. ) 11001
2018-07-24 16:36:16.224062|ERROR   |              |   | TS3ANetwork::ResolveHostName failed error: 11001 (No such host is known. ) 11001
2018-07-24 16:36:16.224062|ERROR   |              |   | TS3ANetwork::ResolveHostName failed error: 11001 (No such host is known. ) 11001
2018-07-24 16:36:16.224062|ERROR   |              |   | TS3ANetwork::ResolveHostName failed error: 11001 (No such host is known. ) 11001
2018-07-24 16:36:16.224062|ERROR   |              |   | TS3ANetwork::ResolveHostName failed error: 11001 (No such host is known. ) 11001
2018-07-24 16:36:16.224062|ERROR   |              |   | TS3ANetwork::ResolveHostName failed error: 11001 (No such host is known. ) 11001
2018-07-24 16:36:16.224062|ERROR   |              |   | TS3ANetwork::ResolveHostName failed error: 11001 (No such host is known. ) 11001
2018-07-24 16:36:16.224062|ERROR   |              |   | TS3ANetwork::ResolveHostName failed error: 11001 (No such host is known. ) 11001
2018-07-24 16:36:16.224062|ERROR   |              |   | TS3ANetwork::ResolveHostName failed error: 11001 (No such host is known. ) 11001
2018-07-24 16:36:16.224062|ERROR   |              |   | TS3ANetwork::ResolveHostName failed error: 11001 (No such host is known. ) 11001
2018-07-24 16:36:16.224062|ERROR   |              |   | TS3ANetwork::ResolveHostName failed error: 11001 (No such host is known. ) 11001
2018-07-24 16:36:16.224062|ERROR   |              |   | TS3ANetwork::ResolveHostName failed error: 11001 (No such host is known. ) 11001
2018-07-24 16:36:16.224062|ERROR   |              |   | TS3ANetwork::ResolveHostName failed error: 11001 (No such host is known. ) 11001
2018-07-24 16:36:16.224062|ERROR   |              |   | TS3ANetwork::ResolveHostName failed error: 11001 (No such host is known. ) 11001
2018-07-24 16:36:16.224062|ERROR   |              |   | TS3ANetwork::ResolveHostName failed error: 11001 (No such host is known. ) 11001
2018-07-24 16:36:16.224062|ERROR   |              |   | TS3ANetwork::ResolveHostName failed error: 11001 (No such host is known. ) 11001
2018-07-24 16:36:16.224062|ERROR   |              |   | TS3ANetwork::ResolveHostName failed error: 11001 (No such host is known. ) 11001
2018-07-24 16:36:16.224062|ERROR   |              |   | TS3ANetwork::ResolveHostName failed error: 11001 (No such host is known. ) 11001
2018-07-24 16:36:16.224062|ERROR   |              |   | TS3ANetwork::ResolveHostName failed error: 11001 (No such host is known. ) 11001
2018-07-24 16:36:16.224062|ERROR   |              |   | TS3ANetwork::ResolveHostName failed error: 11001 (No such host is known. ) 11001
2018-07-24 16:36:16.224062|ERROR   |              |   | TS3ANetwork::ResolveHostName failed error: 11001 (No such host is known. ) 11001
2018-07-24 16:36:16.224062|ERROR   |              |   | TS3ANetwork::ResolveHostName failed error: 11001 (No such host is known. ) 11001
2018-07-24 16:36:16.224062|ERROR   |              |   | TS3ANetwork::ResolveHostName failed error: 11001 (No such host is known. ) 11001
2018-07-24 16:36:16.224062|ERROR   |              |   | TS3ANetwork::ResolveHostName failed error: 11001 (No such host is known. ) 11001
2018-07-24 16:36:16.224062|ERROR   |              |   | TS3ANetwork::ResolveHostName failed error: 11001 (No such host is known. ) 11001
2018-07-24 16:36:16.224062|ERROR   |              |   | TS3ANetwork::ResolveHostName failed error: 11001 (No such host is known. ) 11001
2018-07-24 16:36:16.224062|ERROR   |              |   | TS3ANetwork::ResolveHostName failed error: 11001 (No such host is known. ) 11001
2018-07-24 16:36:16.224062|ERROR   |              |   | TS3ANetwork::ResolveHostName failed error: 11001 (No such host is known. ) 11001
2018-07-24 16:36:16.224062|ERROR   |              |   | TS3ANetwork::ResolveHostName failed error: 11001 (No such host is known. ) 11001
2018-07-24 16:36:16.224062|ERROR   |              |   | TS3ANetwork::ResolveHostName failed error: 11001 (No such host is known. ) 11001
2018-07-24 16:36:16.224062|ERROR   |              |   | TS3ANetwork::ResolveHostName failed error: 11001 (No such host is known. ) 11001
2018-07-24 16:36:16.224062|ERROR   |              |   | TS3ANetwork::ResolveHostName failed error: 11001 (No such host is known. ) 11001
2018-07-24 16:36:16.224062|ERROR   |              |   | TS3ANetwork::ResolveHostName failed error: 11001 (No such host is known. ) 11001
2018-07-24 16:36:16.224062|ERROR   |              |   | TS3ANetwork::ResolveHostName failed error: 11001 (No such host is known. ) 11001
2018-07-24 16:36:16.224062|ERROR   |              |   | TS3ANetwork::ResolveHostName failed error: 11001 (No such host is known. ) 11001
2018-07-24 16:36:16.224062|ERROR   |              |   | TS3ANetwork::ResolveHostName failed error: 11001 (No such host is known. ) 11001
2018-07-24 16:36:16.224062|ERROR   |              |   | TS3ANetwork::ResolveHostName failed error: 11001 (No such host is known. ) 11001
2018-07-24 16:36:16.224062|ERROR   |              |   | TS3ANetwork::ResolveHostName failed error: 11001 (No such host is known. ) 11001
2018-07-24 16:36:16.224062|ERROR   |              |   | TS3ANetwork::ResolveHostName failed error: 11001 (No such host is known. ) 11001
2018-07-24 16:36:16.224062|ERROR   |              |   | TS3ANetwork::ResolveHostName failed error: 11001 (No such host is known. ) 11001
2018-07-24 16:36:16.224062|ERROR   |              |   | TS3ANetwork::ResolveHostName failed error: 11001 (No such host is known. ) 11001
2018-07-24 16:36:16.224062|ERROR   |              |   | TS3ANetwork::ResolveHostName failed error: 11001 (No such host is known. ) 11001
2018-07-24 16:36:16.224062|ERROR   |              |   | TS3ANetwork::ResolveHostName failed error: 11001 (No such host is known. ) 11001
2018-07-24 16:36:16.224062|ERROR   |              |   | TS3ANetwork::ResolveHostName failed error: 11001 (No such host is known. ) 11001
2018-07-24 16:36:16.224062|ERROR   |              |   | TS3ANetwork::ResolveHostName failed error: 11001 (No such host is known. ) 11001
2018-07-24 16:36:16.224062|ERROR   |              |   | TS3ANetwork::ResolveHostName failed error: 11001 (No such host is known. ) 11001
2018-07-24 16:36:16.224062|ERROR   |              |   | TS3ANetwork::ResolveHostName failed error: 11001 (No such host is known. ) 11001
2018-07-24 16:36:16.224062|ERROR   |              |   | TS3ANetwork::ResolveHostName failed error: 11001 (No such host is known. ) 11001
2018-07-24 16:36:16.224062|ERROR   |              |   | TS3ANetwork::ResolveHostName failed error: 11001 (No such host is known. ) 11001
2018-07-24 16:36:16.224062|ERROR   |              |   | TS3ANetwork::ResolveHostName failed error: 11001 (No such host is known. ) 11001
2018-07-24 16:36:16.224062|ERROR   |              |   | TS3ANetwork::ResolveHostName failed error: 11001 (No such host is known. ) 11001
2018-07-24 16:36:16.224062|ERROR   |              |   | TS3ANetwork::ResolveHostName failed error: 11001 (No such host is known. ) 11001
2018-07-24 16:36:16.224062|ERROR   |              |   | TS3ANetwork::ResolveHostName failed error: 11001 (No such host is known. ) 11001
2018-07-24 16:36:16.224062|ERROR   |              |   | TS3ANetwork::ResolveHostName failed error: 11001 (No such host is known. ) 11001
2018-07-24 16:36:16.224062|ERROR   |              |   | TS3ANetwork::ResolveHostName failed error: 11001 (No such host is known. ) 11001
2018-07-24 16:36:16.224062|ERROR   |              |   | TS3ANetwork::ResolveHostName failed error: 11001 (No such host is known. ) 11001
2018-07-24 16:36:16.224062|ERROR   |              |   | TS3ANetwork::ResolveHostName failed error: 11001 (No such host is known. ) 11001
2018-07-24 16:36:16.224062|ERROR   |              |   | TS3ANetwork::ResolveHostName failed error: 11001 (No such host is known. ) 11001
2018-07-24 16:36:16.224062|ERROR   |              |   | TS3ANetwork::ResolveHostName failed error: 11001 (No such host is known. ) 11001
2018-07-24 16:36:16.224062|ERROR   |              |   | TS3ANetwork::ResolveHostName failed error: 11001 (No such host is known. ) 11001
2018-07-24 16:36:16.224062|ERROR   |              |   | TS3ANetwork::ResolveHostName failed error: 11001 (No such host is known. ) 11001
2018-07-24 16:36:16.224062|ERROR   |              |   | TS3ANetwork::ResolveHostName failed error: 11001 (No such host is known. ) 11001
2018-07-24 16:36:16.224062|ERROR   |              |   | TS3ANetwork::ResolveHostName failed error: 11001 (No such host is known. ) 11001
2018-07-24 16:36:16.224062|ERROR   |              |   | TS3ANetwork::ResolveHostName failed error: 11001 (No such host is known. ) 11001
2018-07-24 16:36:16.224062|ERROR   |              |   | TS3ANetwork::ResolveHostName failed error: 11001 (No such host is known. ) 11001
2018-07-24 16:36:16.224062|ERROR   |              |   | TS3ANetwork::ResolveHostName failed error: 11001 (No such host is known. ) 11001
2018-07-24 16:36:16.224062|ERROR   |              |   | TS3ANetwork::ResolveHostName failed error: 11001 (No such host is known. ) 11001
2018-07-24 16:36:16.224062|ERROR   |              |   | TS3ANetwork::ResolveHostName failed error: 11001 (No such host is known. ) 11001
2018-07-24 16:36:16.224062|ERROR   |              |   | TS3ANetwork::ResolveHostName failed error: 11001 (No such host is known. ) 11001
2018-07-24 16:36:16.224062|ERROR   |              |   | TS3ANetwork::ResolveHostName failed error: 11001 (No such host is known. ) 11001
2018-07-24 16:36:16.224062|ERROR   |              |   | TS3ANetwork::ResolveHostName failed error: 11001 (No such host is known. ) 11001
2018-07-24 16:36:16.224062|ERROR   |              |   | TS3ANetwork::ResolveHostName failed error: 11001 (No such host is known. ) 11001
2018-07-24 16:36:16.224062|ERROR   |              |   | TS3ANetwork::ResolveHostName failed error: 11001 (No such host is known. ) 11001
2018-07-24 16:36:16.224062|ERROR   |              |   | TS3ANetwork::ResolveHostName failed error: 11001 (No such host is known. ) 11001
2018-07-24 16:36:16.224062|ERROR   |              |   | TS3ANetwork::ResolveHostName failed error: 11001 (No such host is known. ) 11001
2018-07-24 16:36:16.224062|ERROR   |              |   | TS3ANetwork::ResolveHostName failed error: 11001 (No such host is known. ) 11001
2018-07-24 16:36:16.224062|ERROR   |              |   | TS3ANetwork::ResolveHostName failed error: 11001 (No such host is known. ) 11001
2018-07-24 16:36:16.224062|ERROR   |              |   | TS3ANetwork::ResolveHostName failed error: 11001 (No such host is known. ) 11001
2018-07-24 16:36:16.224062|ERROR   |              |   | TS3ANetwork::ResolveHostName failed error: 11001 (No such host is known. ) 11001
2018-07-24 16:36:16.224062|ERROR   |              |   | TS3ANetwork::ResolveHostName failed error: 11001 (No such host is known. ) 11001
2018-07-24 16:36:16.224062|ERROR   |              |   | TS3ANetwork::ResolveHostName failed error: 11001 (No such host is known. ) 11001
2018-07-24 16:36:16.224062|ERROR   |              |   | TS3ANetwork::ResolveHostName failed error: 11001 (No such host is known. ) 11001
2018-07-24 16:36:16.224062|ERROR   |              |   | TS3ANetwork::ResolveHostName failed error: 11001 (No such host is known. ) 11001
2018-07-24 16:36:16.224062|ERROR   |              |   | TS3ANetwork::ResolveHostName failed error: 11001 (No such host is known. ) 11001
2018-07-24 16:36:16.224062|ERROR   |              |   | TS3ANetwork::ResolveHostName failed error: 11001 (No such host is known. ) 11001
2018-07-24 16:36:16.224062|ERROR   |              |   | TS3ANetwork::ResolveHostName failed error: 11001 (No such host is known. ) 11001
2018-07-24 16:36:16.224062|ERROR   |              |   | TS3ANetwork::ResolveHostName failed error: 11001 (No such host is known. ) 11001
2018-07-24 16:36:16.224062|ERROR   |              |   | TS3ANetwork::ResolveHostName failed error: 11001 (No such host is known. ) 11001
2018-07-24 16:36:16.224062|ERROR   |              |   | TS3ANetwork::ResolveHostName failed error: 11001 (No such host is known. ) 11001
2018-07-24 16:36:16.224062|ERROR   |              |   | TS3ANetwork::ResolveHostName failed error: 11001 (No such host is known. ) 11001
2018-07-24 16:36:16.224062|ERROR   |              |   | TS3ANetwork::ResolveHostName failed error: 11001 (No such host is known. ) 11001
2018-07-24 16:36:16.224062|ERROR   |              |   | TS3ANetwork::ResolveHostName failed error: 11001 (No such host is known. ) 11001
2018-07-24 16:36:16.224062|ERROR   |              |   | TS3ANetwork::ResolveHostName failed error: 11001 (No such host is known. ) 11001
2018-07-24 16:36:16.224062|ERROR   |              |   | TS3ANetwork::ResolveHostName failed error: 11001 (No such host is known. ) 11001
2018-07-24 16:36:16.240725|ERROR   |              |   | TS3ANetwork::ResolveHostName failed error: 11001 (No such host is known. ) 11001
2018-07-24 16:36:16.240725|ERROR   |              |   | TS3ANetwork::ResolveHostName failed error: 11001 (No such host is known. ) 11001
2018-07-24 16:36:16.240725|ERROR   |              |   | TS3ANetwork::ResolveHostName failed error: 11001 (No such host is known. ) 11001
2018-07-24 16:36:16.240725|ERROR   |              |   | TS3ANetwork::ResolveHostName failed error: 11001 (No such host is known. ) 11001
2018-07-24 16:36:16.240725|ERROR   |              |   | TS3ANetwork::ResolveHostName failed error: 11001 (No such host is known. ) 11001
2018-07-24 16:36:16.240725|ERROR   |              |   | TS3ANetwork::ResolveHostName failed error: 11001 (No such host is known. ) 11001
2018-07-24 16:36:16.240725|ERROR   |              |   | TS3ANetwork::ResolveHostName failed error: 11001 (No such host is known. ) 11001
2018-07-24 16:36:16.240725|ERROR   |              |   | TS3ANetwork::ResolveHostName failed error: 11001 (No such host is known. ) 11001
2018-07-24 16:36:16.240725|ERROR   |              |   | TS3ANetwork::ResolveHostName failed error: 11001 (No such host is known. ) 11001
2018-07-24 16:36:16.240725|ERROR   |              |   | TS3ANetwork::ResolveHostName failed error: 11001 (No such host is known. ) 11001
2018-07-24 16:36:16.240725|ERROR   |              |   | TS3ANetwork::ResolveHostName failed error: 11001 (No such host is known. ) 11001
2018-07-24 16:36:16.240725|ERROR   |              |   | TS3ANetwork::ResolveHostName failed error: 11001 (No such host is known. ) 11001
2018-07-24 16:36:16.240725|ERROR   |              |   | TS3ANetwork::ResolveHostName failed error: 11001 (No such host is known. ) 11001
2018-07-24 16:36:16.240725|ERROR   |              |   | TS3ANetwork::ResolveHostName failed error: 11001 (No such host is known. ) 11001
2018-07-24 16:36:16.240725|ERROR   |              |   | TS3ANetwork::ResolveHostName failed error: 11001 (No such host is known. ) 11001
2018-07-24 16:36:16.240725|ERROR   |              |   | TS3ANetwork::ResolveHostName failed error: 11001 (No such host is known. ) 11001
2018-07-24 16:36:16.240725|ERROR   |              |   | TS3ANetwork::ResolveHostName failed error: 11001 (No such host is known. ) 11001
2018-07-24 16:36:16.240725|ERROR   |              |   | TS3ANetwork::ResolveHostName failed error: 11001 (No such host is known. ) 11001
2018-07-24 16:36:16.240725|ERROR   |              |   | TS3ANetwork::ResolveHostName failed error: 11001 (No such host is known. ) 11001
2018-07-24 16:36:16.240725|ERROR   |              |   | TS3ANetwork::ResolveHostName failed error: 11001 (No such host is known. ) 11001
2018-07-24 16:36:16.240725|ERROR   |              |   | TS3ANetwork::ResolveHostName failed error: 11001 (No such host is known. ) 11001
2018-07-24 16:36:16.240725|ERROR   |              |   | TS3ANetwork::ResolveHostName failed error: 11001 (No such host is known. ) 11001
2018-07-24 16:36:16.240725|ERROR   |              |   | TS3ANetwork::ResolveHostName failed error: 11001 (No such host is known. ) 11001
2018-07-24 16:36:16.240725|ERROR   |              |   | TS3ANetwork::ResolveHostName failed error: 11001 (No such host is known. ) 11001
2018-07-24 16:36:16.240725|ERROR   |              |   | TS3ANetwork::ResolveHostName failed error: 11001 (No such host is known. ) 11001
2018-07-24 16:36:16.240725|ERROR   |              |   | TS3ANetwork::ResolveHostName failed error: 11001 (No such host is known. ) 11001
2018-07-24 16:36:16.240725|ERROR   |              |   | TS3ANetwork::ResolveHostName failed error: 11001 (No such host is known. ) 11001
2018-07-24 16:36:16.240725|ERROR   |              |   | TS3ANetwork::ResolveHostName failed error: 11001 (No such host is known. ) 11001
2018-07-24 16:36:16.240725|ERROR   |              |   | TS3ANetwork::ResolveHostName failed error: 11001 (No such host is known. ) 11001
2018-07-24 16:36:16.240725|ERROR   |              |   | TS3ANetwork::ResolveHostName failed error: 11001 (No such host is known. ) 11001
2018-07-24 16:36:16.240725|ERROR   |              |   | TS3ANetwork::ResolveHostName failed error: 11001 (No such host is known. ) 11001
2018-07-24 16:36:16.240725|ERROR   |              |   | TS3ANetwork::ResolveHostName failed error: 11001 (No such host is known. ) 11001
2018-07-24 16:36:16.240725|ERROR   |              |   | TS3ANetwork::ResolveHostName failed error: 11001 (No such host is known. ) 11001
2018-07-24 16:36:16.240725|ERROR   |              |   | TS3ANetwork::ResolveHostName failed error: 11001 (No such host is known. ) 11001
2018-07-24 16:36:16.240725|ERROR   |              |   | TS3ANetwork::ResolveHostName failed error: 11001 (No such host is known. ) 11001
2018-07-24 16:36:16.240725|ERROR   |              |   | TS3ANetwork::ResolveHostName failed error: 11001 (No such host is known. ) 11001
2018-07-24 16:36:16.240725|ERROR   |              |   | TS3ANetwork::ResolveHostName failed error: 11001 (No such host is known. ) 11001
2018-07-24 16:36:16.240725|ERROR   |              |   | TS3ANetwork::ResolveHostName failed error: 11001 (No such host is known. ) 11001
2018-07-24 16:36:16.240725|ERROR   |              |   | TS3ANetwork::ResolveHostName failed error: 11001 (No such host is known. ) 11001
2018-07-24 16:36:16.240725|ERROR   |              |   | TS3ANetwork::ResolveHostName failed error: 11001 (No such host is known. ) 11001
2018-07-24 16:36:16.240725|ERROR   |              |   | TS3ANetwork::ResolveHostName failed error: 11001 (No such host is known. ) 11001
2018-07-24 16:36:16.240725|ERROR   |              |   | TS3ANetwork::ResolveHostName failed error: 11001 (No such host is known. ) 11001
2018-07-24 16:36:16.240725|ERROR   |              |   | TS3ANetwork::ResolveHostName failed error: 11001 (No such host is known. ) 11001
2018-07-24 16:36:16.240725|ERROR   |              |   | TS3ANetwork::ResolveHostName failed error: 11001 (No such host is known. ) 11001
2018-07-24 16:36:16.240725|ERROR   |              |   | TS3ANetwork::ResolveHostName failed error: 11001 (No such host is known. ) 11001
2018-07-24 16:36:16.240725|ERROR   |              |   | TS3ANetwork::ResolveHostName failed error: 11001 (No such host is known. ) 11001
2018-07-24 16:36:16.240725|ERROR   |              |   | TS3ANetwork::ResolveHostName failed error: 11001 (No such host is known. ) 11001
2018-07-24 16:36:16.240725|ERROR   |              |   | TS3ANetwork::ResolveHostName failed error: 11001 (No such host is known. ) 11001
2018-07-24 16:36:16.240725|ERROR   |              |   | TS3ANetwork::ResolveHostName failed error: 11001 (No such host is known. ) 11001
2018-07-24 16:36:16.240725|ERROR   |              |   | TS3ANetwork::ResolveHostName failed error: 11001 (No such host is known. ) 11001
2018-07-24 16:36:16.240725|ERROR   |              |   | TS3ANetwork::ResolveHostName failed error: 11001 (No such host is known. ) 11001
2018-07-24 16:36:16.240725|ERROR   |              |   | TS3ANetwork::ResolveHostName failed error: 11001 (No such host is known. ) 11001
2018-07-24 16:36:16.240725|ERROR   |              |   | TS3ANetwork::ResolveHostName failed error: 11001 (No such host is known. ) 11001
2018-07-24 16:36:16.240725|ERROR   |              |   | TS3ANetwork::ResolveHostName failed error: 11001 (No such host is known. ) 11001
2018-07-24 16:36:16.240725|ERROR   |              |   | TS3ANetwork::ResolveHostName failed error: 11001 (No such host is known. ) 11001
2018-07-24 16:36:16.240725|ERROR   |              |   | TS3ANetwork::ResolveHostName failed error: 11001 (No such host is known. ) 11001
2018-07-24 16:36:16.240725|ERROR   |              |   | TS3ANetwork::ResolveHostName failed error: 11001 (No such host is known. ) 11001
2018-07-24 16:36:16.240725|ERROR   |              |   | TS3ANetwork::ResolveHostName failed error: 11001 (No such host is known. ) 11001
2018-07-24 16:36:16.240725|ERROR   |              |   | TS3ANetwork::ResolveHostName failed error: 11001 (No such host is known. ) 11001
2018-07-24 16:36:16.240725|ERROR   |              |   | TS3ANetwork::ResolveHostName failed error: 11001 (No such host is known. ) 11001
2018-07-24 16:36:16.240725|ERROR   |              |   | TS3ANetwork::ResolveHostName failed error: 11001 (No such host is known. ) 11001
2018-07-24 16:36:16.240725|ERROR   |              |   | TS3ANetwork::ResolveHostName failed error: 11001 (No such host is known. ) 11001
2018-07-24 16:36:16.240725|ERROR   |              |   | TS3ANetwork::ResolveHostName failed error: 11001 (No such host is known. ) 11001
2018-07-24 16:36:16.240725|ERROR   |              |   | TS3ANetwork::ResolveHostName failed error: 11001 (No such host is known. ) 11001
2018-07-24 16:36:16.240725|ERROR   |              |   | TS3ANetwork::ResolveHostName failed error: 11001 (No such host is known. ) 11001
2018-07-24 16:36:16.240725|ERROR   |              |   | TS3ANetwork::ResolveHostName failed error: 11001 (No such host is known. ) 11001
2018-07-24 16:36:16.240725|ERROR   |              |   | TS3ANetwork::ResolveHostName failed error: 11001 (No such host is known. ) 11001
2018-07-24 16:36:16.240725|ERROR   |              |   | TS3ANetwork::ResolveHostName failed error: 11001 (No such host is known. ) 11001
2018-07-24 16:36:16.240725|ERROR   |              |   | TS3ANetwork::ResolveHostName failed error: 11001 (No such host is known. ) 11001
2018-07-24 16:36:16.240725|ERROR   |              |   | TS3ANetwork::ResolveHostName failed error: 11001 (No such host is known. ) 11001
2018-07-24 16:36:16.240725|ERROR   |              |   | TS3ANetwork::ResolveHostName failed error: 11001 (No such host is known. ) 11001
2018-07-24 16:36:16.240725|ERROR   |              |   | TS3ANetwork::ResolveHostName failed error: 11001 (No such host is known. ) 11001
2018-07-24 16:36:16.240725|ERROR   |              |   | TS3ANetwork::ResolveHostName failed error: 11001 (No such host is known. ) 11001
2018-07-24 16:36:16.240725|ERROR   |              |   | TS3ANetwork::ResolveHostName failed error: 11001 (No such host is known. ) 11001
2018-07-24 16:36:16.240725|ERROR   |              |   | TS3ANetwork::ResolveHostName failed error: 11001 (No such host is known. ) 11001
2018-07-24 16:36:16.240725|ERROR   |              |   | TS3ANetwork::ResolveHostName failed error: 11001 (No such host is known. ) 11001
2018-07-24 16:36:16.240725|ERROR   |              |   | TS3ANetwork::ResolveHostName failed error: 11001 (No such host is known. ) 11001
2018-07-24 16:36:16.240725|ERROR   |              |   | TS3ANetwork::ResolveHostName failed error: 11001 (No such host is known. ) 11001
2018-07-24 16:36:16.240725|ERROR   |              |   | TS3ANetwork::ResolveHostName failed error: 11001 (No such host is known. ) 11001
2018-07-24 16:36:16.240725|ERROR   |              |   | TS3ANetwork::ResolveHostName failed error: 11001 (No such host is known. ) 11001
2018-07-24 16:36:16.255318|ERROR   |              |   | TS3ANetwork::ResolveHostName failed error: 11001 (No such host is known. ) 11001
2018-07-24 16:36:16.255318|ERROR   |              |   | TS3ANetwork::ResolveHostName failed error: 11001 (No such host is known. ) 11001
2018-07-24 16:36:16.255318|ERROR   |              |   | TS3ANetwork::ResolveHostName failed error: 11001 (No such host is known. ) 11001
2018-07-24 16:36:16.255318|ERROR   |              |   | TS3ANetwork::ResolveHostName failed error: 11001 (No such host is known. ) 11001
2018-07-24 16:36:16.255318|ERROR   |              |   | TS3ANetwork::ResolveHostName failed error: 11001 (No such host is known. ) 11001
2018-07-24 16:36:16.255318|ERROR   |              |   | TS3ANetwork::ResolveHostName failed error: 11001 (No such host is known. ) 11001
2018-07-24 16:36:16.255318|ERROR   |              |   | TS3ANetwork::ResolveHostName failed error: 11001 (No such host is known. ) 11001
2018-07-24 16:36:16.255318|ERROR   |              |   | TS3ANetwork::ResolveHostName failed error: 11001 (No such host is known. ) 11001
2018-07-24 16:36:16.255318|ERROR   |              |   | TS3ANetwork::ResolveHostName failed error: 11001 (No such host is known. ) 11001
2018-07-24 16:36:16.255318|ERROR   |              |   | TS3ANetwork::ResolveHostName failed error: 11001 (No such host is known. ) 11001
2018-07-24 16:36:16.255318|ERROR   |              |   | TS3ANetwork::ResolveHostName failed error: 11001 (No such host is known. ) 11001
2018-07-24 16:36:16.255318|ERROR   |              |   | TS3ANetwork::ResolveHostName failed error: 11001 (No such host is known. ) 11001
2018-07-24 16:36:16.255318|ERROR   |              |   | TS3ANetwork::ResolveHostName failed error: 11001 (No such host is known. ) 11001
2018-07-24 16:36:16.255318|ERROR   |              |   | TS3ANetwork::ResolveHostName failed error: 11001 (No such host is known. ) 11001
2018-07-24 16:36:16.255318|ERROR   |              |   | TS3ANetwork::ResolveHostName failed error: 11001 (No such host is known. ) 11001
2018-07-24 16:36:16.255318|ERROR   |              |   | TS3ANetwork::ResolveHostName failed error: 11001 (No such host is known. ) 11001
2018-07-24 16:36:16.255318|ERROR   |              |   | TS3ANetwork::ResolveHostName failed error: 11001 (No such host is known. ) 11001
2018-07-24 16:36:16.255318|ERROR   |              |   | TS3ANetwork::ResolveHostName failed error: 11001 (No such host is known. ) 11001
2018-07-24 16:36:16.255318|ERROR   |              |   | TS3ANetwork::ResolveHostName failed error: 11001 (No such host is known. ) 11001
2018-07-24 16:36:16.255318|ERROR   |              |   | TS3ANetwork::ResolveHostName failed error: 11001 (No such host is known. ) 11001
2018-07-24 16:36:16.255318|ERROR   |              |   | TS3ANetwork::ResolveHostName failed error: 11001 (No such host is known. ) 11001
2018-07-24 16:36:16.255318|ERROR   |              |   | TS3ANetwork::ResolveHostName failed error: 11001 (No such host is known. ) 11001
2018-07-24 16:36:16.255318|ERROR   |              |   | TS3ANetwork::ResolveHostName failed error: 11001 (No such host is known. ) 11001
2018-07-24 16:36:16.255318|ERROR   |              |   | TS3ANetwork::ResolveHostName failed error: 11001 (No such host is known. ) 11001
2018-07-24 16:36:16.255318|ERROR   |              |   | TS3ANetwork::ResolveHostName failed error: 11001 (No such host is known. ) 11001
2018-07-24 16:36:16.255318|ERROR   |              |   | TS3ANetwork::ResolveHostName failed error: 11001 (No such host is known. ) 11001
2018-07-24 16:36:16.255318|ERROR   |              |   | TS3ANetwork::ResolveHostName failed error: 11001 (No such host is known. ) 11001
2018-07-24 16:36:16.255318|ERROR   |              |   | TS3ANetwork::ResolveHostName failed error: 11001 (No such host is known. ) 11001
2018-07-24 16:36:16.255318|ERROR   |              |   | TS3ANetwork::ResolveHostName failed error: 11001 (No such host is known. ) 11001
2018-07-24 16:36:16.255318|ERROR   |              |   | TS3ANetwork::ResolveHostName failed error: 11001 (No such host is known. ) 11001
2018-07-24 16:36:16.255318|ERROR   |              |   | TS3ANetwork::ResolveHostName failed error: 11001 (No such host is known. ) 11001
2018-07-24 16:36:16.255318|ERROR   |              |   | TS3ANetwork::ResolveHostName failed error: 11001 (No such host is known. ) 11001
2018-07-24 16:36:16.255318|ERROR   |              |   | TS3ANetwork::ResolveHostName failed error: 11001 (No such host is known. ) 11001
2018-07-24 16:36:16.255318|ERROR   |              |   | TS3ANetwork::ResolveHostName failed error: 11001 (No such host is known. ) 11001
2018-07-24 16:36:16.255318|ERROR   |              |   | TS3ANetwork::ResolveHostName failed error: 11001 (No such host is known. ) 11001
2018-07-24 16:36:16.255318|ERROR   |              |   | TS3ANetwork::ResolveHostName failed error: 11001 (No such host is known. ) 11001
2018-07-24 16:36:16.255318|ERROR   |              |   | TS3ANetwork::ResolveHostName failed error: 11001 (No such host is known. ) 11001
2018-07-24 16:36:16.255318|ERROR   |              |   | TS3ANetwork::ResolveHostName failed error: 11001 (No such host is known. ) 11001
2018-07-24 16:36:16.255318|ERROR   |              |   | TS3ANetwork::ResolveHostName failed error: 11001 (No such host is known. ) 11001
2018-07-24 16:36:16.255318|ERROR   |              |   | TS3ANetwork::ResolveHostName failed error: 11001 (No such host is known. ) 11001
2018-07-24 16:36:16.255318|ERROR   |              |   | TS3ANetwork::ResolveHostName failed error: 11001 (No such host is known. ) 11001
2018-07-24 16:36:16.255318|ERROR   |              |   | TS3ANetwork::ResolveHostName failed error: 11001 (No such host is known. ) 11001
2018-07-24 16:36:16.255318|ERROR   |              |   | TS3ANetwork::ResolveHostName failed error: 11001 (No such host is known. ) 11001
2018-07-24 16:36:16.255318|ERROR   |              |   | TS3ANetwork::ResolveHostName failed error: 11001 (No such host is known. ) 11001
2018-07-24 16:36:16.255318|ERROR   |              |   | TS3ANetwork::ResolveHostName failed error: 11001 (No such host is known. ) 11001
2018-07-24 16:36:16.255318|ERROR   |              |   | TS3ANetwork::ResolveHostName failed error: 11001 (No such host is known. ) 11001
2018-07-24 16:36:16.255318|ERROR   |              |   | TS3ANetwork::ResolveHostName failed error: 11001 (No such host is known. ) 11001
2018-07-24 16:36:16.255318|ERROR   |              |   | TS3ANetwork::ResolveHostName failed error: 11001 (No such host is known. ) 11001
2018-07-24 16:36:16.255318|ERROR   |              |   | TS3ANetwork::ResolveHostName failed error: 11001 (No such host is known. ) 11001
2018-07-24 16:36:16.255318|ERROR   |              |   | TS3ANetwork::ResolveHostName failed error: 11001 (No such host is known. ) 11001
2018-07-24 16:36:16.255318|ERROR   |              |   | TS3ANetwork::ResolveHostName failed error: 11001 (No such host is known. ) 11001
2018-07-24 16:36:16.255318|ERROR   |              |   | TS3ANetwork::ResolveHostName failed error: 11001 (No such host is known. ) 11001
2018-07-24 16:36:16.255318|ERROR   |              |   | TS3ANetwork::ResolveHostName failed error: 11001 (No such host is known. ) 11001
2018-07-24 16:36:16.255318|ERROR   |              |   | TS3ANetwork::ResolveHostName failed error: 11001 (No such host is known. ) 11001
2018-07-24 16:36:16.255318|ERROR   |              |   | TS3ANetwork::ResolveHostName failed error: 11001 (No such host is known. ) 11001
2018-07-24 16:36:16.255318|ERROR   |              |   | TS3ANetwork::ResolveHostName failed error: 11001 (No such host is known. ) 11001
2018-07-24 16:36:16.255318|ERROR   |              |   | TS3ANetwork::ResolveHostName failed error: 11001 (No such host is known. ) 11001
2018-07-24 16:36:16.255318|ERROR   |              |   | TS3ANetwork::ResolveHostName failed error: 11001 (No such host is known. ) 11001
2018-07-24 16:36:16.255318|ERROR   |              |   | TS3ANetwork::ResolveHostName failed error: 11001 (No such host is known. ) 11001
2018-07-24 16:36:16.255318|ERROR   |              |   | TS3ANetwork::ResolveHostName failed error: 11001 (No such host is known. ) 11001
2018-07-24 16:36:16.255318|ERROR   |              |   | TS3ANetwork::ResolveHostName failed error: 11001 (No such host is known. ) 11001
2018-07-24 16:36:16.255318|ERROR   |              |   | TS3ANetwork::ResolveHostName failed error: 11001 (No such host is known. ) 11001
2018-07-24 16:36:16.255318|ERROR   |              |   | TS3ANetwork::ResolveHostName failed error: 11001 (No such host is known. ) 11001
2018-07-24 16:36:16.255318|ERROR   |              |   | TS3ANetwork::ResolveHostName failed error: 11001 (No such host is known. ) 11001
2018-07-24 16:36:16.255318|ERROR   |              |   | TS3ANetwork::ResolveHostName failed error: 11001 (No such host is known. ) 11001
2018-07-24 16:36:16.255318|ERROR   |              |   | TS3ANetwork::ResolveHostName failed error: 11001 (No such host is known. ) 11001
2018-07-24 16:36:16.255318|ERROR   |              |   | TS3ANetwork::ResolveHostName failed error: 11001 (No such host is known. ) 11001
2018-07-24 16:36:16.255318|ERROR   |              |   | TS3ANetwork::ResolveHostName failed error: 11001 (No such host is known. ) 11001
2018-07-24 16:36:16.255318|ERROR   |              |   | TS3ANetwork::ResolveHostName failed error: 11001 (No such host is known. ) 11001
2018-07-24 16:36:16.255318|ERROR   |              |   | TS3ANetwork::ResolveHostName failed error: 11001 (No such host is known. ) 11001
2018-07-24 16:36:16.255318|ERROR   |              |   | TS3ANetwork::ResolveHostName failed error: 11001 (No such host is known. ) 11001
2018-07-24 16:36:16.255318|ERROR   |              |   | TS3ANetwork::ResolveHostName failed error: 11001 (No such host is known. ) 11001
2018-07-24 16:36:16.255318|ERROR   |              |   | TS3ANetwork::ResolveHostName failed error: 11001 (No such host is known. ) 11001
2018-07-24 16:36:16.255318|ERROR   |              |   | TS3ANetwork::ResolveHostName failed error: 11001 (No such host is known. ) 11001
2018-07-24 16:36:16.255318|ERROR   |              |   | TS3ANetwork::ResolveHostName failed error: 11001 (No such host is known. ) 11001
2018-07-24 16:36:16.255318|ERROR   |              |   | TS3ANetwork::ResolveHostName failed error: 11001 (No such host is known. ) 11001
2018-07-24 16:36:16.255318|ERROR   |              |   | TS3ANetwork::ResolveHostName failed error: 11001 (No such host is known. ) 11001
2018-07-24 16:36:16.255318|ERROR   |              |   | TS3ANetwork::ResolveHostName failed error: 11001 (No such host is known. ) 11001
2018-07-24 16:36:16.255318|ERROR   |              |   | TS3ANetwork::ResolveHostName failed error: 11001 (No such host is known. ) 11001
2018-07-24 16:36:16.255318|ERROR   |              |   | TS3ANetwork::ResolveHostName failed error: 11001 (No such host is known. ) 11001
2018-07-24 16:36:16.255318|ERROR   |              |   | TS3ANetwork::ResolveHostName failed error: 11001 (No such host is known. ) 11001
2018-07-24 16:36:16.255318|ERROR   |              |   | TS3ANetwork::ResolveHostName failed error: 11001 (No such host is known. ) 11001
2018-07-24 16:36:16.255318|ERROR   |              |   | TS3ANetwork::ResolveHostName failed error: 11001 (No such host is known. ) 11001
2018-07-24 16:36:16.255318|ERROR   |              |   | TS3ANetwork::ResolveHostName failed error: 11001 (No such host is known. ) 11001
2018-07-24 16:36:16.255318|ERROR   |              |   | TS3ANetwork::ResolveHostName failed error: 11001 (No such host is known. ) 11001
2018-07-24 16:36:16.255318|ERROR   |              |   | TS3ANetwork::ResolveHostName failed error: 11001 (No such host is known. ) 11001
2018-07-24 16:36:16.255318|ERROR   |              |   | TS3ANetwork::ResolveHostName failed error: 11001 (No such host is known. ) 11001
2018-07-24 16:36:16.255318|ERROR   |              |   | TS3ANetwork::ResolveHostName failed error: 11001 (No such host is known. ) 11001
2018-07-24 16:36:16.255318|ERROR   |              |   | TS3ANetwork::ResolveHostName failed error: 11001 (No such host is known. ) 11001
2018-07-24 16:36:16.255318|ERROR   |              |   | TS3ANetwork::ResolveHostName failed error: 11001 (No such host is known. ) 11001
2018-07-24 16:36:16.255318|ERROR   |              |   | TS3ANetwork::ResolveHostName failed error: 11001 (No such host is known. ) 11001
2018-07-24 16:36:16.255318|ERROR   |              |   | TS3ANetwork::ResolveHostName failed error: 11001 (No such host is known. ) 11001
2018-07-24 16:36:16.255318|ERROR   |              |   | TS3ANetwork::ResolveHostName failed error: 11001 (No such host is known. ) 11001
2018-07-24 16:36:16.255318|ERROR   |              |   | TS3ANetwork::ResolveHostName failed error: 11001 (No such host is known. ) 11001
2018-07-24 16:36:16.255318|ERROR   |              |   | TS3ANetwork::ResolveHostName failed error: 11001 (No such host is known. ) 11001
2018-07-24 16:36:16.255318|ERROR   |              |   | TS3ANetwork::ResolveHostName failed error: 11001 (No such host is known. ) 11001
2018-07-24 16:36:16.255318|ERROR   |              |   | TS3ANetwork::ResolveHostName failed error: 11001 (No such host is known. ) 11001
2018-07-24 16:36:16.255318|ERROR   |              |   | TS3ANetwork::ResolveHostName failed error: 11001 (No such host is known. ) 11001
2018-07-24 16:36:16.255318|ERROR   |              |   | TS3ANetwork::ResolveHostName failed error: 11001 (No such host is known. ) 11001
2018-07-24 16:36:16.255318|ERROR   |              |   | TS3ANetwork::ResolveHostName failed error: 11001 (No such host is known. ) 11001
2018-07-24 16:36:16.255318|ERROR   |              |   | TS3ANetwork::ResolveHostName failed error: 11001 (No such host is known. ) 11001
2018-07-24 16:36:16.255318|ERROR   |              |   | TS3ANetwork::ResolveHostName failed error: 11001 (No such host is known. ) 11001
2018-07-24 16:36:16.255318|ERROR   |              |   | TS3ANetwork::ResolveHostName failed error: 11001 (No such host is known. ) 11001
2018-07-24 16:36:16.255318|ERROR   |              |   | TS3ANetwork::ResolveHostName failed error: 11001 (No such host is known. ) 11001
2018-07-24 16:36:16.255318|ERROR   |              |   | TS3ANetwork::ResolveHostName failed error: 11001 (No such host is known. ) 11001
2018-07-24 16:36:16.255318|ERROR   |              |   | TS3ANetwork::ResolveHostName failed error: 11001 (No such host is known. ) 11001
2018-07-24 16:36:16.255318|ERROR   |              |   | TS3ANetwork::ResolveHostName failed error: 11001 (No such host is known. ) 11001
2018-07-24 16:36:16.255318|ERROR   |              |   | TS3ANetwork::ResolveHostName failed error: 11001 (No such host is known. ) 11001
2018-07-24 16:36:16.255318|ERROR   |              |   | TS3ANetwork::ResolveHostName failed error: 11001 (No such host is known. ) 11001
2018-07-24 16:36:16.255318|ERROR   |              |   | TS3ANetwork::ResolveHostName failed error: 11001 (No such host is known. ) 11001
2018-07-24 16:36:16.255318|ERROR   |              |   | TS3ANetwork::ResolveHostName failed error: 11001 (No such host is known. ) 11001
2018-07-24 16:36:16.255318|ERROR   |              |   | TS3ANetwork::ResolveHostName failed error: 11001 (No such host is known. ) 11001
2018-07-24 16:36:16.255318|ERROR   |              |   | TS3ANetwork::ResolveHostName failed error: 11001 (No such host is known. ) 11001
2018-07-24 16:36:16.255318|ERROR   |              |   | TS3ANetwork::ResolveHostName failed error: 11001 (No such host is known. ) 11001
2018-07-24 16:36:16.255318|ERROR   |              |   | TS3ANetwork::ResolveHostName failed error: 11001 (No such host is known. ) 11001
2018-07-24 16:36:16.255318|ERROR   |              |   | TS3ANetwork::ResolveHostName failed error: 11001 (No such host is known. ) 11001
2018-07-24 16:36:16.255318|ERROR   |              |   | TS3ANetwork::ResolveHostName failed error: 11001 (No such host is known. ) 11001
2018-07-24 16:36:16.255318|ERROR   |              |   | TS3ANetwork::ResolveHostName failed error: 11001 (No such host is known. ) 11001
2018-07-24 16:36:16.255318|ERROR   |              |   | TS3ANetwork::ResolveHostName failed error: 11001 (No such host is known. ) 11001
2018-07-24 16:36:16.255318|ERROR   |              |   | TS3ANetwork::ResolveHostName failed error: 11001 (No such host is known. ) 11001
2018-07-24 16:36:16.255318|ERROR   |              |   | TS3ANetwork::ResolveHostName failed error: 11001 (No such host is known. ) 11001
2018-07-24 16:36:16.255318|ERROR   |              |   | TS3ANetwork::ResolveHostName failed error: 11001 (No such host is known. ) 11001
2018-07-24 16:36:16.255318|ERROR   |              |   | TS3ANetwork::ResolveHostName failed error: 11001 (No such host is known. ) 11001
2018-07-24 16:36:16.270971|ERROR   |              |   | TS3ANetwork::ResolveHostName failed error: 11001 (No such host is known. ) 11001
2018-07-24 16:36:16.270971|ERROR   |              |   | TS3ANetwork::ResolveHostName failed error: 11001 (No such host is known. ) 11001
2018-07-24 16:36:16.270971|ERROR   |              |   | TS3ANetwork::ResolveHostName failed error: 11001 (No such host is known. ) 11001
2018-07-24 16:36:16.270971|ERROR   |              |   | TS3ANetwork::ResolveHostName failed error: 11001 (No such host is known. ) 11001
2018-07-24 16:36:16.270971|ERROR   |              |   | TS3ANetwork::ResolveHostName failed error: 11001 (No such host is known. ) 11001
2018-07-24 16:36:16.270971|ERROR   |              |   | TS3ANetwork::ResolveHostName failed error: 11001 (No such host is known. ) 11001
2018-07-24 16:36:16.270971|ERROR   |              |   | TS3ANetwork::ResolveHostName failed error: 11001 (No such host is known. ) 11001
2018-07-24 16:36:16.270971|ERROR   |              |   | TS3ANetwork::ResolveHostName failed error: 11001 (No such host is known. ) 11001
2018-07-24 16:36:16.270971|ERROR   |              |   | TS3ANetwork::ResolveHostName failed error: 11001 (No such host is known. ) 11001
2018-07-24 16:36:16.270971|ERROR   |              |   | TS3ANetwork::ResolveHostName failed error: 11001 (No such host is known. ) 11001
2018-07-24 16:36:16.270971|ERROR   |              |   | TS3ANetwork::ResolveHostName failed error: 11001 (No such host is known. ) 11001
2018-07-24 16:36:16.270971|ERROR   |              |   | TS3ANetwork::ResolveHostName failed error: 11001 (No such host is known. ) 11001
2018-07-24 16:36:16.270971|ERROR   |              |   | TS3ANetwork::ResolveHostName failed error: 11001 (No such host is known. ) 11001
2018-07-24 16:36:16.270971|ERROR   |              |   | TS3ANetwork::ResolveHostName failed error: 11001 (No such host is known. ) 11001
2018-07-24 16:36:16.270971|ERROR   |              |   | TS3ANetwork::ResolveHostName failed error: 11001 (No such host is known. ) 11001
2018-07-24 16:36:16.270971|ERROR   |GetWanIP      |   | failed to retrieve WAN ip
2018-07-24 16:37:28.988674|INFO    |Query         |   | query from 17 70.168.122.127:14158 issued: login with account "serveradmin"(serveradmin)
2018-07-25 16:54:34.243590|INFO    |Query         |   | query from 18 70.168.122.127:20269 issued: login with account "serveradmin"(serveradmin)
