2015-05-22 20:18:19.618432|INFO    |VirtualServer |  1| listening on 0.0.0.0:9987
2015-05-22 20:19:25.960226|INFO    |VirtualServer |  1| query client connected 'serveradmin from 127.0.0.1:1081'(id:1)
2015-05-22 20:20:05.313477|INFO    |VirtualServer |  1| client (id:289) was removed from servergroup 'Server Admin'(id:6) by client 'ross'(id:6)
2015-05-22 20:21:02.794765|INFO    |VirtualServer |  1| client (id:289) was added to servergroup 'Server Admin'(id:6) by client 'ross'(id:6)
2015-05-22 20:26:47.696492|INFO    |VirtualServerBase|  1| channel 'A Game'(id:90) deleted by 'serveradmin from 127.0.0.1:1081'(id:1)
2015-05-22 20:27:40.733526|INFO    |VirtualServer |  1| file download from (id:4), '/screenshot.jpg' by client 'serveradmin from 127.0.0.1:1081'(id:1)
2015-05-22 20:27:53.006228|INFO    |VirtualServer |  1| file download from (id:29), '/25347027.jpg' by client 'serveradmin from 127.0.0.1:1081'(id:1)
2015-05-22 20:30:42.930947|INFO    |VirtualServerBase|  1| channel 'OCF Hangout'(id:26) deleted by 'ross'(id:6)
2015-05-22 20:31:59.370319|INFO    |VirtualServer |  1| client (id:6) was removed from servergroup 'super duper admin'(id:9) by client 'serveradmin from 127.0.0.1:1081'(id:1)
2015-05-22 20:32:08.487840|INFO    |VirtualServer |  1| client (id:6) was removed from servergroup 'Admin Server Query'(id:2) by client 'serveradmin from 127.0.0.1:1081'(id:1)
2015-05-22 20:32:08.493841|INFO    |VirtualServer |  1| client (id:6) was removed from servergroup 'Normal'(id:7) by client 'serveradmin from 127.0.0.1:1081'(id:1)
2015-05-22 20:33:03.992015|INFO    |VirtualServer |  1| client (id:6) was added to servergroup 'Normal'(id:7) by client 'serveradmin from 127.0.0.1:1081'(id:1)
2015-05-22 20:33:03.997015|INFO    |VirtualServer |  1| client (id:6) was added to servergroup 'super duper admin'(id:9) by client 'serveradmin from 127.0.0.1:1081'(id:1)
2015-05-22 20:33:21.991045|INFO    |VirtualServer |  1| client (id:6) was added to servergroup 'Admin Server Query'(id:2) by client 'serveradmin from 127.0.0.1:1081'(id:1)
2015-05-22 20:33:21.998045|INFO    |VirtualServer |  1| client (id:6) was added to servergroup 'Server Admin'(id:6) by client 'serveradmin from 127.0.0.1:1081'(id:1)
2015-05-22 20:33:22.004045|INFO    |VirtualServer |  1| client (id:6) was added to servergroup 'Evan Allmighty'(id:11) by client 'serveradmin from 127.0.0.1:1081'(id:1)
2015-05-22 20:33:22.009046|INFO    |VirtualServer |  1| client (id:6) was added to servergroup 'Trance'(id:12) by client 'serveradmin from 127.0.0.1:1081'(id:1)
2015-05-22 20:33:22.016046|INFO    |VirtualServer |  1| client (id:6) was added to servergroup 'JC'(id:13) by client 'serveradmin from 127.0.0.1:1081'(id:1)
2015-05-22 20:33:22.022046|INFO    |VirtualServer |  1| client (id:6) was added to servergroup 'Papa McPlaymaker'(id:14) by client 'serveradmin from 127.0.0.1:1081'(id:1)
2015-05-22 20:33:22.027047|INFO    |VirtualServer |  1| client (id:6) was added to servergroup 'super clint'(id:15) by client 'serveradmin from 127.0.0.1:1081'(id:1)
2015-05-22 20:33:22.035047|INFO    |VirtualServer |  1| client (id:6) was added to servergroup 'JDub'(id:16) by client 'serveradmin from 127.0.0.1:1081'(id:1)
2015-05-22 20:33:22.041047|INFO    |VirtualServer |  1| client (id:6) was added to servergroup 'Dac'(id:17) by client 'serveradmin from 127.0.0.1:1081'(id:1)
2015-05-22 20:33:22.048048|INFO    |VirtualServer |  1| client (id:6) was added to servergroup 'RooDee'(id:19) by client 'serveradmin from 127.0.0.1:1081'(id:1)
2015-05-22 20:33:22.055048|INFO    |VirtualServer |  1| client (id:6) was added to servergroup 'Ryan'(id:20) by client 'serveradmin from 127.0.0.1:1081'(id:1)
2015-05-22 20:37:32.440369|INFO    |VirtualServer |  1| client (id:6) was removed from servergroup 'Server Admin'(id:6) by client 'serveradmin from 127.0.0.1:1081'(id:1)
2015-05-22 20:37:32.447370|INFO    |VirtualServer |  1| client (id:6) was removed from servergroup 'Normal'(id:7) by client 'serveradmin from 127.0.0.1:1081'(id:1)
2015-05-22 20:37:32.454370|INFO    |VirtualServer |  1| client (id:6) was removed from servergroup 'Evan Allmighty'(id:11) by client 'serveradmin from 127.0.0.1:1081'(id:1)
2015-05-22 20:37:32.460371|INFO    |VirtualServer |  1| client (id:6) was removed from servergroup 'Trance'(id:12) by client 'serveradmin from 127.0.0.1:1081'(id:1)
2015-05-22 20:37:32.467371|INFO    |VirtualServer |  1| client (id:6) was removed from servergroup 'JC'(id:13) by client 'serveradmin from 127.0.0.1:1081'(id:1)
2015-05-22 20:37:32.473371|INFO    |VirtualServer |  1| client (id:6) was removed from servergroup 'Papa McPlaymaker'(id:14) by client 'serveradmin from 127.0.0.1:1081'(id:1)
2015-05-22 20:37:32.480372|INFO    |VirtualServer |  1| client (id:6) was removed from servergroup 'super clint'(id:15) by client 'serveradmin from 127.0.0.1:1081'(id:1)
2015-05-22 20:37:32.486372|INFO    |VirtualServer |  1| client (id:6) was removed from servergroup 'JDub'(id:16) by client 'serveradmin from 127.0.0.1:1081'(id:1)
2015-05-22 20:37:32.492372|INFO    |VirtualServer |  1| client (id:6) was removed from servergroup 'Dac'(id:17) by client 'serveradmin from 127.0.0.1:1081'(id:1)
2015-05-22 20:37:32.498373|INFO    |VirtualServer |  1| client (id:6) was removed from servergroup 'RooDee'(id:19) by client 'serveradmin from 127.0.0.1:1081'(id:1)
2015-05-22 20:37:32.504373|INFO    |VirtualServer |  1| client (id:6) was removed from servergroup 'Ryan'(id:20) by client 'serveradmin from 127.0.0.1:1081'(id:1)
2015-05-22 20:41:16.177166|INFO    |VirtualServer |  1| file upload to (id:0), '/icon_4237877209' by client 'ross'(id:6)
2015-05-22 20:41:18.847319|INFO    |VirtualServer |  1| permission 'i_icon_id'(id:142) with values (value:-57090087) was added by 'ross'(id:6) to channel 'League of Legends'(id:1)
2015-05-22 20:41:18.866320|INFO    |VirtualServerBase|  1| channel 'League of Legends'(id:1) edited by 'ross'(id:6)
2015-05-22 20:42:52.835695|INFO    |VirtualServer |  1| servergroup 'malo'(id:21) was added by 'ross'(id:6)
2015-05-22 20:42:52.872697|INFO    |VirtualServer |  1| permission 'i_group_auto_update_type'(id:146) with values (value:45, negated:0, skipchannel:0) was added by 'ross'(id:6) to servergroup 'malo'(id:21)
2015-05-22 20:42:52.873697|INFO    |VirtualServer |  1| permission 'i_client_talk_power'(id:219) with values (value:75, negated:0, skipchannel:0) was added by 'ross'(id:6) to servergroup 'malo'(id:21)
2015-05-22 20:42:52.874697|INFO    |VirtualServer |  1| permission 'i_client_poke_power'(id:221) with values (value:75, negated:0, skipchannel:0) was added by 'ross'(id:6) to servergroup 'malo'(id:21)
2015-05-22 20:42:52.875697|INFO    |VirtualServer |  1| permission 'i_client_max_clones_uid'(id:173) with values (value:10, negated:0, skipchannel:0) was added by 'ross'(id:6) to servergroup 'malo'(id:21)
2015-05-22 20:42:52.876697|INFO    |VirtualServer |  1| permission 'b_client_ignore_antiflood'(id:181) with values (value:1, negated:0, skipchannel:0) was added by 'ross'(id:6) to servergroup 'malo'(id:21)
2015-05-22 20:42:52.877697|INFO    |VirtualServer |  1| permission 'b_client_issue_client_query_command'(id:182) with values (value:1, negated:0, skipchannel:0) was added by 'ross'(id:6) to servergroup 'malo'(id:21)
2015-05-22 20:42:52.878697|INFO    |VirtualServer |  1| permission 'b_channel_join_permanent'(id:131) with values (value:1, negated:0, skipchannel:0) was added by 'ross'(id:6) to servergroup 'malo'(id:21)
2015-05-22 20:42:52.879698|INFO    |VirtualServer |  1| permission 'b_channel_join_semi_permanent'(id:132) with values (value:1, negated:0, skipchannel:0) was added by 'ross'(id:6) to servergroup 'malo'(id:21)
2015-05-22 20:42:52.881698|INFO    |VirtualServer |  1| permission 'b_channel_join_temporary'(id:133) with values (value:1, negated:0, skipchannel:0) was added by 'ross'(id:6) to servergroup 'malo'(id:21)
2015-05-22 20:42:52.882698|INFO    |VirtualServer |  1| permission 'b_channel_join_ignore_password'(id:134) with values (value:1, negated:0, skipchannel:0) was added by 'ross'(id:6) to servergroup 'malo'(id:21)
2015-05-22 20:42:52.883698|INFO    |VirtualServer |  1| permission 'b_channel_join_ignore_maxclients'(id:135) with values (value:1, negated:0, skipchannel:0) was added by 'ross'(id:6) to servergroup 'malo'(id:21)
2015-05-22 20:42:52.884698|INFO    |VirtualServer |  1| permission 'i_channel_join_power'(id:136) with values (value:75, negated:0, skipchannel:0) was added by 'ross'(id:6) to servergroup 'malo'(id:21)
2015-05-22 20:42:52.885698|INFO    |VirtualServer |  1| permission 'b_virtualserver_token_use'(id:38) with values (value:1, negated:0, skipchannel:0) was added by 'ross'(id:6) to servergroup 'malo'(id:21)
2015-05-22 20:42:52.886698|INFO    |VirtualServer |  1| permission 'i_channel_description_view_power'(id:140) with values (value:75, negated:0, skipchannel:0) was added by 'ross'(id:6) to servergroup 'malo'(id:21)
2015-05-22 20:42:52.887698|INFO    |VirtualServer |  1| permission 'b_client_permissionoverview_view'(id:190) with values (value:1, negated:0, skipchannel:0) was added by 'ross'(id:6) to servergroup 'malo'(id:21)
2015-05-22 20:42:52.888698|INFO    |VirtualServer |  1| permission 'b_client_permissionoverview_own'(id:191) with values (value:1, negated:0, skipchannel:0) was added by 'ross'(id:6) to servergroup 'malo'(id:21)
2015-05-22 20:42:52.889698|INFO    |VirtualServer |  1| permission 'b_client_remoteaddress_view'(id:192) with values (value:1, negated:0, skipchannel:0) was added by 'ross'(id:6) to servergroup 'malo'(id:21)
2015-05-22 20:42:52.890698|INFO    |VirtualServer |  1| permission 'i_client_serverquery_view_power'(id:193) with values (value:75, negated:0, skipchannel:0) was added by 'ross'(id:6) to servergroup 'malo'(id:21)
2015-05-22 20:42:52.891698|INFO    |VirtualServer |  1| permission 'i_client_needed_serverquery_view_power'(id:194) with values (value:75, negated:0, skipchannel:0) was added by 'ross'(id:6) to servergroup 'malo'(id:21)
2015-05-22 20:42:52.892698|INFO    |VirtualServer |  1| permission 'i_client_needed_complain_power'(id:205) with values (value:75, negated:0, skipchannel:0) was added by 'ross'(id:6) to servergroup 'malo'(id:21)
2015-05-22 20:42:52.900699|INFO    |VirtualServer |  1| permission 'i_group_needed_modify_power'(id:162) with values (value:75, negated:0, skipchannel:0) was added by 'ross'(id:6) to servergroup 'malo'(id:21)
2015-05-22 20:42:52.901699|INFO    |VirtualServer |  1| permission 'i_client_needed_ban_power'(id:201) with values (value:75, negated:0, skipchannel:0) was added by 'ross'(id:6) to servergroup 'malo'(id:21)
2015-05-22 20:42:52.902699|INFO    |VirtualServer |  1| permission 'i_client_needed_kick_from_server_power'(id:197) with values (value:75, negated:0, skipchannel:0) was added by 'ross'(id:6) to servergroup 'malo'(id:21)
2015-05-22 20:42:52.903699|INFO    |VirtualServer |  1| permission 'i_client_needed_kick_from_channel_power'(id:199) with values (value:75, negated:0, skipchannel:0) was added by 'ross'(id:6) to servergroup 'malo'(id:21)
2015-05-22 20:42:52.910699|INFO    |VirtualServer |  1| permission 'i_group_needed_member_add_power'(id:164) with values (value:75, negated:0, skipchannel:0) was added by 'ross'(id:6) to servergroup 'malo'(id:21)
2015-05-22 20:42:52.918700|INFO    |VirtualServer |  1| permission 'i_group_needed_member_remove_power'(id:166) with values (value:75, negated:0, skipchannel:0) was added by 'ross'(id:6) to servergroup 'malo'(id:21)
2015-05-22 20:42:52.919700|INFO    |VirtualServer |  1| permission 'i_group_modify_power'(id:161) with values (value:75, negated:0, skipchannel:0) was added by 'ross'(id:6) to servergroup 'malo'(id:21)
2015-05-22 20:42:52.920700|INFO    |VirtualServer |  1| permission 'i_permission_modify_power'(id:167) with values (value:75, negated:0, skipchannel:0) was added by 'ross'(id:6) to servergroup 'malo'(id:21)
2015-05-22 20:42:52.921700|INFO    |VirtualServer |  1| permission 'i_client_permission_modify_power'(id:171) with values (value:75, negated:0, skipchannel:0) was added by 'ross'(id:6) to servergroup 'malo'(id:21)
2015-05-22 20:42:52.922700|INFO    |VirtualServer |  1| permission 'i_client_needed_permission_modify_power'(id:172) with values (value:75, negated:0, skipchannel:0) was added by 'ross'(id:6) to servergroup 'malo'(id:21)
2015-05-22 20:42:52.923700|INFO    |VirtualServer |  1| permission 'b_virtualserver_connectioninfo_view'(id:24) with values (value:1, negated:0, skipchannel:0) was added by 'ross'(id:6) to servergroup 'malo'(id:21)
2015-05-22 20:42:52.924700|INFO    |VirtualServer |  1| permission 'i_channel_modify_power'(id:121) with values (value:75, negated:0, skipchannel:0) was added by 'ross'(id:6) to servergroup 'malo'(id:21)
2015-05-22 20:42:52.925700|INFO    |VirtualServer |  1| permission 'b_client_complain_list'(id:206) with values (value:1, negated:0, skipchannel:0) was added by 'ross'(id:6) to servergroup 'malo'(id:21)
2015-05-22 20:42:52.926700|INFO    |VirtualServer |  1| permission 'i_needed_modify_power_client_whisper_power'(id:32992) with values (value:75, negated:0, skipchannel:0) was added by 'ross'(id:6) to servergroup 'malo'(id:21)
2015-05-22 20:42:52.927700|INFO    |VirtualServer |  1| permission 'i_needed_modify_power_client_needed_whisper_power'(id:32993) with values (value:75, negated:0, skipchannel:0) was added by 'ross'(id:6) to servergroup 'malo'(id:21)
2015-05-22 20:42:52.928700|INFO    |VirtualServer |  1| permission 'i_needed_modify_power_channel_needed_delete_power'(id:32898) with values (value:75, negated:0, skipchannel:0) was added by 'ross'(id:6) to servergroup 'malo'(id:21)
2015-05-22 20:42:52.929700|INFO    |VirtualServer |  1| permission 'i_channel_permission_modify_power'(id:79) with values (value:75, negated:0, skipchannel:0) was added by 'ross'(id:6) to servergroup 'malo'(id:21)
2015-05-22 20:42:52.930700|INFO    |VirtualServer |  1| permission 'i_needed_modify_power_channel_needed_permission_modify_power'(id:32848) with values (value:75, negated:0, skipchannel:0) was added by 'ross'(id:6) to servergroup 'malo'(id:21)
2015-05-22 20:42:52.931701|INFO    |VirtualServer |  1| permission 'i_needed_modify_power_group_sort_id'(id:32916) with values (value:75, negated:0, skipchannel:0) was added by 'ross'(id:6) to servergroup 'malo'(id:21)
2015-05-22 20:42:52.932701|INFO    |VirtualServer |  1| permission 'i_needed_modify_power_group_show_name_in_tree'(id:32917) with values (value:75, negated:0, skipchannel:0) was added by 'ross'(id:6) to servergroup 'malo'(id:21)
2015-05-22 20:42:52.933701|INFO    |VirtualServer |  1| permission 'i_needed_modify_power_icon_id'(id:32910) with values (value:75, negated:0, skipchannel:0) was added by 'ross'(id:6) to servergroup 'malo'(id:21)
2015-05-22 20:42:52.934701|INFO    |VirtualServer |  1| permission 'i_client_needed_move_power'(id:203) with values (value:75, negated:0, skipchannel:0) was added by 'ross'(id:6) to servergroup 'malo'(id:21)
2015-05-22 20:42:52.935701|INFO    |VirtualServer |  1| permission 'b_client_skip_channelgroup_permissions'(id:178) with values (value:1, negated:0, skipchannel:0) was added by 'ross'(id:6) to servergroup 'malo'(id:21)
2015-05-22 20:42:52.935701|INFO    |VirtualServer |  1| permission 'b_virtualserver_join_ignore_password'(id:42) with values (value:1, negated:0, skipchannel:0) was added by 'ross'(id:6) to servergroup 'malo'(id:21)
2015-05-22 20:42:52.936701|INFO    |VirtualServer |  1| permission 'b_virtualserver_modify_name'(id:48) with values (value:1, negated:0, skipchannel:0) was added by 'ross'(id:6) to servergroup 'malo'(id:21)
2015-05-22 20:42:52.937701|INFO    |VirtualServer |  1| permission 'b_virtualserver_modify_welcomemessage'(id:49) with values (value:1, negated:0, skipchannel:0) was added by 'ross'(id:6) to servergroup 'malo'(id:21)
2015-05-22 20:42:52.938701|INFO    |VirtualServer |  1| permission 'b_virtualserver_modify_password'(id:52) with values (value:1, negated:0, skipchannel:0) was added by 'ross'(id:6) to servergroup 'malo'(id:21)
2015-05-22 20:42:52.939701|INFO    |VirtualServer |  1| permission 'b_virtualserver_modify_icon_id'(id:70) with values (value:1, negated:0, skipchannel:0) was added by 'ross'(id:6) to servergroup 'malo'(id:21)
2015-05-22 20:42:52.940701|INFO    |VirtualServer |  1| permission 'b_virtualserver_modify_weblist'(id:71) with values (value:1, negated:0, skipchannel:0) was added by 'ross'(id:6) to servergroup 'malo'(id:21)
2015-05-22 20:42:52.941701|INFO    |VirtualServer |  1| permission 'b_virtualserver_modify_codec_encryption_mode'(id:72) with values (value:1, negated:0, skipchannel:0) was added by 'ross'(id:6) to servergroup 'malo'(id:21)
2015-05-22 20:42:52.942701|INFO    |VirtualServer |  1| permission 'b_client_use_reserved_slot'(id:183) with values (value:1, negated:0, skipchannel:0) was added by 'ross'(id:6) to servergroup 'malo'(id:21)
2015-05-22 20:42:52.943701|INFO    |VirtualServer |  1| permission 'b_virtualserver_log_view'(id:40) with values (value:1, negated:0, skipchannel:0) was added by 'ross'(id:6) to servergroup 'malo'(id:21)
2015-05-22 20:42:52.944701|INFO    |VirtualServer |  1| permission 'b_virtualserver_client_dblist'(id:29) with values (value:1, negated:0, skipchannel:0) was added by 'ross'(id:6) to servergroup 'malo'(id:21)
2015-05-22 20:42:52.945701|INFO    |VirtualServer |  1| permission 'b_virtualserver_servergroup_create'(id:159) with values (value:1, negated:0, skipchannel:0) was added by 'ross'(id:6) to servergroup 'malo'(id:21)
2015-05-22 20:42:52.946701|INFO    |VirtualServer |  1| permission 'b_virtualserver_channelgroup_create'(id:160) with values (value:1, negated:0, skipchannel:0) was added by 'ross'(id:6) to servergroup 'malo'(id:21)
2015-05-22 20:42:52.947701|INFO    |VirtualServer |  1| permission 'b_virtualserver_servergroup_delete'(id:169) with values (value:1, negated:0, skipchannel:0) was added by 'ross'(id:6) to servergroup 'malo'(id:21)
2015-05-22 20:42:52.948701|INFO    |VirtualServer |  1| permission 'b_virtualserver_channelgroup_delete'(id:170) with values (value:1, negated:0, skipchannel:0) was added by 'ross'(id:6) to servergroup 'malo'(id:21)
2015-05-22 20:42:52.949702|INFO    |VirtualServer |  1| permission 'b_icon_manage'(id:144) with values (value:1, negated:0, skipchannel:0) was added by 'ross'(id:6) to servergroup 'malo'(id:21)
2015-05-22 20:42:52.950702|INFO    |VirtualServer |  1| permission 'i_max_icon_filesize'(id:143) with values (value:8192, negated:0, skipchannel:0) was added by 'ross'(id:6) to servergroup 'malo'(id:21)
2015-05-22 20:42:52.951702|INFO    |VirtualServer |  1| permission 'b_virtualserver_servergroup_permission_list'(id:151) with values (value:1, negated:0, skipchannel:0) was added by 'ross'(id:6) to servergroup 'malo'(id:21)
2015-05-22 20:42:52.952702|INFO    |VirtualServer |  1| permission 'b_virtualserver_channelgroup_permission_list'(id:154) with values (value:1, negated:0, skipchannel:0) was added by 'ross'(id:6) to servergroup 'malo'(id:21)
2015-05-22 20:42:52.953702|INFO    |VirtualServer |  1| permission 'b_virtualserver_client_permission_list'(id:156) with values (value:1, negated:0, skipchannel:0) was added by 'ross'(id:6) to servergroup 'malo'(id:21)
2015-05-22 20:42:52.954702|INFO    |VirtualServer |  1| permission 'b_virtualserver_channel_permission_list'(id:157) with values (value:1, negated:0, skipchannel:0) was added by 'ross'(id:6) to servergroup 'malo'(id:21)
2015-05-22 20:42:52.955702|INFO    |VirtualServer |  1| permission 'b_virtualserver_channelclient_permission_list'(id:158) with values (value:1, negated:0, skipchannel:0) was added by 'ross'(id:6) to servergroup 'malo'(id:21)
2015-05-22 20:42:52.955702|INFO    |VirtualServer |  1| permission 'b_virtualserver_servergroup_client_list'(id:152) with values (value:1, negated:0, skipchannel:0) was added by 'ross'(id:6) to servergroup 'malo'(id:21)
2015-05-22 20:42:52.956702|INFO    |VirtualServer |  1| permission 'b_virtualserver_channelgroup_client_list'(id:155) with values (value:1, negated:0, skipchannel:0) was added by 'ross'(id:6) to servergroup 'malo'(id:21)
2015-05-22 20:42:52.957702|INFO    |VirtualServer |  1| permission 'b_virtualserver_token_list'(id:36) with values (value:1, negated:0, skipchannel:0) was added by 'ross'(id:6) to servergroup 'malo'(id:21)
2015-05-22 20:42:52.958702|INFO    |VirtualServer |  1| permission 'b_virtualserver_token_add'(id:37) with values (value:1, negated:0, skipchannel:0) was added by 'ross'(id:6) to servergroup 'malo'(id:21)
2015-05-22 20:42:52.959702|INFO    |VirtualServer |  1| permission 'b_virtualserver_token_delete'(id:39) with values (value:1, negated:0, skipchannel:0) was added by 'ross'(id:6) to servergroup 'malo'(id:21)
2015-05-22 20:42:52.960702|INFO    |VirtualServer |  1| permission 'i_group_member_add_power'(id:163) with values (value:75, negated:0, skipchannel:0) was added by 'ross'(id:6) to servergroup 'malo'(id:21)
2015-05-22 20:42:52.961702|INFO    |VirtualServer |  1| permission 'i_group_member_remove_power'(id:165) with values (value:75, negated:0, skipchannel:0) was added by 'ross'(id:6) to servergroup 'malo'(id:21)
2015-05-22 20:42:52.962702|INFO    |VirtualServer |  1| permission 'b_client_modify_description'(id:226) with values (value:1, negated:0, skipchannel:0) was added by 'ross'(id:6) to servergroup 'malo'(id:21)
2015-05-22 20:42:52.963702|INFO    |VirtualServer |  1| permission 'b_client_modify_own_description'(id:227) with values (value:1, negated:0, skipchannel:0) was added by 'ross'(id:6) to servergroup 'malo'(id:21)
2015-05-22 20:42:52.964702|INFO    |VirtualServer |  1| permission 'b_client_set_flag_talker'(id:223) with values (value:1, negated:0, skipchannel:0) was added by 'ross'(id:6) to servergroup 'malo'(id:21)
2015-05-22 20:42:52.965702|INFO    |VirtualServer |  1| permission 'i_client_move_power'(id:202) with values (value:75, negated:0, skipchannel:0) was added by 'ross'(id:6) to servergroup 'malo'(id:21)
2015-05-22 20:42:52.966703|INFO    |VirtualServer |  1| permission 'i_client_kick_from_channel_power'(id:198) with values (value:75, negated:0, skipchannel:0) was added by 'ross'(id:6) to servergroup 'malo'(id:21)
2015-05-22 20:42:52.967703|INFO    |VirtualServer |  1| permission 'i_client_ban_power'(id:200) with values (value:75, negated:0, skipchannel:0) was added by 'ross'(id:6) to servergroup 'malo'(id:21)
2015-05-22 20:42:52.968703|INFO    |VirtualServer |  1| permission 'b_client_ban_list'(id:209) with values (value:1, negated:0, skipchannel:0) was added by 'ross'(id:6) to servergroup 'malo'(id:21)
2015-05-22 20:42:52.969703|INFO    |VirtualServer |  1| permission 'b_client_ban_delete_own'(id:211) with values (value:1, negated:0, skipchannel:0) was added by 'ross'(id:6) to servergroup 'malo'(id:21)
2015-05-22 20:42:52.970703|INFO    |VirtualServer |  1| permission 'b_client_ban_create'(id:210) with values (value:1, negated:0, skipchannel:0) was added by 'ross'(id:6) to servergroup 'malo'(id:21)
2015-05-22 20:42:52.971703|INFO    |VirtualServer |  1| permission 'b_client_ban_delete'(id:212) with values (value:1, negated:0, skipchannel:0) was added by 'ross'(id:6) to servergroup 'malo'(id:21)
2015-05-22 20:42:52.972703|INFO    |VirtualServer |  1| permission 'i_client_ban_max_bantime'(id:213) with values (value:-1, negated:0, skipchannel:0) was added by 'ross'(id:6) to servergroup 'malo'(id:21)
2015-05-22 20:42:52.973703|INFO    |VirtualServer |  1| permission 'b_client_ignore_bans'(id:180) with values (value:1, negated:0, skipchannel:0) was added by 'ross'(id:6) to servergroup 'malo'(id:21)
2015-05-22 20:42:52.973703|INFO    |VirtualServer |  1| permission 'i_client_kick_from_server_power'(id:196) with values (value:75, negated:0, skipchannel:0) was added by 'ross'(id:6) to servergroup 'malo'(id:21)
2015-05-22 20:42:52.974703|INFO    |VirtualServer |  1| permission 'b_channel_modify_name'(id:110) with values (value:1, negated:0, skipchannel:0) was added by 'ross'(id:6) to servergroup 'malo'(id:21)
2015-05-22 20:42:52.975703|INFO    |VirtualServer |  1| permission 'b_channel_modify_topic'(id:111) with values (value:1, negated:0, skipchannel:0) was added by 'ross'(id:6) to servergroup 'malo'(id:21)
2015-05-22 20:42:52.976703|INFO    |VirtualServer |  1| permission 'b_channel_modify_description'(id:112) with values (value:1, negated:0, skipchannel:0) was added by 'ross'(id:6) to servergroup 'malo'(id:21)
2015-05-22 20:42:52.977703|INFO    |VirtualServer |  1| permission 'b_channel_modify_password'(id:113) with values (value:1, negated:0, skipchannel:0) was added by 'ross'(id:6) to servergroup 'malo'(id:21)
2015-05-22 20:42:52.978703|INFO    |VirtualServer |  1| permission 'b_channel_modify_codec'(id:114) with values (value:1, negated:0, skipchannel:0) was added by 'ross'(id:6) to servergroup 'malo'(id:21)
2015-05-22 20:42:52.979703|INFO    |VirtualServer |  1| permission 'b_channel_modify_codec_quality'(id:115) with values (value:1, negated:0, skipchannel:0) was added by 'ross'(id:6) to servergroup 'malo'(id:21)
2015-05-22 20:42:52.980703|INFO    |VirtualServer |  1| permission 'b_channel_modify_codec_latency_factor'(id:116) with values (value:1, negated:0, skipchannel:0) was added by 'ross'(id:6) to servergroup 'malo'(id:21)
2015-05-22 20:42:52.981703|INFO    |VirtualServer |  1| permission 'b_channel_modify_maxclients'(id:117) with values (value:1, negated:0, skipchannel:0) was added by 'ross'(id:6) to servergroup 'malo'(id:21)
2015-05-22 20:42:52.982703|INFO    |VirtualServer |  1| permission 'b_channel_modify_maxfamilyclients'(id:118) with values (value:1, negated:0, skipchannel:0) was added by 'ross'(id:6) to servergroup 'malo'(id:21)
2015-05-22 20:42:52.983703|INFO    |VirtualServer |  1| permission 'b_channel_modify_parent'(id:105) with values (value:1, negated:0, skipchannel:0) was added by 'ross'(id:6) to servergroup 'malo'(id:21)
2015-05-22 20:42:52.984704|INFO    |VirtualServer |  1| permission 'b_channel_modify_sortorder'(id:119) with values (value:1, negated:0, skipchannel:0) was added by 'ross'(id:6) to servergroup 'malo'(id:21)
2015-05-22 20:42:52.985704|INFO    |VirtualServer |  1| permission 'b_channel_modify_needed_talk_power'(id:120) with values (value:1, negated:0, skipchannel:0) was added by 'ross'(id:6) to servergroup 'malo'(id:21)
2015-05-22 20:42:52.986704|INFO    |VirtualServer |  1| permission 'b_channel_modify_make_codec_encrypted'(id:123) with values (value:1, negated:0, skipchannel:0) was added by 'ross'(id:6) to servergroup 'malo'(id:21)
2015-05-22 20:42:52.987704|INFO    |VirtualServer |  1| permission 'b_channel_create_child'(id:82) with values (value:1, negated:0, skipchannel:0) was added by 'ross'(id:6) to servergroup 'malo'(id:21)
2015-05-22 20:42:52.988704|INFO    |VirtualServer |  1| permission 'b_channel_create_permanent'(id:83) with values (value:1, negated:0, skipchannel:0) was added by 'ross'(id:6) to servergroup 'malo'(id:21)
2015-05-22 20:42:52.989704|INFO    |VirtualServer |  1| permission 'b_channel_create_semi_permanent'(id:84) with values (value:1, negated:0, skipchannel:0) was added by 'ross'(id:6) to servergroup 'malo'(id:21)
2015-05-22 20:42:52.990704|INFO    |VirtualServer |  1| permission 'b_channel_create_temporary'(id:85) with values (value:1, negated:0, skipchannel:0) was added by 'ross'(id:6) to servergroup 'malo'(id:21)
2015-05-22 20:42:52.991704|INFO    |VirtualServer |  1| permission 'b_channel_create_with_topic'(id:87) with values (value:1, negated:0, skipchannel:0) was added by 'ross'(id:6) to servergroup 'malo'(id:21)
2015-05-22 20:42:52.992704|INFO    |VirtualServer |  1| permission 'b_channel_create_with_description'(id:88) with values (value:1, negated:0, skipchannel:0) was added by 'ross'(id:6) to servergroup 'malo'(id:21)
2015-05-22 20:42:52.993704|INFO    |VirtualServer |  1| permission 'b_channel_create_with_password'(id:89) with values (value:1, negated:0, skipchannel:0) was added by 'ross'(id:6) to servergroup 'malo'(id:21)
2015-05-22 20:42:52.994704|INFO    |VirtualServer |  1| permission 'b_channel_create_modify_with_codec_speex8'(id:90) with values (value:1, negated:0, skipchannel:0) was added by 'ross'(id:6) to servergroup 'malo'(id:21)
2015-05-22 20:42:52.995704|INFO    |VirtualServer |  1| permission 'b_channel_create_modify_with_codec_speex16'(id:91) with values (value:1, negated:0, skipchannel:0) was added by 'ross'(id:6) to servergroup 'malo'(id:21)
2015-05-22 20:42:52.996704|INFO    |VirtualServer |  1| permission 'b_channel_create_modify_with_codec_speex32'(id:92) with values (value:1, negated:0, skipchannel:0) was added by 'ross'(id:6) to servergroup 'malo'(id:21)
2015-05-22 20:42:52.997704|INFO    |VirtualServer |  1| permission 'i_channel_create_modify_with_codec_maxquality'(id:96) with values (value:10, negated:0, skipchannel:0) was added by 'ross'(id:6) to servergroup 'malo'(id:21)
2015-05-22 20:42:52.998704|INFO    |VirtualServer |  1| permission 'i_channel_create_modify_with_codec_latency_factor_min'(id:97) with values (value:1, negated:0, skipchannel:0) was added by 'ross'(id:6) to servergroup 'malo'(id:21)
2015-05-22 20:42:52.999704|INFO    |VirtualServer |  1| permission 'b_channel_create_with_maxclients'(id:98) with values (value:1, negated:0, skipchannel:0) was added by 'ross'(id:6) to servergroup 'malo'(id:21)
2015-05-22 20:42:53.000704|INFO    |VirtualServer |  1| permission 'b_channel_create_with_maxfamilyclients'(id:99) with values (value:1, negated:0, skipchannel:0) was added by 'ross'(id:6) to servergroup 'malo'(id:21)
2015-05-22 20:42:53.001705|INFO    |VirtualServer |  1| permission 'b_channel_create_with_needed_talk_power'(id:102) with values (value:1, negated:0, skipchannel:0) was added by 'ross'(id:6) to servergroup 'malo'(id:21)
2015-05-22 20:42:53.002705|INFO    |VirtualServer |  1| permission 'b_channel_create_modify_with_codec_celtmono48'(id:93) with values (value:1, negated:0, skipchannel:0) was added by 'ross'(id:6) to servergroup 'malo'(id:21)
2015-05-22 20:42:53.003705|INFO    |VirtualServer |  1| permission 'b_channel_create_with_default'(id:101) with values (value:1, negated:0, skipchannel:0) was added by 'ross'(id:6) to servergroup 'malo'(id:21)
2015-05-22 20:42:53.004705|INFO    |VirtualServer |  1| permission 'i_channel_max_depth'(id:77) with values (value:10, negated:0, skipchannel:0) was added by 'ross'(id:6) to servergroup 'malo'(id:21)
2015-05-22 20:42:53.005705|INFO    |VirtualServer |  1| permission 'b_channel_create_with_sortorder'(id:100) with values (value:1, negated:0, skipchannel:0) was added by 'ross'(id:6) to servergroup 'malo'(id:21)
2015-05-22 20:42:53.006705|INFO    |VirtualServer |  1| permission 'i_channel_delete_power'(id:129) with values (value:60, negated:0, skipchannel:0) was added by 'ross'(id:6) to servergroup 'malo'(id:21)
2015-05-22 20:42:53.006705|INFO    |VirtualServer |  1| permission 'b_channel_delete_permanent'(id:125) with values (value:1, negated:0, skipchannel:0) was added by 'ross'(id:6) to servergroup 'malo'(id:21)
2015-05-22 20:42:53.007705|INFO    |VirtualServer |  1| permission 'b_channel_delete_semi_permanent'(id:126) with values (value:1, negated:0, skipchannel:0) was added by 'ross'(id:6) to servergroup 'malo'(id:21)
2015-05-22 20:42:53.008705|INFO    |VirtualServer |  1| permission 'b_channel_delete_temporary'(id:127) with values (value:1, negated:0, skipchannel:0) was added by 'ross'(id:6) to servergroup 'malo'(id:21)
2015-05-22 20:42:53.009705|INFO    |VirtualServer |  1| permission 'b_channel_delete_flag_force'(id:128) with values (value:1, negated:0, skipchannel:0) was added by 'ross'(id:6) to servergroup 'malo'(id:21)
2015-05-22 20:42:53.010705|INFO    |VirtualServer |  1| permission 'i_client_max_avatar_filesize'(id:175) with values (value:200000, negated:0, skipchannel:0) was added by 'ross'(id:6) to servergroup 'malo'(id:21)
2015-05-22 20:42:53.011705|INFO    |VirtualServer |  1| permission 'b_client_use_channel_commander'(id:184) with values (value:1, negated:0, skipchannel:0) was added by 'ross'(id:6) to servergroup 'malo'(id:21)
2015-05-22 20:42:53.012705|INFO    |VirtualServer |  1| permission 'i_client_max_channel_subscriptions'(id:176) with values (value:-1, negated:0, skipchannel:0) was added by 'ross'(id:6) to servergroup 'malo'(id:21)
2015-05-22 20:42:53.013705|INFO    |VirtualServer |  1| permission 'i_channel_subscribe_power'(id:138) with values (value:75, negated:0, skipchannel:0) was added by 'ross'(id:6) to servergroup 'malo'(id:21)
2015-05-22 20:42:53.014705|INFO    |VirtualServer |  1| permission 'i_needed_modify_power_client_is_priority_speaker'(id:32945) with values (value:75, negated:0, skipchannel:0) was added by 'ross'(id:6) to servergroup 'malo'(id:21)
2015-05-22 20:42:53.015705|INFO    |VirtualServer |  1| permission 'i_client_private_textmessage_power'(id:214) with values (value:75, negated:0, skipchannel:0) was added by 'ross'(id:6) to servergroup 'malo'(id:21)
2015-05-22 20:42:53.016705|INFO    |VirtualServer |  1| permission 'b_client_server_textmessage_send'(id:216) with values (value:1, negated:0, skipchannel:0) was added by 'ross'(id:6) to servergroup 'malo'(id:21)
2015-05-22 20:42:53.017705|INFO    |VirtualServer |  1| permission 'b_client_channel_textmessage_send'(id:217) with values (value:1, negated:0, skipchannel:0) was added by 'ross'(id:6) to servergroup 'malo'(id:21)
2015-05-22 20:42:53.018705|INFO    |VirtualServer |  1| permission 'b_client_offline_textmessage_send'(id:218) with values (value:1, negated:0, skipchannel:0) was added by 'ross'(id:6) to servergroup 'malo'(id:21)
2015-05-22 20:42:53.019706|INFO    |VirtualServer |  1| permission 'i_ft_file_delete_power'(id:237) with values (value:75, negated:0, skipchannel:0) was added by 'ross'(id:6) to servergroup 'malo'(id:21)
2015-05-22 20:42:53.020706|INFO    |VirtualServer |  1| permission 'i_ft_file_rename_power'(id:239) with values (value:75, negated:0, skipchannel:0) was added by 'ross'(id:6) to servergroup 'malo'(id:21)
2015-05-22 20:42:53.021706|INFO    |VirtualServer |  1| permission 'i_ft_directory_create_power'(id:243) with values (value:75, negated:0, skipchannel:0) was added by 'ross'(id:6) to servergroup 'malo'(id:21)
2015-05-22 20:42:53.022706|INFO    |VirtualServer |  1| permission 'b_ft_ignore_password'(id:231) with values (value:1, negated:0, skipchannel:0) was added by 'ross'(id:6) to servergroup 'malo'(id:21)
2015-05-22 20:42:53.023706|INFO    |VirtualServer |  1| permission 'i_ft_file_upload_power'(id:233) with values (value:75, negated:0, skipchannel:0) was added by 'ross'(id:6) to servergroup 'malo'(id:21)
2015-05-22 20:42:53.024706|INFO    |VirtualServer |  1| permission 'i_ft_quota_mb_upload_per_client'(id:246) with values (value:-1, negated:0, skipchannel:0) was added by 'ross'(id:6) to servergroup 'malo'(id:21)
2015-05-22 20:42:53.025706|INFO    |VirtualServer |  1| permission 'i_ft_file_download_power'(id:235) with values (value:75, negated:0, skipchannel:0) was added by 'ross'(id:6) to servergroup 'malo'(id:21)
2015-05-22 20:42:53.025706|INFO    |VirtualServer |  1| permission 'i_ft_quota_mb_download_per_client'(id:245) with values (value:-1, negated:0, skipchannel:0) was added by 'ross'(id:6) to servergroup 'malo'(id:21)
2015-05-22 20:42:53.026706|INFO    |VirtualServer |  1| permission 'i_ft_file_browse_power'(id:241) with values (value:75, negated:0, skipchannel:0) was added by 'ross'(id:6) to servergroup 'malo'(id:21)
2015-05-22 20:42:53.027706|INFO    |VirtualServer |  1| permission 'b_channel_modify_make_permanent'(id:107) with values (value:1, negated:0, skipchannel:0) was added by 'ross'(id:6) to servergroup 'malo'(id:21)
2015-05-22 20:42:53.028706|INFO    |VirtualServer |  1| permission 'b_channel_modify_make_default'(id:106) with values (value:1, negated:0, skipchannel:0) was added by 'ross'(id:6) to servergroup 'malo'(id:21)
2015-05-22 20:42:53.029706|INFO    |VirtualServer |  1| permission 'b_channel_modify_make_semi_permanent'(id:108) with values (value:1, negated:0, skipchannel:0) was added by 'ross'(id:6) to servergroup 'malo'(id:21)
2015-05-22 20:42:53.030706|INFO    |VirtualServer |  1| permission 'b_channel_modify_make_temporary'(id:109) with values (value:1, negated:0, skipchannel:0) was added by 'ross'(id:6) to servergroup 'malo'(id:21)
2015-05-22 20:42:53.031706|INFO    |VirtualServer |  1| permission 'i_needed_modify_power_group_auto_update_type'(id:32914) with values (value:75, negated:0, skipchannel:0) was added by 'ross'(id:6) to servergroup 'malo'(id:21)
2015-05-22 20:42:53.032706|INFO    |VirtualServer |  1| permission 'i_needed_modify_power_group_is_permanent'(id:32913) with values (value:75, negated:0, skipchannel:0) was added by 'ross'(id:6) to servergroup 'malo'(id:21)
2015-05-22 20:42:53.033706|INFO    |VirtualServer |  1| permission 'i_needed_modify_power_client_talk_power'(id:32987) with values (value:75, negated:0, skipchannel:0) was added by 'ross'(id:6) to servergroup 'malo'(id:21)
2015-05-22 20:42:53.034706|INFO    |VirtualServer |  1| permission 'i_needed_modify_power_client_poke_power'(id:32989) with values (value:75, negated:0, skipchannel:0) was added by 'ross'(id:6) to servergroup 'malo'(id:21)
2015-05-22 20:42:53.035706|INFO    |VirtualServer |  1| permission 'i_needed_modify_power_client_max_clones_uid'(id:32941) with values (value:75, negated:0, skipchannel:0) was added by 'ross'(id:6) to servergroup 'malo'(id:21)
2015-05-22 20:42:53.036707|INFO    |VirtualServer |  1| permission 'i_needed_modify_power_client_ignore_antiflood'(id:32949) with values (value:75, negated:0, skipchannel:0) was added by 'ross'(id:6) to servergroup 'malo'(id:21)
2015-05-22 20:42:53.037707|INFO    |VirtualServer |  1| permission 'i_needed_modify_power_client_issue_client_query_command'(id:32950) with values (value:75, negated:0, skipchannel:0) was added by 'ross'(id:6) to servergroup 'malo'(id:21)
2015-05-22 20:42:53.038707|INFO    |VirtualServer |  1| permission 'i_needed_modify_power_channel_join_permanent'(id:32899) with values (value:75, negated:0, skipchannel:0) was added by 'ross'(id:6) to servergroup 'malo'(id:21)
2015-05-22 20:42:53.039707|INFO    |VirtualServer |  1| permission 'i_needed_modify_power_channel_join_semi_permanent'(id:32900) with values (value:75, negated:0, skipchannel:0) was added by 'ross'(id:6) to servergroup 'malo'(id:21)
2015-05-22 20:42:53.040707|INFO    |VirtualServer |  1| permission 'i_needed_modify_power_channel_join_temporary'(id:32901) with values (value:75, negated:0, skipchannel:0) was added by 'ross'(id:6) to servergroup 'malo'(id:21)
2015-05-22 20:42:53.040707|INFO    |VirtualServer |  1| permission 'i_needed_modify_power_channel_join_ignore_password'(id:32902) with values (value:75, negated:0, skipchannel:0) was added by 'ross'(id:6) to servergroup 'malo'(id:21)
2015-05-22 20:42:53.041707|INFO    |VirtualServer |  1| permission 'i_needed_modify_power_channel_join_ignore_maxclients'(id:32903) with values (value:75, negated:0, skipchannel:0) was added by 'ross'(id:6) to servergroup 'malo'(id:21)
2015-05-22 20:42:53.042707|INFO    |VirtualServer |  1| permission 'i_needed_modify_power_channel_join_power'(id:32904) with values (value:75, negated:0, skipchannel:0) was added by 'ross'(id:6) to servergroup 'malo'(id:21)
2015-05-22 20:42:53.043707|INFO    |VirtualServer |  1| permission 'i_needed_modify_power_virtualserver_token_use'(id:32806) with values (value:75, negated:0, skipchannel:0) was added by 'ross'(id:6) to servergroup 'malo'(id:21)
2015-05-22 20:42:53.044707|INFO    |VirtualServer |  1| permission 'i_needed_modify_power_channel_description_view_power'(id:32908) with values (value:75, negated:0, skipchannel:0) was added by 'ross'(id:6) to servergroup 'malo'(id:21)
2015-05-22 20:42:53.045707|INFO    |VirtualServer |  1| permission 'i_needed_modify_power_client_permissionoverview_view'(id:32958) with values (value:75, negated:0, skipchannel:0) was added by 'ross'(id:6) to servergroup 'malo'(id:21)
2015-05-22 20:42:53.046707|INFO    |VirtualServer |  1| permission 'i_needed_modify_power_client_permissionoverview_own'(id:32959) with values (value:75, negated:0, skipchannel:0) was added by 'ross'(id:6) to servergroup 'malo'(id:21)
2015-05-22 20:42:53.047707|INFO    |VirtualServer |  1| permission 'i_needed_modify_power_client_remoteaddress_view'(id:32960) with values (value:75, negated:0, skipchannel:0) was added by 'ross'(id:6) to servergroup 'malo'(id:21)
2015-05-22 20:42:53.048707|INFO    |VirtualServer |  1| permission 'i_needed_modify_power_client_serverquery_view_power'(id:32961) with values (value:75, negated:0, skipchannel:0) was added by 'ross'(id:6) to servergroup 'malo'(id:21)
2015-05-22 20:42:53.049707|INFO    |VirtualServer |  1| permission 'i_needed_modify_power_client_needed_serverquery_view_power'(id:32962) with values (value:75, negated:0, skipchannel:0) was added by 'ross'(id:6) to servergroup 'malo'(id:21)
2015-05-22 20:42:53.050707|INFO    |VirtualServer |  1| permission 'i_needed_modify_power_client_needed_complain_power'(id:32973) with values (value:75, negated:0, skipchannel:0) was added by 'ross'(id:6) to servergroup 'malo'(id:21)
2015-05-22 20:42:53.051707|INFO    |VirtualServer |  1| permission 'i_needed_modify_power_group_needed_modify_power'(id:32930) with values (value:75, negated:0, skipchannel:0) was added by 'ross'(id:6) to servergroup 'malo'(id:21)
2015-05-22 20:42:53.052707|INFO    |VirtualServer |  1| permission 'i_needed_modify_power_client_needed_ban_power'(id:32969) with values (value:75, negated:0, skipchannel:0) was added by 'ross'(id:6) to servergroup 'malo'(id:21)
2015-05-22 20:42:53.053707|INFO    |VirtualServer |  1| permission 'i_needed_modify_power_client_needed_kick_from_server_power'(id:32965) with values (value:75, negated:0, skipchannel:0) was added by 'ross'(id:6) to servergroup 'malo'(id:21)
2015-05-22 20:42:53.054708|INFO    |VirtualServer |  1| permission 'i_needed_modify_power_client_needed_kick_from_channel_power'(id:32967) with values (value:75, negated:0, skipchannel:0) was added by 'ross'(id:6) to servergroup 'malo'(id:21)
2015-05-22 20:42:53.055708|INFO    |VirtualServer |  1| permission 'i_needed_modify_power_group_needed_member_add_power'(id:32932) with values (value:75, negated:0, skipchannel:0) was added by 'ross'(id:6) to servergroup 'malo'(id:21)
2015-05-22 20:42:53.056708|INFO    |VirtualServer |  1| permission 'i_needed_modify_power_group_needed_member_remove_power'(id:32934) with values (value:75, negated:0, skipchannel:0) was added by 'ross'(id:6) to servergroup 'malo'(id:21)
2015-05-22 20:42:53.057708|INFO    |VirtualServer |  1| permission 'i_needed_modify_power_group_modify_power'(id:32929) with values (value:75, negated:0, skipchannel:0) was added by 'ross'(id:6) to servergroup 'malo'(id:21)
2015-05-22 20:42:53.058708|INFO    |VirtualServer |  1| permission 'i_needed_modify_power_permission_modify_power'(id:32935) with values (value:75, negated:0, skipchannel:0) was added by 'ross'(id:6) to servergroup 'malo'(id:21)
2015-05-22 20:42:53.059708|INFO    |VirtualServer |  1| permission 'i_needed_modify_power_client_permission_modify_power'(id:32939) with values (value:75, negated:0, skipchannel:0) was added by 'ross'(id:6) to servergroup 'malo'(id:21)
2015-05-22 20:42:53.060708|INFO    |VirtualServer |  1| permission 'i_needed_modify_power_client_needed_permission_modify_power'(id:32940) with values (value:75, negated:0, skipchannel:0) was added by 'ross'(id:6) to servergroup 'malo'(id:21)
2015-05-22 20:42:53.061708|INFO    |VirtualServer |  1| permission 'i_needed_modify_power_virtualserver_connectioninfo_view'(id:32792) with values (value:75, negated:0, skipchannel:0) was added by 'ross'(id:6) to servergroup 'malo'(id:21)
2015-05-22 20:42:53.061708|INFO    |VirtualServer |  1| permission 'i_needed_modify_power_channel_modify_power'(id:32889) with values (value:75, negated:0, skipchannel:0) was added by 'ross'(id:6) to servergroup 'malo'(id:21)
2015-05-22 20:42:53.063708|INFO    |VirtualServer |  1| permission 'i_needed_modify_power_client_complain_list'(id:32974) with values (value:75, negated:0, skipchannel:0) was added by 'ross'(id:6) to servergroup 'malo'(id:21)
2015-05-22 20:42:53.064708|INFO    |VirtualServer |  1| permission 'i_needed_modify_power_channel_permission_modify_power'(id:32847) with values (value:75, negated:0, skipchannel:0) was added by 'ross'(id:6) to servergroup 'malo'(id:21)
2015-05-22 20:42:53.065708|INFO    |VirtualServer |  1| permission 'i_needed_modify_power_client_needed_move_power'(id:32971) with values (value:75, negated:0, skipchannel:0) was added by 'ross'(id:6) to servergroup 'malo'(id:21)
2015-05-22 20:42:53.066708|INFO    |VirtualServer |  1| permission 'i_needed_modify_power_client_skip_channelgroup_permissions'(id:32946) with values (value:75, negated:0, skipchannel:0) was added by 'ross'(id:6) to servergroup 'malo'(id:21)
2015-05-22 20:42:53.066708|INFO    |VirtualServer |  1| permission 'i_needed_modify_power_virtualserver_join_ignore_password'(id:32810) with values (value:75, negated:0, skipchannel:0) was added by 'ross'(id:6) to servergroup 'malo'(id:21)
2015-05-22 20:42:53.067708|INFO    |VirtualServer |  1| permission 'i_needed_modify_power_virtualserver_modify_name'(id:32816) with values (value:75, negated:0, skipchannel:0) was added by 'ross'(id:6) to servergroup 'malo'(id:21)
2015-05-22 20:42:53.068708|INFO    |VirtualServer |  1| permission 'i_needed_modify_power_virtualserver_modify_welcomemessage'(id:32817) with values (value:75, negated:0, skipchannel:0) was added by 'ross'(id:6) to servergroup 'malo'(id:21)
2015-05-22 20:42:53.069708|INFO    |VirtualServer |  1| permission 'i_needed_modify_power_virtualserver_modify_password'(id:32820) with values (value:75, negated:0, skipchannel:0) was added by 'ross'(id:6) to servergroup 'malo'(id:21)
2015-05-22 20:42:53.070708|INFO    |VirtualServer |  1| permission 'i_needed_modify_power_virtualserver_modify_icon_id'(id:32838) with values (value:75, negated:0, skipchannel:0) was added by 'ross'(id:6) to servergroup 'malo'(id:21)
2015-05-22 20:42:53.071709|INFO    |VirtualServer |  1| permission 'i_needed_modify_power_virtualserver_modify_weblist'(id:32839) with values (value:75, negated:0, skipchannel:0) was added by 'ross'(id:6) to servergroup 'malo'(id:21)
2015-05-22 20:42:53.072709|INFO    |VirtualServer |  1| permission 'i_needed_modify_power_virtualserver_modify_codec_encryption_mode'(id:32840) with values (value:75, negated:0, skipchannel:0) was added by 'ross'(id:6) to servergroup 'malo'(id:21)
2015-05-22 20:42:53.073709|INFO    |VirtualServer |  1| permission 'i_needed_modify_power_client_use_reserved_slot'(id:32951) with values (value:75, negated:0, skipchannel:0) was added by 'ross'(id:6) to servergroup 'malo'(id:21)
2015-05-22 20:42:53.074709|INFO    |VirtualServer |  1| permission 'i_needed_modify_power_virtualserver_log_view'(id:32808) with values (value:75, negated:0, skipchannel:0) was added by 'ross'(id:6) to servergroup 'malo'(id:21)
2015-05-22 20:42:53.075709|INFO    |VirtualServer |  1| permission 'i_needed_modify_power_virtualserver_client_dblist'(id:32797) with values (value:75, negated:0, skipchannel:0) was added by 'ross'(id:6) to servergroup 'malo'(id:21)
2015-05-22 20:42:53.076709|INFO    |VirtualServer |  1| permission 'i_needed_modify_power_virtualserver_servergroup_create'(id:32927) with values (value:75, negated:0, skipchannel:0) was added by 'ross'(id:6) to servergroup 'malo'(id:21)
2015-05-22 20:42:53.077709|INFO    |VirtualServer |  1| permission 'i_needed_modify_power_virtualserver_channelgroup_create'(id:32928) with values (value:75, negated:0, skipchannel:0) was added by 'ross'(id:6) to servergroup 'malo'(id:21)
2015-05-22 20:42:53.078709|INFO    |VirtualServer |  1| permission 'i_needed_modify_power_virtualserver_servergroup_delete'(id:32937) with values (value:75, negated:0, skipchannel:0) was added by 'ross'(id:6) to servergroup 'malo'(id:21)
2015-05-22 20:42:53.079709|INFO    |VirtualServer |  1| permission 'i_needed_modify_power_virtualserver_channelgroup_delete'(id:32938) with values (value:75, negated:0, skipchannel:0) was added by 'ross'(id:6) to servergroup 'malo'(id:21)
2015-05-22 20:42:53.080709|INFO    |VirtualServer |  1| permission 'i_needed_modify_power_icon_manage'(id:32912) with values (value:75, negated:0, skipchannel:0) was added by 'ross'(id:6) to servergroup 'malo'(id:21)
2015-05-22 20:42:53.081709|INFO    |VirtualServer |  1| permission 'i_needed_modify_power_max_icon_filesize'(id:32911) with values (value:75, negated:0, skipchannel:0) was added by 'ross'(id:6) to servergroup 'malo'(id:21)
2015-05-22 20:42:53.082709|INFO    |VirtualServer |  1| permission 'i_needed_modify_power_virtualserver_servergroup_permission_list'(id:32919) with values (value:75, negated:0, skipchannel:0) was added by 'ross'(id:6) to servergroup 'malo'(id:21)
2015-05-22 20:42:53.083709|INFO    |VirtualServer |  1| permission 'i_needed_modify_power_virtualserver_channelgroup_permission_list'(id:32922) with values (value:75, negated:0, skipchannel:0) was added by 'ross'(id:6) to servergroup 'malo'(id:21)
2015-05-22 20:42:53.084709|INFO    |VirtualServer |  1| permission 'i_needed_modify_power_virtualserver_client_permission_list'(id:32924) with values (value:75, negated:0, skipchannel:0) was added by 'ross'(id:6) to servergroup 'malo'(id:21)
2015-05-22 20:42:53.085709|INFO    |VirtualServer |  1| permission 'i_needed_modify_power_virtualserver_channel_permission_list'(id:32925) with values (value:75, negated:0, skipchannel:0) was added by 'ross'(id:6) to servergroup 'malo'(id:21)
2015-05-22 20:42:53.086709|INFO    |VirtualServer |  1| permission 'i_needed_modify_power_virtualserver_channelclient_permission_list'(id:32926) with values (value:75, negated:0, skipchannel:0) was added by 'ross'(id:6) to servergroup 'malo'(id:21)
2015-05-22 20:42:53.087709|INFO    |VirtualServer |  1| permission 'i_needed_modify_power_virtualserver_servergroup_client_list'(id:32920) with values (value:75, negated:0, skipchannel:0) was added by 'ross'(id:6) to servergroup 'malo'(id:21)
2015-05-22 20:42:53.088709|INFO    |VirtualServer |  1| permission 'i_needed_modify_power_virtualserver_channelgroup_client_list'(id:32923) with values (value:75, negated:0, skipchannel:0) was added by 'ross'(id:6) to servergroup 'malo'(id:21)
2015-05-22 20:42:53.089710|INFO    |VirtualServer |  1| permission 'i_needed_modify_power_virtualserver_token_list'(id:32804) with values (value:75, negated:0, skipchannel:0) was added by 'ross'(id:6) to servergroup 'malo'(id:21)
2015-05-22 20:42:53.090710|INFO    |VirtualServer |  1| permission 'i_needed_modify_power_virtualserver_token_add'(id:32805) with values (value:75, negated:0, skipchannel:0) was added by 'ross'(id:6) to servergroup 'malo'(id:21)
2015-05-22 20:42:53.091710|INFO    |VirtualServer |  1| permission 'i_needed_modify_power_virtualserver_token_delete'(id:32807) with values (value:75, negated:0, skipchannel:0) was added by 'ross'(id:6) to servergroup 'malo'(id:21)
2015-05-22 20:42:53.092710|INFO    |VirtualServer |  1| permission 'i_needed_modify_power_group_member_add_power'(id:32931) with values (value:75, negated:0, skipchannel:0) was added by 'ross'(id:6) to servergroup 'malo'(id:21)
2015-05-22 20:42:53.093710|INFO    |VirtualServer |  1| permission 'i_needed_modify_power_group_member_remove_power'(id:32933) with values (value:75, negated:0, skipchannel:0) was added by 'ross'(id:6) to servergroup 'malo'(id:21)
2015-05-22 20:42:53.094710|INFO    |VirtualServer |  1| permission 'i_needed_modify_power_client_modify_description'(id:32994) with values (value:75, negated:0, skipchannel:0) was added by 'ross'(id:6) to servergroup 'malo'(id:21)
2015-05-22 20:42:53.095710|INFO    |VirtualServer |  1| permission 'i_needed_modify_power_client_modify_own_description'(id:32995) with values (value:75, negated:0, skipchannel:0) was added by 'ross'(id:6) to servergroup 'malo'(id:21)
2015-05-22 20:42:53.096710|INFO    |VirtualServer |  1| permission 'i_needed_modify_power_client_set_flag_talker'(id:32991) with values (value:75, negated:0, skipchannel:0) was added by 'ross'(id:6) to servergroup 'malo'(id:21)
2015-05-22 20:42:53.097710|INFO    |VirtualServer |  1| permission 'i_needed_modify_power_client_move_power'(id:32970) with values (value:75, negated:0, skipchannel:0) was added by 'ross'(id:6) to servergroup 'malo'(id:21)
2015-05-22 20:42:53.098710|INFO    |VirtualServer |  1| permission 'i_needed_modify_power_client_kick_from_channel_power'(id:32966) with values (value:75, negated:0, skipchannel:0) was added by 'ross'(id:6) to servergroup 'malo'(id:21)
2015-05-22 20:42:53.099710|INFO    |VirtualServer |  1| permission 'i_needed_modify_power_client_ban_power'(id:32968) with values (value:75, negated:0, skipchannel:0) was added by 'ross'(id:6) to servergroup 'malo'(id:21)
2015-05-22 20:42:53.100710|INFO    |VirtualServer |  1| permission 'i_needed_modify_power_client_ban_list'(id:32977) with values (value:75, negated:0, skipchannel:0) was added by 'ross'(id:6) to servergroup 'malo'(id:21)
2015-05-22 20:42:53.101710|INFO    |VirtualServer |  1| permission 'i_needed_modify_power_client_ban_delete_own'(id:32979) with values (value:75, negated:0, skipchannel:0) was added by 'ross'(id:6) to servergroup 'malo'(id:21)
2015-05-22 20:42:53.102710|INFO    |VirtualServer |  1| permission 'i_needed_modify_power_client_ban_create'(id:32978) with values (value:75, negated:0, skipchannel:0) was added by 'ross'(id:6) to servergroup 'malo'(id:21)
2015-05-22 20:42:53.103710|INFO    |VirtualServer |  1| permission 'i_needed_modify_power_client_ban_delete'(id:32980) with values (value:75, negated:0, skipchannel:0) was added by 'ross'(id:6) to servergroup 'malo'(id:21)
2015-05-22 20:42:53.104710|INFO    |VirtualServer |  1| permission 'i_needed_modify_power_client_ban_max_bantime'(id:32981) with values (value:75, negated:0, skipchannel:0) was added by 'ross'(id:6) to servergroup 'malo'(id:21)
2015-05-22 20:42:53.105710|INFO    |VirtualServer |  1| permission 'i_needed_modify_power_client_ignore_bans'(id:32948) with values (value:75, negated:0, skipchannel:0) was added by 'ross'(id:6) to servergroup 'malo'(id:21)
2015-05-22 20:42:53.106711|INFO    |VirtualServer |  1| permission 'i_needed_modify_power_client_kick_from_server_power'(id:32964) with values (value:75, negated:0, skipchannel:0) was added by 'ross'(id:6) to servergroup 'malo'(id:21)
2015-05-22 20:42:53.107711|INFO    |VirtualServer |  1| permission 'i_needed_modify_power_channel_modify_name'(id:32878) with values (value:75, negated:0, skipchannel:0) was added by 'ross'(id:6) to servergroup 'malo'(id:21)
2015-05-22 20:42:53.107711|INFO    |VirtualServer |  1| permission 'i_needed_modify_power_channel_modify_topic'(id:32879) with values (value:75, negated:0, skipchannel:0) was added by 'ross'(id:6) to servergroup 'malo'(id:21)
2015-05-22 20:42:53.108711|INFO    |VirtualServer |  1| permission 'i_needed_modify_power_channel_modify_description'(id:32880) with values (value:75, negated:0, skipchannel:0) was added by 'ross'(id:6) to servergroup 'malo'(id:21)
2015-05-22 20:42:53.109711|INFO    |VirtualServer |  1| permission 'i_needed_modify_power_channel_modify_password'(id:32881) with values (value:75, negated:0, skipchannel:0) was added by 'ross'(id:6) to servergroup 'malo'(id:21)
2015-05-22 20:42:53.110711|INFO    |VirtualServer |  1| permission 'i_needed_modify_power_channel_modify_codec'(id:32882) with values (value:75, negated:0, skipchannel:0) was added by 'ross'(id:6) to servergroup 'malo'(id:21)
2015-05-22 20:42:53.111711|INFO    |VirtualServer |  1| permission 'i_needed_modify_power_channel_modify_codec_quality'(id:32883) with values (value:75, negated:0, skipchannel:0) was added by 'ross'(id:6) to servergroup 'malo'(id:21)
2015-05-22 20:42:53.112711|INFO    |VirtualServer |  1| permission 'i_needed_modify_power_channel_modify_codec_latency_factor'(id:32884) with values (value:75, negated:0, skipchannel:0) was added by 'ross'(id:6) to servergroup 'malo'(id:21)
2015-05-22 20:42:53.113711|INFO    |VirtualServer |  1| permission 'i_needed_modify_power_channel_modify_maxclients'(id:32885) with values (value:75, negated:0, skipchannel:0) was added by 'ross'(id:6) to servergroup 'malo'(id:21)
2015-05-22 20:42:53.114711|INFO    |VirtualServer |  1| permission 'i_needed_modify_power_channel_modify_maxfamilyclients'(id:32886) with values (value:75, negated:0, skipchannel:0) was added by 'ross'(id:6) to servergroup 'malo'(id:21)
2015-05-22 20:42:53.115711|INFO    |VirtualServer |  1| permission 'i_needed_modify_power_channel_modify_parent'(id:32873) with values (value:75, negated:0, skipchannel:0) was added by 'ross'(id:6) to servergroup 'malo'(id:21)
2015-05-22 20:42:53.116711|INFO    |VirtualServer |  1| permission 'i_needed_modify_power_channel_modify_sortorder'(id:32887) with values (value:75, negated:0, skipchannel:0) was added by 'ross'(id:6) to servergroup 'malo'(id:21)
2015-05-22 20:42:53.118711|INFO    |VirtualServer |  1| permission 'i_needed_modify_power_channel_modify_needed_talk_power'(id:32888) with values (value:75, negated:0, skipchannel:0) was added by 'ross'(id:6) to servergroup 'malo'(id:21)
2015-05-22 20:42:53.119711|INFO    |VirtualServer |  1| permission 'i_needed_modify_power_channel_modify_make_codec_encrypted'(id:32891) with values (value:75, negated:0, skipchannel:0) was added by 'ross'(id:6) to servergroup 'malo'(id:21)
2015-05-22 20:42:53.120711|INFO    |VirtualServer |  1| permission 'i_needed_modify_power_channel_create_child'(id:32850) with values (value:75, negated:0, skipchannel:0) was added by 'ross'(id:6) to servergroup 'malo'(id:21)
2015-05-22 20:42:53.120711|INFO    |VirtualServer |  1| permission 'i_needed_modify_power_channel_create_permanent'(id:32851) with values (value:75, negated:0, skipchannel:0) was added by 'ross'(id:6) to servergroup 'malo'(id:21)
2015-05-22 20:42:53.122711|INFO    |VirtualServer |  1| permission 'i_needed_modify_power_channel_create_semi_permanent'(id:32852) with values (value:75, negated:0, skipchannel:0) was added by 'ross'(id:6) to servergroup 'malo'(id:21)
2015-05-22 20:42:53.122711|INFO    |VirtualServer |  1| permission 'i_needed_modify_power_channel_create_temporary'(id:32853) with values (value:75, negated:0, skipchannel:0) was added by 'ross'(id:6) to servergroup 'malo'(id:21)
2015-05-22 20:42:53.123711|INFO    |VirtualServer |  1| permission 'i_needed_modify_power_channel_create_with_topic'(id:32855) with values (value:75, negated:0, skipchannel:0) was added by 'ross'(id:6) to servergroup 'malo'(id:21)
2015-05-22 20:42:53.124712|INFO    |VirtualServer |  1| permission 'i_needed_modify_power_channel_create_with_description'(id:32856) with values (value:75, negated:0, skipchannel:0) was added by 'ross'(id:6) to servergroup 'malo'(id:21)
2015-05-22 20:42:53.126712|INFO    |VirtualServer |  1| permission 'i_needed_modify_power_channel_create_with_password'(id:32857) with values (value:75, negated:0, skipchannel:0) was added by 'ross'(id:6) to servergroup 'malo'(id:21)
2015-05-22 20:42:53.127712|INFO    |VirtualServer |  1| permission 'i_needed_modify_power_channel_create_modify_with_codec_speex8'(id:32858) with values (value:75, negated:0, skipchannel:0) was added by 'ross'(id:6) to servergroup 'malo'(id:21)
2015-05-22 20:42:53.128712|INFO    |VirtualServer |  1| permission 'i_needed_modify_power_channel_create_modify_with_codec_speex16'(id:32859) with values (value:75, negated:0, skipchannel:0) was added by 'ross'(id:6) to servergroup 'malo'(id:21)
2015-05-22 20:42:53.128712|INFO    |VirtualServer |  1| permission 'i_needed_modify_power_channel_create_modify_with_codec_speex32'(id:32860) with values (value:75, negated:0, skipchannel:0) was added by 'ross'(id:6) to servergroup 'malo'(id:21)
2015-05-22 20:42:53.129712|INFO    |VirtualServer |  1| permission 'i_needed_modify_power_channel_create_modify_with_codec_maxquality'(id:32864) with values (value:75, negated:0, skipchannel:0) was added by 'ross'(id:6) to servergroup 'malo'(id:21)
2015-05-22 20:42:53.130712|INFO    |VirtualServer |  1| permission 'i_needed_modify_power_channel_create_modify_with_codec_latency_factor_min'(id:32865) with values (value:75, negated:0, skipchannel:0) was added by 'ross'(id:6) to servergroup 'malo'(id:21)
2015-05-22 20:42:53.131712|INFO    |VirtualServer |  1| permission 'i_needed_modify_power_channel_create_with_maxclients'(id:32866) with values (value:75, negated:0, skipchannel:0) was added by 'ross'(id:6) to servergroup 'malo'(id:21)
2015-05-22 20:42:53.132712|INFO    |VirtualServer |  1| permission 'i_needed_modify_power_channel_create_with_maxfamilyclients'(id:32867) with values (value:75, negated:0, skipchannel:0) was added by 'ross'(id:6) to servergroup 'malo'(id:21)
2015-05-22 20:42:53.134712|INFO    |VirtualServer |  1| permission 'i_needed_modify_power_channel_create_with_needed_talk_power'(id:32870) with values (value:75, negated:0, skipchannel:0) was added by 'ross'(id:6) to servergroup 'malo'(id:21)
2015-05-22 20:42:53.135712|INFO    |VirtualServer |  1| permission 'i_needed_modify_power_channel_create_modify_with_codec_celtmono48'(id:32861) with values (value:75, negated:0, skipchannel:0) was added by 'ross'(id:6) to servergroup 'malo'(id:21)
2015-05-22 20:42:53.136712|INFO    |VirtualServer |  1| permission 'i_needed_modify_power_channel_create_with_default'(id:32869) with values (value:75, negated:0, skipchannel:0) was added by 'ross'(id:6) to servergroup 'malo'(id:21)
2015-05-22 20:42:53.137712|INFO    |VirtualServer |  1| permission 'i_needed_modify_power_channel_max_depth'(id:32845) with values (value:75, negated:0, skipchannel:0) was added by 'ross'(id:6) to servergroup 'malo'(id:21)
2015-05-22 20:42:53.138712|INFO    |VirtualServer |  1| permission 'i_needed_modify_power_channel_create_with_sortorder'(id:32868) with values (value:75, negated:0, skipchannel:0) was added by 'ross'(id:6) to servergroup 'malo'(id:21)
2015-05-22 20:42:53.138712|INFO    |VirtualServer |  1| permission 'i_needed_modify_power_channel_delete_power'(id:32897) with values (value:75, negated:0, skipchannel:0) was added by 'ross'(id:6) to servergroup 'malo'(id:21)
2015-05-22 20:42:53.139712|INFO    |VirtualServer |  1| permission 'i_needed_modify_power_channel_delete_permanent'(id:32893) with values (value:75, negated:0, skipchannel:0) was added by 'ross'(id:6) to servergroup 'malo'(id:21)
2015-05-22 20:42:53.140712|INFO    |VirtualServer |  1| permission 'i_needed_modify_power_channel_delete_semi_permanent'(id:32894) with values (value:75, negated:0, skipchannel:0) was added by 'ross'(id:6) to servergroup 'malo'(id:21)
2015-05-22 20:42:53.141713|INFO    |VirtualServer |  1| permission 'i_needed_modify_power_channel_delete_temporary'(id:32895) with values (value:75, negated:0, skipchannel:0) was added by 'ross'(id:6) to servergroup 'malo'(id:21)
2015-05-22 20:42:53.142713|INFO    |VirtualServer |  1| permission 'i_needed_modify_power_channel_delete_flag_force'(id:32896) with values (value:75, negated:0, skipchannel:0) was added by 'ross'(id:6) to servergroup 'malo'(id:21)
2015-05-22 20:42:53.144713|INFO    |VirtualServer |  1| permission 'i_needed_modify_power_client_max_avatar_filesize'(id:32943) with values (value:75, negated:0, skipchannel:0) was added by 'ross'(id:6) to servergroup 'malo'(id:21)
2015-05-22 20:42:53.145713|INFO    |VirtualServer |  1| permission 'i_needed_modify_power_client_use_channel_commander'(id:32952) with values (value:75, negated:0, skipchannel:0) was added by 'ross'(id:6) to servergroup 'malo'(id:21)
2015-05-22 20:42:53.145713|INFO    |VirtualServer |  1| permission 'i_needed_modify_power_client_max_channel_subscriptions'(id:32944) with values (value:75, negated:0, skipchannel:0) was added by 'ross'(id:6) to servergroup 'malo'(id:21)
2015-05-22 20:42:53.146713|INFO    |VirtualServer |  1| permission 'i_needed_modify_power_channel_subscribe_power'(id:32906) with values (value:75, negated:0, skipchannel:0) was added by 'ross'(id:6) to servergroup 'malo'(id:21)
2015-05-22 20:42:53.147713|INFO    |VirtualServer |  1| permission 'i_needed_modify_power_client_private_textmessage_power'(id:32982) with values (value:75, negated:0, skipchannel:0) was added by 'ross'(id:6) to servergroup 'malo'(id:21)
2015-05-22 20:42:53.148713|INFO    |VirtualServer |  1| permission 'i_needed_modify_power_client_server_textmessage_send'(id:32984) with values (value:75, negated:0, skipchannel:0) was added by 'ross'(id:6) to servergroup 'malo'(id:21)
2015-05-22 20:42:53.149713|INFO    |VirtualServer |  1| permission 'i_needed_modify_power_client_channel_textmessage_send'(id:32985) with values (value:75, negated:0, skipchannel:0) was added by 'ross'(id:6) to servergroup 'malo'(id:21)
2015-05-22 20:42:53.150713|INFO    |VirtualServer |  1| permission 'i_needed_modify_power_client_offline_textmessage_send'(id:32986) with values (value:75, negated:0, skipchannel:0) was added by 'ross'(id:6) to servergroup 'malo'(id:21)
2015-05-22 20:42:53.151713|INFO    |VirtualServer |  1| permission 'i_needed_modify_power_ft_file_delete_power'(id:33005) with values (value:75, negated:0, skipchannel:0) was added by 'ross'(id:6) to servergroup 'malo'(id:21)
2015-05-22 20:42:53.152713|INFO    |VirtualServer |  1| permission 'i_needed_modify_power_ft_file_rename_power'(id:33007) with values (value:75, negated:0, skipchannel:0) was added by 'ross'(id:6) to servergroup 'malo'(id:21)
2015-05-22 20:42:53.153713|INFO    |VirtualServer |  1| permission 'i_needed_modify_power_ft_directory_create_power'(id:33011) with values (value:75, negated:0, skipchannel:0) was added by 'ross'(id:6) to servergroup 'malo'(id:21)
2015-05-22 20:42:53.154713|INFO    |VirtualServer |  1| permission 'i_needed_modify_power_ft_ignore_password'(id:32999) with values (value:75, negated:0, skipchannel:0) was added by 'ross'(id:6) to servergroup 'malo'(id:21)
2015-05-22 20:42:53.155713|INFO    |VirtualServer |  1| permission 'i_needed_modify_power_ft_file_upload_power'(id:33001) with values (value:75, negated:0, skipchannel:0) was added by 'ross'(id:6) to servergroup 'malo'(id:21)
2015-05-22 20:42:53.156713|INFO    |VirtualServer |  1| permission 'i_needed_modify_power_ft_quota_mb_upload_per_client'(id:33014) with values (value:75, negated:0, skipchannel:0) was added by 'ross'(id:6) to servergroup 'malo'(id:21)
2015-05-22 20:42:53.157713|INFO    |VirtualServer |  1| permission 'i_needed_modify_power_ft_file_download_power'(id:33003) with values (value:75, negated:0, skipchannel:0) was added by 'ross'(id:6) to servergroup 'malo'(id:21)
2015-05-22 20:42:53.158713|INFO    |VirtualServer |  1| permission 'i_needed_modify_power_ft_quota_mb_download_per_client'(id:33013) with values (value:75, negated:0, skipchannel:0) was added by 'ross'(id:6) to servergroup 'malo'(id:21)
2015-05-22 20:42:53.159714|INFO    |VirtualServer |  1| permission 'i_needed_modify_power_ft_file_browse_power'(id:33009) with values (value:75, negated:0, skipchannel:0) was added by 'ross'(id:6) to servergroup 'malo'(id:21)
2015-05-22 20:42:53.160714|INFO    |VirtualServer |  1| permission 'i_needed_modify_power_channel_modify_make_permanent'(id:32875) with values (value:75, negated:0, skipchannel:0) was added by 'ross'(id:6) to servergroup 'malo'(id:21)
2015-05-22 20:42:53.161714|INFO    |VirtualServer |  1| permission 'i_needed_modify_power_channel_modify_make_default'(id:32874) with values (value:75, negated:0, skipchannel:0) was added by 'ross'(id:6) to servergroup 'malo'(id:21)
2015-05-22 20:42:53.162714|INFO    |VirtualServer |  1| permission 'i_needed_modify_power_channel_modify_make_semi_permanent'(id:32876) with values (value:75, negated:0, skipchannel:0) was added by 'ross'(id:6) to servergroup 'malo'(id:21)
2015-05-22 20:42:53.163714|INFO    |VirtualServer |  1| permission 'i_needed_modify_power_channel_modify_make_temporary'(id:32877) with values (value:75, negated:0, skipchannel:0) was added by 'ross'(id:6) to servergroup 'malo'(id:21)
2015-05-22 20:43:07.382527|INFO    |VirtualServer |  1| permission 'i_needed_modify_power_client_ban_delete'(id:32980) was deleted by 'ross'(id:6) from servergroup 'malo'(id:21)
2015-05-22 20:43:07.389527|INFO    |VirtualServer |  1| permission 'i_needed_modify_power_client_ban_create'(id:32978) was deleted by 'ross'(id:6) from servergroup 'malo'(id:21)
2015-05-22 20:43:07.397528|INFO    |VirtualServer |  1| permission 'b_client_ban_delete'(id:212) was deleted by 'ross'(id:6) from servergroup 'malo'(id:21)
2015-05-22 20:43:07.404528|INFO    |VirtualServer |  1| permission 'b_client_ban_create'(id:210) was deleted by 'ross'(id:6) from servergroup 'malo'(id:21)
2015-05-22 20:43:07.415529|INFO    |VirtualServer |  1| permission 'i_client_move_power'(id:202) with values (value:60, negated:0, skipchannel:0) was added by 'ross'(id:6) to servergroup 'malo'(id:21)
2015-05-22 20:43:07.423529|INFO    |VirtualServer |  1| permission 'i_client_kick_from_channel_power'(id:198) with values (value:60, negated:0, skipchannel:0) was added by 'ross'(id:6) to servergroup 'malo'(id:21)
2015-05-22 20:43:07.431530|INFO    |VirtualServer |  1| permission 'i_client_ban_power'(id:200) with values (value:60, negated:0, skipchannel:0) was added by 'ross'(id:6) to servergroup 'malo'(id:21)
2015-05-22 20:43:07.440530|INFO    |VirtualServer |  1| permission 'i_client_kick_from_server_power'(id:196) with values (value:60, negated:0, skipchannel:0) was added by 'ross'(id:6) to servergroup 'malo'(id:21)
2015-05-22 20:43:16.505049|INFO    |VirtualServer |  1| file upload to (id:0), '/icon_3587593058' by client 'ross'(id:6)
2015-05-22 20:43:22.425387|INFO    |VirtualServer |  1| permission 'i_icon_id'(id:142) with values (value:-707374238, negated:0, skipchannel:0) was added by 'ross'(id:6) to servergroup 'malo'(id:21)
2015-05-22 20:43:29.528794|INFO    |VirtualServer |  1| client (id:289) was removed from servergroup 'Server Admin'(id:6) by client 'ross'(id:6)
2015-05-22 20:43:32.761979|INFO    |VirtualServer |  1| client (id:289) was added to servergroup 'malo'(id:21) by client 'ross'(id:6)
2015-05-22 20:43:56.171318|INFO    |VirtualServer |  1| permission 'i_icon_id'(id:142) with values (value:-707374238) was added by 'ross'(id:6) to channel 'CS: GO'(id:79)
2015-05-22 20:43:56.189319|INFO    |VirtualServerBase|  1| channel 'CS: GO'(id:79) edited by 'ross'(id:6)
2015-05-22 20:44:48.945336|INFO    |VirtualServer |  1| servergroup 'Papa McPlaymaker'(id:14) was deleted by 'ross'(id:6)
2015-05-22 20:44:58.718895|INFO    |VirtualServer |  1| servergroup 'super clint'(id:15) was deleted by 'ross'(id:6)
2015-05-22 20:49:22.487982|INFO    |VirtualServer |  1| file upload to (id:0), '/icon_826596338' by client 'ross'(id:6)
2015-05-22 20:49:27.026241|INFO    |VirtualServer |  1| permission 'i_icon_id'(id:142) with values (value:826596338) was added by 'ross'(id:6) to channel 'Call Of Duty 4'(id:13)
2015-05-22 20:49:27.045243|INFO    |VirtualServerBase|  1| channel 'Call Of Duty 4'(id:13) edited by 'ross'(id:6)
2015-05-22 20:55:09.394824|INFO    |VirtualServer |  1| file upload to (id:0), '/icon_3368099920' by client 'ross'(id:6)
2015-05-22 20:55:13.227043|INFO    |VirtualServer |  1| permission 'i_icon_id'(id:142) with values (value:-926867376) was added by 'ross'(id:6) to channel 'DayZ'(id:4)
2015-05-22 20:55:13.246044|INFO    |VirtualServerBase|  1| channel 'DayZ'(id:4) edited by 'ross'(id:6)
2015-05-22 20:55:58.852653|INFO    |VirtualServer |  1| file upload to (id:0), '/icon_1290332524' by client 'ross'(id:6)
2015-05-22 20:56:02.050836|INFO    |VirtualServer |  1| permission 'i_icon_id'(id:142) with values (value:1290332524) was added by 'ross'(id:6) to channel 'badlands'(id:37)
2015-05-22 20:56:02.069837|INFO    |VirtualServerBase|  1| channel 'badlands'(id:37) edited by 'ross'(id:6)
2015-05-22 20:59:11.316661|INFO    |VirtualServer |  1| file upload to (id:0), '/icon_2500821898' by client 'ross'(id:6)
2015-05-22 20:59:14.658852|INFO    |VirtualServer |  1| permission 'i_icon_id'(id:142) with values (value:-1794145398) was added by 'ross'(id:6) to channel 'Americas Army'(id:128)
2015-05-22 20:59:14.676853|INFO    |VirtualServerBase|  1| channel 'Americas Army'(id:128) edited by 'ross'(id:6)
2015-05-22 20:59:48.730801|INFO    |VirtualServer |  1| file upload to (id:0), '/icon_4156110713' by client 'ross'(id:6)
2015-05-22 20:59:51.573964|INFO    |VirtualServer |  1| permission 'i_icon_id'(id:142) with values (value:-138856583) was added by 'ross'(id:6) to channel 'H1Z1'(id:55)
2015-05-22 20:59:51.592965|INFO    |VirtualServerBase|  1| channel 'H1Z1'(id:55) edited by 'ross'(id:6)
2015-05-22 21:00:24.500847|INFO    |VirtualServer |  1| file upload to (id:0), '/icon_1945145520' by client 'ross'(id:6)
2015-05-22 21:00:27.315008|INFO    |VirtualServer |  1| permission 'i_icon_id'(id:142) with values (value:1945145520) was added by 'ross'(id:6) to channel 'Rust'(id:133)
2015-05-22 21:00:27.333009|INFO    |VirtualServerBase|  1| channel 'Rust'(id:133) edited by 'ross'(id:6)
2015-05-22 21:01:03.255063|INFO    |VirtualServer |  1| file upload to (id:0), '/icon_2970896053' by client 'ross'(id:6)
2015-05-22 21:01:06.940274|INFO    |VirtualServer |  1| permission 'i_icon_id'(id:142) with values (value:-1324071243) was added by 'ross'(id:6) to channel 'Battlefield 4'(id:6)
2015-05-22 21:01:06.958275|INFO    |VirtualServerBase|  1| channel 'Battlefield 4'(id:6) edited by 'ross'(id:6)
2015-05-22 21:01:50.226750|INFO    |VirtualServer |  1| file upload to (id:0), '/icon_3832209241' by client 'ross'(id:6)
2015-05-22 21:01:52.490880|INFO    |VirtualServer |  1| permission 'i_icon_id'(id:142) with values (value:-462758055) was added by 'ross'(id:6) to channel 'AFK'(id:8)
2015-05-22 21:01:52.510881|INFO    |VirtualServerBase|  1| channel 'AFK'(id:8) edited by 'ross'(id:6)
2015-05-22 21:03:31.540545|INFO    |VirtualServer |  1| file upload to (id:0), '/icon_1808028557' by client 'ross'(id:6)
2015-05-22 21:03:34.019687|INFO    |VirtualServer |  1| permission 'i_icon_id'(id:142) with values (value:1808028557) was added by 'ross'(id:6) to channel 'MW2'(id:58)
2015-05-22 21:03:34.037688|INFO    |VirtualServerBase|  1| channel 'MW2'(id:58) edited by 'ross'(id:6)
2015-05-22 21:04:31.819993|INFO    |VirtualServer |  1| file upload to (id:0), '/icon_3962926158' by client 'ross'(id:6)
2015-05-22 21:04:34.636154|INFO    |VirtualServer |  1| permission 'i_icon_id'(id:142) with values (value:-332041138) was added by 'ross'(id:6) to channel 'Civilization 5'(id:22)
2015-05-22 21:04:34.655155|INFO    |VirtualServerBase|  1| channel 'Civilization 5'(id:22) edited by 'ross'(id:6)
2015-05-22 21:08:36.403982|INFO    |VirtualServer |  1| file upload to (id:0), '/icon_1435825954' by client 'ross'(id:6)
2015-05-22 21:08:38.047076|INFO    |VirtualServer |  1| permission 'i_icon_id'(id:142) with values (value:1435825954, negated:0, skipchannel:0) was added by 'ross'(id:6) to servergroup 'Server Admin'(id:6)
2015-05-22 21:08:49.814749|INFO    |VirtualServer |  1| permission 'i_needed_modify_power_client_max_avatar_filesize'(id:32943) with values (value:75, negated:0, skipchannel:0) was added by 'ross'(id:6) to servergroup 'Server Admin'(id:6)
2015-05-22 21:09:21.169543|INFO    |VirtualServer |  1| client (id:3) was removed from servergroup 'Server Admin'(id:6) by client 'ross'(id:6)
2015-05-22 21:09:21.171543|INFO    |VirtualServer |  1| client (id:4) was removed from servergroup 'Server Admin'(id:6) by client 'ross'(id:6)
2015-05-22 21:09:21.172543|INFO    |VirtualServer |  1| client (id:7) was removed from servergroup 'Server Admin'(id:6) by client 'ross'(id:6)
2015-05-22 21:09:21.173543|INFO    |VirtualServer |  1| client (id:8) was removed from servergroup 'Server Admin'(id:6) by client 'ross'(id:6)
2015-05-22 21:09:21.175543|INFO    |VirtualServer |  1| client (id:9) was removed from servergroup 'Server Admin'(id:6) by client 'ross'(id:6)
2015-05-22 21:09:21.176543|INFO    |VirtualServer |  1| client (id:11) was removed from servergroup 'Server Admin'(id:6) by client 'ross'(id:6)
2015-05-22 21:09:21.177543|INFO    |VirtualServer |  1| client (id:14) was removed from servergroup 'Server Admin'(id:6) by client 'ross'(id:6)
2015-05-22 21:09:21.179543|INFO    |VirtualServer |  1| client (id:26) was removed from servergroup 'Server Admin'(id:6) by client 'ross'(id:6)
2015-05-22 21:09:21.180543|INFO    |VirtualServer |  1| client (id:27) was removed from servergroup 'Server Admin'(id:6) by client 'ross'(id:6)
2015-05-22 21:09:21.181543|INFO    |VirtualServer |  1| client (id:28) was removed from servergroup 'Server Admin'(id:6) by client 'ross'(id:6)
2015-05-22 21:09:21.183543|INFO    |VirtualServer |  1| client (id:29) was removed from servergroup 'Server Admin'(id:6) by client 'ross'(id:6)
2015-05-22 21:09:21.184543|INFO    |VirtualServer |  1| client (id:34) was removed from servergroup 'Server Admin'(id:6) by client 'ross'(id:6)
2015-05-22 21:09:21.185543|INFO    |VirtualServer |  1| client (id:41) was removed from servergroup 'Server Admin'(id:6) by client 'ross'(id:6)
2015-05-22 21:09:21.187544|INFO    |VirtualServer |  1| client (id:43) was removed from servergroup 'Server Admin'(id:6) by client 'ross'(id:6)
2015-05-22 21:09:21.188544|INFO    |VirtualServer |  1| client (id:105) was removed from servergroup 'Server Admin'(id:6) by client 'ross'(id:6)
2015-05-22 21:09:21.189544|INFO    |VirtualServer |  1| client (id:271) was removed from servergroup 'Server Admin'(id:6) by client 'ross'(id:6)
2015-05-22 21:09:21.190544|INFO    |VirtualServer |  1| client (id:276) was removed from servergroup 'Server Admin'(id:6) by client 'ross'(id:6)
2015-05-22 21:09:21.192544|INFO    |VirtualServer |  1| client (id:292) was removed from servergroup 'Server Admin'(id:6) by client 'ross'(id:6)
2015-05-22 21:09:21.193544|INFO    |VirtualServer |  1| client (id:317) was removed from servergroup 'Server Admin'(id:6) by client 'ross'(id:6)
2015-05-22 21:09:21.194544|INFO    |VirtualServer |  1| client (id:319) was removed from servergroup 'Server Admin'(id:6) by client 'ross'(id:6)
2015-05-22 21:09:21.196544|INFO    |VirtualServer |  1| client (id:332) was removed from servergroup 'Server Admin'(id:6) by client 'ross'(id:6)
2015-05-22 21:09:21.197544|INFO    |VirtualServer |  1| client (id:333) was removed from servergroup 'Server Admin'(id:6) by client 'ross'(id:6)
2015-05-22 21:09:21.198544|INFO    |VirtualServer |  1| client (id:349) was removed from servergroup 'Server Admin'(id:6) by client 'ross'(id:6)
2015-05-22 21:09:21.199544|INFO    |VirtualServer |  1| client (id:394) was removed from servergroup 'Server Admin'(id:6) by client 'ross'(id:6)
2015-05-22 21:09:53.633399|INFO    |VirtualServer |  1| client (id:4) was removed from servergroup 'super duper admin'(id:9) by client 'ross'(id:6)
2015-05-22 21:09:53.634399|INFO    |VirtualServer |  1| client (id:41) was removed from servergroup 'super duper admin'(id:9) by client 'ross'(id:6)
2015-05-22 21:09:53.636400|INFO    |VirtualServer |  1| client (id:100) was removed from servergroup 'super duper admin'(id:9) by client 'ross'(id:6)
2015-05-22 21:09:53.637400|INFO    |VirtualServer |  1| client (id:271) was removed from servergroup 'super duper admin'(id:9) by client 'ross'(id:6)
2015-05-22 21:09:53.638400|INFO    |VirtualServer |  1| client (id:319) was removed from servergroup 'super duper admin'(id:9) by client 'ross'(id:6)
2015-05-22 21:09:53.639400|INFO    |VirtualServer |  1| client (id:349) was removed from servergroup 'super duper admin'(id:9) by client 'ross'(id:6)
2015-05-22 21:09:53.641400|INFO    |VirtualServer |  1| client (id:386) was removed from servergroup 'super duper admin'(id:9) by client 'ross'(id:6)
2015-05-22 21:09:53.642400|INFO    |VirtualServer |  1| client (id:394) was removed from servergroup 'super duper admin'(id:9) by client 'ross'(id:6)
2015-05-22 21:12:09.176152|INFO    |VirtualServer |  1| file upload to (id:0), '/icon_749927939' by client 'ross'(id:6)
2015-05-22 21:12:11.871306|INFO    |VirtualServer |  1| permission 'i_icon_id'(id:142) with values (value:749927939, negated:0, skipchannel:0) was added by 'ross'(id:6) to servergroup 'malo'(id:21)
2015-05-22 21:12:44.453170|INFO    |VirtualServer |  1| client '&#9734; Malo &#9734;'(id:289) was added to channelgroup 'Guest'(id:8) by client 'ross'(id:6) in channel 'Robaphet'(id:114)
2015-05-22 21:18:20.078366|INFO    |VirtualServer |  1| file upload to (id:0), '/icon_3276971839' by client 'ross'(id:6)
2015-05-22 21:18:22.955531|INFO    |VirtualServer |  1| permission 'i_icon_id'(id:142) with values (value:-1017995457) was added by 'ross'(id:6) to channel 'General Chat'(id:30)
2015-05-22 21:18:22.973532|INFO    |VirtualServerBase|  1| channel 'General Chat'(id:30) edited by 'ross'(id:6)
2015-05-22 21:18:31.618026|INFO    |VirtualServerBase|  1| channel 'Malluo is bae  :3'(id:57) deleted by 'ross'(id:6)
2015-05-22 21:27:30.286836|INFO    |VirtualServer |  1| client 'ross'(id:6) was added to channelgroup 'Guest'(id:8) by client 'ross'(id:6) in channel 'Rust'(id:133)
2015-05-22 21:29:16.302900|INFO    |VirtualServerBase|  1| query client disconnected 'serveradmin from 127.0.0.1:1081'(id:1) reason 'reasonmsg=disconnecting'
2015-05-22 21:43:46.042647|INFO    |VirtualServerBase|  1| channel 'admins'(id:9) edited by 'ross'(id:6)
2015-05-22 21:43:46.046647|INFO    |VirtualServer |  1| permission 'i_channel_needed_subscribe_power'(id:139) with values (value:75) was added by 'ross'(id:6) to channel 'admins'(id:9)
2015-05-22 21:43:46.051647|INFO    |VirtualServer |  1| permission 'i_channel_needed_join_power'(id:137) with values (value:75) was added by 'ross'(id:6) to channel 'admins'(id:9)
2015-05-22 21:43:57.108279|INFO    |VirtualServer |  1| permission 'i_ft_needed_directory_create_power'(id:244) with values (value:75) was added by 'ross'(id:6) to channel 'admins'(id:9)
2015-05-22 21:43:57.112280|INFO    |VirtualServer |  1| permission 'i_ft_needed_file_browse_power'(id:242) with values (value:75) was added by 'ross'(id:6) to channel 'admins'(id:9)
2015-05-22 21:43:57.115280|INFO    |VirtualServer |  1| permission 'i_ft_needed_file_download_power'(id:236) with values (value:75) was added by 'ross'(id:6) to channel 'admins'(id:9)
2015-05-22 21:43:57.119280|INFO    |VirtualServer |  1| permission 'i_ft_needed_file_rename_power'(id:240) with values (value:75) was added by 'ross'(id:6) to channel 'admins'(id:9)
2015-05-22 21:43:57.122280|INFO    |VirtualServer |  1| permission 'i_ft_needed_file_upload_power'(id:234) with values (value:75) was added by 'ross'(id:6) to channel 'admins'(id:9)
2015-05-22 21:45:12.073567|INFO    |VirtualServer |  1| file upload to (id:0), '/icon_1348795640' by client 'ross'(id:6)
2015-05-22 21:45:14.451703|INFO    |VirtualServer |  1| permission 'i_icon_id'(id:142) with values (value:1348795640) was added by 'ross'(id:6) to channel 'admins'(id:9)
2015-05-22 21:45:14.469704|INFO    |VirtualServerBase|  1| channel 'admins'(id:9) edited by 'ross'(id:6)
2015-05-22 22:27:27.837006|INFO    |VirtualServer |  1| query client connected 'serveradmin from 127.0.0.1:3624'(id:1)
2015-05-22 22:27:37.667020|INFO    |VirtualServer |  1| client (id:397) was added to servergroup 'Admin Server Query'(id:2) by client 'serveradmin from 127.0.0.1:3624'(id:1)
2015-05-22 22:36:43.745967|INFO    |VirtualServer |  1| file upload to (id:0), '/icon_4181850459' by client 'ross'(id:397)
2015-05-22 22:37:34.606037|INFO    |VirtualServerBase|  1| channel 'Malo has a dooki stain'(id:135) created by 'Pedobear'(id:282)
2015-05-22 22:38:58.436153|INFO    |VirtualServerBase|  1| channel 'dooki stain'(id:135) edited by 'ross'(id:397)
2015-05-22 22:48:57.313980|INFO    |VirtualServerBase|  1| channel 'dooki stain'(id:135) deleted by 'server'(id:0)
2015-05-23 05:35:50.821988|INFO    |VirtualServerBase|  1| channel 'Rust 2'(id:136) created by 'Jaspyr'(id:393)
2015-05-23 07:13:31.530998|INFO    |VirtualServer |  1| client (id:276) was added to servergroup 'Server Admin'(id:6) by client 'ross'(id:253)
2015-05-25 23:59:29.506891|INFO    |VirtualServer |  1| client (id:393) was removed from servergroup 'Ryan'(id:20) by client 'Ritsu'(id:349)
2015-05-25 23:59:39.389456|INFO    |VirtualServer |  1| client 'Jaspyr'(id:393) was added to channelgroup 'Guest'(id:8) by client 'Ritsu'(id:349) in channel 'Rust 2'(id:136)
2015-05-26 00:00:37.190762|INFO    |VirtualServer |  1| client (id:393) was added to servergroup 'Ryan'(id:20) by client 'Ritsu'(id:349)
2015-05-26 02:37:48.743216|INFO    |VirtualServer |  1| client (id:349) was added to servergroup 'Server Admin'(id:6) by client 'Ritsu'(id:349)
2015-05-26 02:37:55.788619|INFO    |VirtualServer |  1| client (id:145) was added to servergroup 'Server Admin'(id:6) by client 'Ritsu'(id:349)
2015-05-26 17:11:21.777070|INFO    |VirtualServerBase|  1| query client disconnected 'serveradmin from 127.0.0.1:3624'(id:1) reason 'reasonmsg=disconnecting'
2015-05-26 22:39:59.859880|INFO    |VirtualServerBase|  1| channel 'rust 3'(id:137) created by 'TacosAndNachos'(id:318)
2015-05-26 22:45:00.167056|INFO    |VirtualServerBase|  1| channel 'rust 3'(id:137) deleted by 'server'(id:0)
2015-05-27 01:35:54.083547|INFO    |VirtualServerBase|  1| channel 'Guild Wars'(id:138) created by 'cullam3n'(id:419)
2015-05-27 02:38:06.044003|INFO    |VirtualServer |  1| client (id:271) was added to servergroup 'super duper admin'(id:9) by client 'Rudy'(id:100)
2015-05-27 02:40:04.562782|INFO    |VirtualServerBase|  1| channel 'Arma'(id:139) created by 'Rudy'(id:100)
2015-05-27 02:40:10.146101|INFO    |VirtualServerBase|  1| channel 'Arma'(id:139) edited by 'Rudy'(id:100)
2015-05-27 02:40:33.471435|INFO    |VirtualServerBase|  1| channel 'Arma'(id:139) edited by 'Rudy'(id:100)
2015-05-27 02:53:29.673831|INFO    |VirtualServer |  1| client (id:188) was added to servergroup 'super duper admin'(id:9) by client 'Rudy'(id:100)
2015-05-27 03:30:22.063373|INFO    |VirtualServer |  1| client (id:394) was added to servergroup 'Server Admin'(id:6) by client 'Vereor Nox'(id:394)
2015-05-27 04:18:25.211279|INFO    |VirtualServerBase|  1| channel 'Guild Wars'(id:138) deleted by 'server'(id:0)
2015-05-27 04:26:32.430147|INFO    |VirtualServerBase|  1| channel 'Arma'(id:139) deleted by 'server'(id:0)
2015-05-27 16:54:16.129204|INFO    |VirtualServer |  1| client (id:421) was added to servergroup 'Server Admin'(id:6) by client 'ross'(id:6)
2015-05-27 19:55:23.480781|INFO    |VirtualServer |  1| file upload to (id:122), '/stereo2ohm.png' by client 'Rudy'(id:421)
2015-05-27 19:55:47.425150|INFO    |VirtualServer |  1| file download from (id:122), '/stereo2ohm.png' by client 'Rudy'(id:421)
2015-05-27 19:56:00.566902|INFO    |VirtualServer |  1| file download from (id:122), '/stereo2ohm.png' by client 'ross'(id:6)
2015-05-27 19:57:09.030818|INFO    |VirtualServer |  1| file upload to (id:122), '/stereo8ohm.png' by client 'Rudy'(id:421)
2015-05-27 19:57:27.575878|INFO    |VirtualServer |  1| file download from (id:122), '/stereo8ohm.png' by client 'ross'(id:6)
2015-05-27 21:37:32.713353|INFO    |VirtualServer |  1| client 'Jaspyr1'(id:393) was added to channelgroup 'Guest'(id:8) by client '&#9734; Malo &#9734;'(id:289) in channel 'Rust 2'(id:136)
2015-05-28 14:19:02.058267|INFO    |VirtualServer |  1| permission 'i_icon_id'(id:142) with values (value:1945145520) was added by 'wagex'(id:6) to channel 'Rust 2'(id:136)
2015-05-28 14:19:02.082268|INFO    |VirtualServerBase|  1| channel 'Rust 2'(id:136) edited by 'wagex'(id:6)
2015-05-28 14:19:47.466864|INFO    |VirtualServerBase|  1| channel 'Robaphet'(id:114) deleted by 'wagex'(id:6)
2015-05-28 14:19:52.446149|INFO    |VirtualServerBase|  1| channel 'Working (literally working)'(id:122) deleted by 'wagex'(id:6)
