2016-08-23 13:31:28.625000|INFO    |ServerLibPriv |   | TeamSpeak 3 Server 3.0.10.3 (2014-01-01 16:28:39)
2016-08-23 13:31:28.734375|INFO    |ServerLibPriv |   | SystemInformation: Windows 7 SP1 (7601) x64 (AMD or Intel) Binary: 32bit
2016-08-23 13:31:29.110351|INFO    |DatabaseQuery |   | dbPlugin name:    SQLite3 plugin, Version 2, (c)TeamSpeak Systems GmbH
2016-08-23 13:31:29.110351|INFO    |DatabaseQuery |   | dbPlugin version: 3.7.3
2016-08-23 13:31:29.329101|INFO    |DatabaseQuery |   | checking database integrity (may take a while)
2016-08-23 13:31:30.766601|WARNING |Accounting    |   | Unable to find valid license key, falling back to limited functionality
2016-08-23 13:31:34.966796|INFO    |              |   | Puzzle precompute time: 3880
2016-08-23 13:31:35.091796|INFO    |FileManager   |   | listening on 0.0.0.0:30033
2016-08-23 13:31:36.623046|INFO    |CIDRManager   |   | updated query_ip_whitelist ips: 127.0.0.1, 
2016-08-23 13:31:36.623046|INFO    |Query         |   | listening on 0.0.0.0:10011
2016-08-23 15:29:15.258328|ERROR   |              |   | TS3ANetwork::ResolveHostName failed error: 11001 (No such host is known. ) 11001
2016-08-23 15:29:15.258328|ERROR   |              |   | TS3ANetwork::ResolveHostName failed error: 11001 (No such host is known. ) 11001
2016-08-23 15:29:15.258328|ERROR   |              |   | TS3ANetwork::ResolveHostName failed error: 11001 (No such host is known. ) 11001
2016-08-23 15:29:15.259304|ERROR   |              |   | TS3ANetwork::ResolveHostName failed error: 11001 (No such host is known. ) 11001
2016-08-23 15:29:15.259304|ERROR   |              |   | TS3ANetwork::ResolveHostName failed error: 11001 (No such host is known. ) 11001
2016-08-23 15:29:15.259304|ERROR   |              |   | TS3ANetwork::ResolveHostName failed error: 11001 (No such host is known. ) 11001
2016-08-23 15:29:15.259304|ERROR   |              |   | TS3ANetwork::ResolveHostName failed error: 11001 (No such host is known. ) 11001
2016-08-23 15:29:15.260281|ERROR   |              |   | TS3ANetwork::ResolveHostName failed error: 11001 (No such host is known. ) 11001
2016-08-23 15:29:15.260281|ERROR   |              |   | TS3ANetwork::ResolveHostName failed error: 11001 (No such host is known. ) 11001
2016-08-23 15:29:15.260281|ERROR   |              |   | TS3ANetwork::ResolveHostName failed error: 11001 (No such host is known. ) 11001
2016-08-23 15:29:15.260281|ERROR   |              |   | TS3ANetwork::ResolveHostName failed error: 11001 (No such host is known. ) 11001
2016-08-23 15:29:15.261257|ERROR   |              |   | TS3ANetwork::ResolveHostName failed error: 11001 (No such host is known. ) 11001
2016-08-23 15:29:15.261257|ERROR   |              |   | TS3ANetwork::ResolveHostName failed error: 11001 (No such host is known. ) 11001
2016-08-23 15:29:15.261257|ERROR   |              |   | TS3ANetwork::ResolveHostName failed error: 11001 (No such host is known. ) 11001
2016-08-23 15:29:15.261257|ERROR   |              |   | TS3ANetwork::ResolveHostName failed error: 11001 (No such host is known. ) 11001
2016-08-23 15:29:15.262234|ERROR   |              |   | TS3ANetwork::ResolveHostName failed error: 11001 (No such host is known. ) 11001
2016-08-23 15:29:15.262234|ERROR   |              |   | TS3ANetwork::ResolveHostName failed error: 11001 (No such host is known. ) 11001
2016-08-23 15:29:15.262234|ERROR   |              |   | TS3ANetwork::ResolveHostName failed error: 11001 (No such host is known. ) 11001
2016-08-23 15:29:15.262234|ERROR   |              |   | TS3ANetwork::ResolveHostName failed error: 11001 (No such host is known. ) 11001
2016-08-23 15:29:15.263210|ERROR   |              |   | TS3ANetwork::ResolveHostName failed error: 11001 (No such host is known. ) 11001
2016-08-23 15:29:15.263210|ERROR   |              |   | TS3ANetwork::ResolveHostName failed error: 11001 (No such host is known. ) 11001
2016-08-23 15:29:15.263210|ERROR   |              |   | TS3ANetwork::ResolveHostName failed error: 11001 (No such host is known. ) 11001
2016-08-23 15:29:15.263210|ERROR   |              |   | TS3ANetwork::ResolveHostName failed error: 11001 (No such host is known. ) 11001
2016-08-23 15:29:15.264187|ERROR   |              |   | TS3ANetwork::ResolveHostName failed error: 11001 (No such host is known. ) 11001
2016-08-23 15:29:15.264187|ERROR   |              |   | TS3ANetwork::ResolveHostName failed error: 11001 (No such host is known. ) 11001
2016-08-23 15:29:15.264187|ERROR   |              |   | TS3ANetwork::ResolveHostName failed error: 11001 (No such host is known. ) 11001
2016-08-23 15:29:15.264187|ERROR   |              |   | TS3ANetwork::ResolveHostName failed error: 11001 (No such host is known. ) 11001
2016-08-23 15:29:15.265164|ERROR   |              |   | TS3ANetwork::ResolveHostName failed error: 11001 (No such host is known. ) 11001
2016-08-23 15:29:15.265164|ERROR   |              |   | TS3ANetwork::ResolveHostName failed error: 11001 (No such host is known. ) 11001
2016-08-23 15:29:15.265164|ERROR   |              |   | TS3ANetwork::ResolveHostName failed error: 11001 (No such host is known. ) 11001
2016-08-23 15:29:15.265164|ERROR   |              |   | TS3ANetwork::ResolveHostName failed error: 11001 (No such host is known. ) 11001
2016-08-23 15:29:15.266140|ERROR   |              |   | TS3ANetwork::ResolveHostName failed error: 11001 (No such host is known. ) 11001
2016-08-23 15:29:15.266140|ERROR   |              |   | TS3ANetwork::ResolveHostName failed error: 11001 (No such host is known. ) 11001
2016-08-23 15:29:15.266140|ERROR   |              |   | TS3ANetwork::ResolveHostName failed error: 11001 (No such host is known. ) 11001
2016-08-23 15:29:15.266140|ERROR   |              |   | TS3ANetwork::ResolveHostName failed error: 11001 (No such host is known. ) 11001
2016-08-23 15:29:15.267117|ERROR   |              |   | TS3ANetwork::ResolveHostName failed error: 11001 (No such host is known. ) 11001
2016-08-23 15:29:15.267117|ERROR   |              |   | TS3ANetwork::ResolveHostName failed error: 11001 (No such host is known. ) 11001
2016-08-23 15:29:15.267117|ERROR   |              |   | TS3ANetwork::ResolveHostName failed error: 11001 (No such host is known. ) 11001
2016-08-23 15:29:15.267117|ERROR   |              |   | TS3ANetwork::ResolveHostName failed error: 11001 (No such host is known. ) 11001
2016-08-23 15:29:15.268093|ERROR   |              |   | TS3ANetwork::ResolveHostName failed error: 11001 (No such host is known. ) 11001
2016-08-23 15:29:15.268093|ERROR   |              |   | TS3ANetwork::ResolveHostName failed error: 11001 (No such host is known. ) 11001
2016-08-23 15:29:15.268093|ERROR   |              |   | TS3ANetwork::ResolveHostName failed error: 11001 (No such host is known. ) 11001
2016-08-23 15:29:15.268093|ERROR   |              |   | TS3ANetwork::ResolveHostName failed error: 11001 (No such host is known. ) 11001
2016-08-23 15:29:15.268093|ERROR   |              |   | TS3ANetwork::ResolveHostName failed error: 11001 (No such host is known. ) 11001
2016-08-23 15:29:15.269070|ERROR   |              |   | TS3ANetwork::ResolveHostName failed error: 11001 (No such host is known. ) 11001
2016-08-23 15:29:15.269070|ERROR   |              |   | TS3ANetwork::ResolveHostName failed error: 11001 (No such host is known. ) 11001
2016-08-23 15:29:15.269070|ERROR   |              |   | TS3ANetwork::ResolveHostName failed error: 11001 (No such host is known. ) 11001
2016-08-23 15:29:15.269070|ERROR   |              |   | TS3ANetwork::ResolveHostName failed error: 11001 (No such host is known. ) 11001
2016-08-23 15:29:15.270046|ERROR   |              |   | TS3ANetwork::ResolveHostName failed error: 11001 (No such host is known. ) 11001
2016-08-23 15:29:15.270046|ERROR   |              |   | TS3ANetwork::ResolveHostName failed error: 11001 (No such host is known. ) 11001
2016-08-23 15:29:15.270046|ERROR   |              |   | TS3ANetwork::ResolveHostName failed error: 11001 (No such host is known. ) 11001
2016-08-23 15:29:15.270046|ERROR   |              |   | TS3ANetwork::ResolveHostName failed error: 11001 (No such host is known. ) 11001
2016-08-23 15:29:15.271023|ERROR   |              |   | TS3ANetwork::ResolveHostName failed error: 11001 (No such host is known. ) 11001
2016-08-23 15:29:15.271023|ERROR   |              |   | TS3ANetwork::ResolveHostName failed error: 11001 (No such host is known. ) 11001
2016-08-23 15:29:15.271023|ERROR   |              |   | TS3ANetwork::ResolveHostName failed error: 11001 (No such host is known. ) 11001
2016-08-23 15:29:15.271023|ERROR   |              |   | TS3ANetwork::ResolveHostName failed error: 11001 (No such host is known. ) 11001
2016-08-23 15:29:15.272000|ERROR   |              |   | TS3ANetwork::ResolveHostName failed error: 11001 (No such host is known. ) 11001
2016-08-23 15:29:15.272000|ERROR   |              |   | TS3ANetwork::ResolveHostName failed error: 11001 (No such host is known. ) 11001
2016-08-23 15:29:15.272000|ERROR   |              |   | TS3ANetwork::ResolveHostName failed error: 11001 (No such host is known. ) 11001
2016-08-23 15:29:15.272000|ERROR   |              |   | TS3ANetwork::ResolveHostName failed error: 11001 (No such host is known. ) 11001
2016-08-23 15:29:15.272976|ERROR   |              |   | TS3ANetwork::ResolveHostName failed error: 11001 (No such host is known. ) 11001
2016-08-23 15:29:15.272976|ERROR   |              |   | TS3ANetwork::ResolveHostName failed error: 11001 (No such host is known. ) 11001
2016-08-23 15:29:15.272976|ERROR   |              |   | TS3ANetwork::ResolveHostName failed error: 11001 (No such host is known. ) 11001
2016-08-23 15:29:15.272976|ERROR   |              |   | TS3ANetwork::ResolveHostName failed error: 11001 (No such host is known. ) 11001
2016-08-23 15:29:15.273953|ERROR   |              |   | TS3ANetwork::ResolveHostName failed error: 11001 (No such host is known. ) 11001
2016-08-23 15:29:15.273953|ERROR   |              |   | TS3ANetwork::ResolveHostName failed error: 11001 (No such host is known. ) 11001
2016-08-23 15:29:15.273953|ERROR   |              |   | TS3ANetwork::ResolveHostName failed error: 11001 (No such host is known. ) 11001
2016-08-23 15:29:15.273953|ERROR   |              |   | TS3ANetwork::ResolveHostName failed error: 11001 (No such host is known. ) 11001
2016-08-23 15:29:15.274929|ERROR   |              |   | TS3ANetwork::ResolveHostName failed error: 11001 (No such host is known. ) 11001
2016-08-23 15:29:15.274929|ERROR   |              |   | TS3ANetwork::ResolveHostName failed error: 11001 (No such host is known. ) 11001
2016-08-23 15:29:15.274929|ERROR   |              |   | TS3ANetwork::ResolveHostName failed error: 11001 (No such host is known. ) 11001
2016-08-23 15:29:15.274929|ERROR   |              |   | TS3ANetwork::ResolveHostName failed error: 11001 (No such host is known. ) 11001
2016-08-23 15:29:15.274929|ERROR   |              |   | TS3ANetwork::ResolveHostName failed error: 11001 (No such host is known. ) 11001
2016-08-23 15:29:15.275906|ERROR   |              |   | TS3ANetwork::ResolveHostName failed error: 11001 (No such host is known. ) 11001
2016-08-23 15:29:15.275906|ERROR   |              |   | TS3ANetwork::ResolveHostName failed error: 11001 (No such host is known. ) 11001
2016-08-23 15:29:15.275906|ERROR   |              |   | TS3ANetwork::ResolveHostName failed error: 11001 (No such host is known. ) 11001
2016-08-23 15:29:15.275906|ERROR   |              |   | TS3ANetwork::ResolveHostName failed error: 11001 (No such host is known. ) 11001
2016-08-23 15:29:15.276882|ERROR   |              |   | TS3ANetwork::ResolveHostName failed error: 11001 (No such host is known. ) 11001
2016-08-23 15:29:15.276882|ERROR   |              |   | TS3ANetwork::ResolveHostName failed error: 11001 (No such host is known. ) 11001
2016-08-23 15:29:15.276882|ERROR   |              |   | TS3ANetwork::ResolveHostName failed error: 11001 (No such host is known. ) 11001
2016-08-23 15:29:15.276882|ERROR   |              |   | TS3ANetwork::ResolveHostName failed error: 11001 (No such host is known. ) 11001
2016-08-23 15:29:15.277859|ERROR   |              |   | TS3ANetwork::ResolveHostName failed error: 11001 (No such host is known. ) 11001
2016-08-23 15:29:15.278835|ERROR   |              |   | TS3ANetwork::ResolveHostName failed error: 11001 (No such host is known. ) 11001
2016-08-23 15:29:15.278835|ERROR   |              |   | TS3ANetwork::ResolveHostName failed error: 11001 (No such host is known. ) 11001
2016-08-23 15:29:15.278835|ERROR   |              |   | TS3ANetwork::ResolveHostName failed error: 11001 (No such host is known. ) 11001
2016-08-23 15:29:15.278835|ERROR   |              |   | TS3ANetwork::ResolveHostName failed error: 11001 (No such host is known. ) 11001
2016-08-23 15:29:15.279812|ERROR   |              |   | TS3ANetwork::ResolveHostName failed error: 11001 (No such host is known. ) 11001
2016-08-23 15:29:15.279812|ERROR   |              |   | TS3ANetwork::ResolveHostName failed error: 11001 (No such host is known. ) 11001
2016-08-23 15:29:15.279812|ERROR   |              |   | TS3ANetwork::ResolveHostName failed error: 11001 (No such host is known. ) 11001
2016-08-23 15:29:15.279812|ERROR   |              |   | TS3ANetwork::ResolveHostName failed error: 11001 (No such host is known. ) 11001
2016-08-23 15:29:15.279812|ERROR   |              |   | TS3ANetwork::ResolveHostName failed error: 11001 (No such host is known. ) 11001
2016-08-23 15:29:15.280789|ERROR   |              |   | TS3ANetwork::ResolveHostName failed error: 11001 (No such host is known. ) 11001
2016-08-23 15:29:15.280789|ERROR   |              |   | TS3ANetwork::ResolveHostName failed error: 11001 (No such host is known. ) 11001
2016-08-23 15:29:15.280789|ERROR   |              |   | TS3ANetwork::ResolveHostName failed error: 11001 (No such host is known. ) 11001
2016-08-23 15:29:15.280789|ERROR   |              |   | TS3ANetwork::ResolveHostName failed error: 11001 (No such host is known. ) 11001
2016-08-23 15:29:15.281765|ERROR   |              |   | TS3ANetwork::ResolveHostName failed error: 11001 (No such host is known. ) 11001
2016-08-23 15:29:15.281765|ERROR   |              |   | TS3ANetwork::ResolveHostName failed error: 11001 (No such host is known. ) 11001
2016-08-23 15:29:15.281765|ERROR   |              |   | TS3ANetwork::ResolveHostName failed error: 11001 (No such host is known. ) 11001
2016-08-23 15:29:15.281765|ERROR   |              |   | TS3ANetwork::ResolveHostName failed error: 11001 (No such host is known. ) 11001
2016-08-23 15:29:15.282742|ERROR   |              |   | TS3ANetwork::ResolveHostName failed error: 11001 (No such host is known. ) 11001
2016-08-23 15:29:15.282742|ERROR   |              |   | TS3ANetwork::ResolveHostName failed error: 11001 (No such host is known. ) 11001
2016-08-23 15:29:15.282742|ERROR   |              |   | TS3ANetwork::ResolveHostName failed error: 11001 (No such host is known. ) 11001
2016-08-23 15:29:15.282742|ERROR   |              |   | TS3ANetwork::ResolveHostName failed error: 11001 (No such host is known. ) 11001
2016-08-23 15:29:15.283718|ERROR   |              |   | TS3ANetwork::ResolveHostName failed error: 11001 (No such host is known. ) 11001
2016-08-23 15:29:15.283718|ERROR   |              |   | TS3ANetwork::ResolveHostName failed error: 11001 (No such host is known. ) 11001
2016-08-23 15:29:15.283718|ERROR   |              |   | TS3ANetwork::ResolveHostName failed error: 11001 (No such host is known. ) 11001
2016-08-23 15:29:15.283718|ERROR   |              |   | TS3ANetwork::ResolveHostName failed error: 11001 (No such host is known. ) 11001
2016-08-23 15:29:15.284695|ERROR   |              |   | TS3ANetwork::ResolveHostName failed error: 11001 (No such host is known. ) 11001
2016-08-23 15:29:15.284695|ERROR   |              |   | TS3ANetwork::ResolveHostName failed error: 11001 (No such host is known. ) 11001
2016-08-23 15:29:15.284695|ERROR   |              |   | TS3ANetwork::ResolveHostName failed error: 11001 (No such host is known. ) 11001
2016-08-23 15:29:15.284695|ERROR   |              |   | TS3ANetwork::ResolveHostName failed error: 11001 (No such host is known. ) 11001
2016-08-23 15:29:15.284695|ERROR   |              |   | TS3ANetwork::ResolveHostName failed error: 11001 (No such host is known. ) 11001
2016-08-23 15:29:15.285671|ERROR   |              |   | TS3ANetwork::ResolveHostName failed error: 11001 (No such host is known. ) 11001
2016-08-23 15:29:15.285671|ERROR   |              |   | TS3ANetwork::ResolveHostName failed error: 11001 (No such host is known. ) 11001
2016-08-23 15:29:15.285671|ERROR   |              |   | TS3ANetwork::ResolveHostName failed error: 11001 (No such host is known. ) 11001
2016-08-23 15:29:15.286648|ERROR   |              |   | TS3ANetwork::ResolveHostName failed error: 11001 (No such host is known. ) 11001
2016-08-23 15:29:15.286648|ERROR   |              |   | TS3ANetwork::ResolveHostName failed error: 11001 (No such host is known. ) 11001
2016-08-23 15:29:15.286648|ERROR   |              |   | TS3ANetwork::ResolveHostName failed error: 11001 (No such host is known. ) 11001
2016-08-23 15:29:15.286648|ERROR   |              |   | TS3ANetwork::ResolveHostName failed error: 11001 (No such host is known. ) 11001
2016-08-23 15:29:15.286648|ERROR   |              |   | TS3ANetwork::ResolveHostName failed error: 11001 (No such host is known. ) 11001
2016-08-23 15:29:15.287625|ERROR   |              |   | TS3ANetwork::ResolveHostName failed error: 11001 (No such host is known. ) 11001
2016-08-23 15:29:15.287625|ERROR   |              |   | TS3ANetwork::ResolveHostName failed error: 11001 (No such host is known. ) 11001
2016-08-23 15:29:15.287625|ERROR   |              |   | TS3ANetwork::ResolveHostName failed error: 11001 (No such host is known. ) 11001
2016-08-23 15:29:15.287625|ERROR   |              |   | TS3ANetwork::ResolveHostName failed error: 11001 (No such host is known. ) 11001
2016-08-23 15:29:15.288601|ERROR   |              |   | TS3ANetwork::ResolveHostName failed error: 11001 (No such host is known. ) 11001
2016-08-23 15:29:15.288601|ERROR   |              |   | TS3ANetwork::ResolveHostName failed error: 11001 (No such host is known. ) 11001
2016-08-23 15:29:15.288601|ERROR   |              |   | TS3ANetwork::ResolveHostName failed error: 11001 (No such host is known. ) 11001
2016-08-23 15:29:15.288601|ERROR   |              |   | TS3ANetwork::ResolveHostName failed error: 11001 (No such host is known. ) 11001
2016-08-23 15:29:15.288601|ERROR   |              |   | TS3ANetwork::ResolveHostName failed error: 11001 (No such host is known. ) 11001
2016-08-23 15:29:15.288601|ERROR   |              |   | TS3ANetwork::ResolveHostName failed error: 11001 (No such host is known. ) 11001
2016-08-23 15:29:15.289578|ERROR   |              |   | TS3ANetwork::ResolveHostName failed error: 11001 (No such host is known. ) 11001
2016-08-23 15:29:15.289578|ERROR   |              |   | TS3ANetwork::ResolveHostName failed error: 11001 (No such host is known. ) 11001
2016-08-23 15:29:15.289578|ERROR   |              |   | TS3ANetwork::ResolveHostName failed error: 11001 (No such host is known. ) 11001
2016-08-23 15:29:15.289578|ERROR   |              |   | TS3ANetwork::ResolveHostName failed error: 11001 (No such host is known. ) 11001
2016-08-23 15:29:15.289578|ERROR   |              |   | TS3ANetwork::ResolveHostName failed error: 11001 (No such host is known. ) 11001
2016-08-23 15:29:15.289578|ERROR   |              |   | TS3ANetwork::ResolveHostName failed error: 11001 (No such host is known. ) 11001
2016-08-23 15:29:15.289578|ERROR   |              |   | TS3ANetwork::ResolveHostName failed error: 11001 (No such host is known. ) 11001
2016-08-23 15:29:15.289578|ERROR   |              |   | TS3ANetwork::ResolveHostName failed error: 11001 (No such host is known. ) 11001
2016-08-23 15:29:15.290554|ERROR   |              |   | TS3ANetwork::ResolveHostName failed error: 11001 (No such host is known. ) 11001
2016-08-23 15:29:15.290554|ERROR   |              |   | TS3ANetwork::ResolveHostName failed error: 11001 (No such host is known. ) 11001
2016-08-23 15:29:15.290554|ERROR   |              |   | TS3ANetwork::ResolveHostName failed error: 11001 (No such host is known. ) 11001
2016-08-23 15:29:15.290554|ERROR   |              |   | TS3ANetwork::ResolveHostName failed error: 11001 (No such host is known. ) 11001
2016-08-23 15:29:15.290554|ERROR   |              |   | TS3ANetwork::ResolveHostName failed error: 11001 (No such host is known. ) 11001
2016-08-23 15:29:15.290554|ERROR   |              |   | TS3ANetwork::ResolveHostName failed error: 11001 (No such host is known. ) 11001
2016-08-23 15:29:15.290554|ERROR   |              |   | TS3ANetwork::ResolveHostName failed error: 11001 (No such host is known. ) 11001
2016-08-23 15:29:15.291531|ERROR   |              |   | TS3ANetwork::ResolveHostName failed error: 11001 (No such host is known. ) 11001
2016-08-23 15:29:15.291531|ERROR   |              |   | TS3ANetwork::ResolveHostName failed error: 11001 (No such host is known. ) 11001
2016-08-23 15:29:15.291531|ERROR   |              |   | TS3ANetwork::ResolveHostName failed error: 11001 (No such host is known. ) 11001
2016-08-23 15:29:15.291531|ERROR   |              |   | TS3ANetwork::ResolveHostName failed error: 11001 (No such host is known. ) 11001
2016-08-23 15:29:15.291531|ERROR   |              |   | TS3ANetwork::ResolveHostName failed error: 11001 (No such host is known. ) 11001
2016-08-23 15:29:15.291531|ERROR   |              |   | TS3ANetwork::ResolveHostName failed error: 11001 (No such host is known. ) 11001
2016-08-23 15:29:15.291531|ERROR   |              |   | TS3ANetwork::ResolveHostName failed error: 11001 (No such host is known. ) 11001
2016-08-23 15:29:15.291531|ERROR   |              |   | TS3ANetwork::ResolveHostName failed error: 11001 (No such host is known. ) 11001
2016-08-23 15:29:15.292507|ERROR   |              |   | TS3ANetwork::ResolveHostName failed error: 11001 (No such host is known. ) 11001
2016-08-23 15:29:15.292507|ERROR   |              |   | TS3ANetwork::ResolveHostName failed error: 11001 (No such host is known. ) 11001
2016-08-23 15:29:15.292507|ERROR   |              |   | TS3ANetwork::ResolveHostName failed error: 11001 (No such host is known. ) 11001
2016-08-23 15:29:15.292507|ERROR   |              |   | TS3ANetwork::ResolveHostName failed error: 11001 (No such host is known. ) 11001
2016-08-23 15:29:15.292507|ERROR   |              |   | TS3ANetwork::ResolveHostName failed error: 11001 (No such host is known. ) 11001
2016-08-23 15:29:15.292507|ERROR   |              |   | TS3ANetwork::ResolveHostName failed error: 11001 (No such host is known. ) 11001
2016-08-23 15:29:15.292507|ERROR   |              |   | TS3ANetwork::ResolveHostName failed error: 11001 (No such host is known. ) 11001
2016-08-23 15:29:15.293484|ERROR   |              |   | TS3ANetwork::ResolveHostName failed error: 11001 (No such host is known. ) 11001
2016-08-23 15:29:15.293484|ERROR   |              |   | TS3ANetwork::ResolveHostName failed error: 11001 (No such host is known. ) 11001
2016-08-23 15:29:15.293484|ERROR   |              |   | TS3ANetwork::ResolveHostName failed error: 11001 (No such host is known. ) 11001
2016-08-23 15:29:15.293484|ERROR   |              |   | TS3ANetwork::ResolveHostName failed error: 11001 (No such host is known. ) 11001
2016-08-23 15:29:15.293484|ERROR   |              |   | TS3ANetwork::ResolveHostName failed error: 11001 (No such host is known. ) 11001
2016-08-23 15:29:15.293484|ERROR   |              |   | TS3ANetwork::ResolveHostName failed error: 11001 (No such host is known. ) 11001
2016-08-23 15:29:15.293484|ERROR   |              |   | TS3ANetwork::ResolveHostName failed error: 11001 (No such host is known. ) 11001
2016-08-23 15:29:15.293484|ERROR   |              |   | TS3ANetwork::ResolveHostName failed error: 11001 (No such host is known. ) 11001
2016-08-23 15:29:15.294460|ERROR   |              |   | TS3ANetwork::ResolveHostName failed error: 11001 (No such host is known. ) 11001
2016-08-23 15:29:15.294460|ERROR   |              |   | TS3ANetwork::ResolveHostName failed error: 11001 (No such host is known. ) 11001
2016-08-23 15:29:15.294460|ERROR   |              |   | TS3ANetwork::ResolveHostName failed error: 11001 (No such host is known. ) 11001
2016-08-23 15:29:15.294460|ERROR   |              |   | TS3ANetwork::ResolveHostName failed error: 11001 (No such host is known. ) 11001
2016-08-23 15:29:15.294460|ERROR   |              |   | TS3ANetwork::ResolveHostName failed error: 11001 (No such host is known. ) 11001
2016-08-23 15:29:15.294460|ERROR   |              |   | TS3ANetwork::ResolveHostName failed error: 11001 (No such host is known. ) 11001
2016-08-23 15:29:15.294460|ERROR   |              |   | TS3ANetwork::ResolveHostName failed error: 11001 (No such host is known. ) 11001
2016-08-23 15:29:15.294460|ERROR   |              |   | TS3ANetwork::ResolveHostName failed error: 11001 (No such host is known. ) 11001
2016-08-23 15:29:15.295437|ERROR   |              |   | TS3ANetwork::ResolveHostName failed error: 11001 (No such host is known. ) 11001
2016-08-23 15:29:15.295437|ERROR   |              |   | TS3ANetwork::ResolveHostName failed error: 11001 (No such host is known. ) 11001
2016-08-23 15:29:15.295437|ERROR   |              |   | TS3ANetwork::ResolveHostName failed error: 11001 (No such host is known. ) 11001
2016-08-23 15:29:15.295437|ERROR   |              |   | TS3ANetwork::ResolveHostName failed error: 11001 (No such host is known. ) 11001
2016-08-23 15:29:15.296414|ERROR   |              |   | TS3ANetwork::ResolveHostName failed error: 11001 (No such host is known. ) 11001
2016-08-23 15:29:15.296414|ERROR   |              |   | TS3ANetwork::ResolveHostName failed error: 11001 (No such host is known. ) 11001
2016-08-23 15:29:15.296414|ERROR   |              |   | TS3ANetwork::ResolveHostName failed error: 11001 (No such host is known. ) 11001
2016-08-23 15:29:15.296414|ERROR   |              |   | TS3ANetwork::ResolveHostName failed error: 11001 (No such host is known. ) 11001
2016-08-23 15:29:15.296414|ERROR   |              |   | TS3ANetwork::ResolveHostName failed error: 11001 (No such host is known. ) 11001
2016-08-23 15:29:15.296414|ERROR   |              |   | TS3ANetwork::ResolveHostName failed error: 11001 (No such host is known. ) 11001
2016-08-23 15:29:15.296414|ERROR   |              |   | TS3ANetwork::ResolveHostName failed error: 11001 (No such host is known. ) 11001
2016-08-23 15:29:15.296414|ERROR   |              |   | TS3ANetwork::ResolveHostName failed error: 11001 (No such host is known. ) 11001
2016-08-23 15:29:15.297390|ERROR   |              |   | TS3ANetwork::ResolveHostName failed error: 11001 (No such host is known. ) 11001
2016-08-23 15:29:15.297390|ERROR   |              |   | TS3ANetwork::ResolveHostName failed error: 11001 (No such host is known. ) 11001
2016-08-23 15:29:15.297390|ERROR   |              |   | TS3ANetwork::ResolveHostName failed error: 11001 (No such host is known. ) 11001
2016-08-23 15:29:15.297390|ERROR   |              |   | TS3ANetwork::ResolveHostName failed error: 11001 (No such host is known. ) 11001
2016-08-23 15:29:15.297390|ERROR   |              |   | TS3ANetwork::ResolveHostName failed error: 11001 (No such host is known. ) 11001
2016-08-23 15:29:15.297390|ERROR   |              |   | TS3ANetwork::ResolveHostName failed error: 11001 (No such host is known. ) 11001
2016-08-23 15:29:15.297390|ERROR   |              |   | TS3ANetwork::ResolveHostName failed error: 11001 (No such host is known. ) 11001
2016-08-23 15:29:15.298367|ERROR   |              |   | TS3ANetwork::ResolveHostName failed error: 11001 (No such host is known. ) 11001
2016-08-23 15:29:15.298367|ERROR   |              |   | TS3ANetwork::ResolveHostName failed error: 11001 (No such host is known. ) 11001
2016-08-23 15:29:15.298367|ERROR   |              |   | TS3ANetwork::ResolveHostName failed error: 11001 (No such host is known. ) 11001
2016-08-23 15:29:15.298367|ERROR   |              |   | TS3ANetwork::ResolveHostName failed error: 11001 (No such host is known. ) 11001
2016-08-23 15:29:15.298367|ERROR   |              |   | TS3ANetwork::ResolveHostName failed error: 11001 (No such host is known. ) 11001
2016-08-23 15:29:15.298367|ERROR   |              |   | TS3ANetwork::ResolveHostName failed error: 11001 (No such host is known. ) 11001
2016-08-23 15:29:15.298367|ERROR   |              |   | TS3ANetwork::ResolveHostName failed error: 11001 (No such host is known. ) 11001
2016-08-23 15:29:15.298367|ERROR   |              |   | TS3ANetwork::ResolveHostName failed error: 11001 (No such host is known. ) 11001
2016-08-23 15:29:15.299343|ERROR   |              |   | TS3ANetwork::ResolveHostName failed error: 11001 (No such host is known. ) 11001
2016-08-23 15:29:15.299343|ERROR   |              |   | TS3ANetwork::ResolveHostName failed error: 11001 (No such host is known. ) 11001
2016-08-23 15:29:15.299343|ERROR   |              |   | TS3ANetwork::ResolveHostName failed error: 11001 (No such host is known. ) 11001
2016-08-23 15:29:15.299343|ERROR   |              |   | TS3ANetwork::ResolveHostName failed error: 11001 (No such host is known. ) 11001
2016-08-23 15:29:15.299343|ERROR   |              |   | TS3ANetwork::ResolveHostName failed error: 11001 (No such host is known. ) 11001
2016-08-23 15:29:15.299343|ERROR   |              |   | TS3ANetwork::ResolveHostName failed error: 11001 (No such host is known. ) 11001
2016-08-23 15:29:15.299343|ERROR   |              |   | TS3ANetwork::ResolveHostName failed error: 11001 (No such host is known. ) 11001
2016-08-23 15:29:15.300320|ERROR   |              |   | TS3ANetwork::ResolveHostName failed error: 11001 (No such host is known. ) 11001
2016-08-23 15:29:15.300320|ERROR   |              |   | TS3ANetwork::ResolveHostName failed error: 11001 (No such host is known. ) 11001
2016-08-23 15:29:15.300320|ERROR   |              |   | TS3ANetwork::ResolveHostName failed error: 11001 (No such host is known. ) 11001
2016-08-23 15:29:15.300320|ERROR   |              |   | TS3ANetwork::ResolveHostName failed error: 11001 (No such host is known. ) 11001
2016-08-23 15:29:15.300320|ERROR   |              |   | TS3ANetwork::ResolveHostName failed error: 11001 (No such host is known. ) 11001
2016-08-23 15:29:15.300320|ERROR   |              |   | TS3ANetwork::ResolveHostName failed error: 11001 (No such host is known. ) 11001
2016-08-23 15:29:15.300320|ERROR   |              |   | TS3ANetwork::ResolveHostName failed error: 11001 (No such host is known. ) 11001
2016-08-23 15:29:15.300320|ERROR   |              |   | TS3ANetwork::ResolveHostName failed error: 11001 (No such host is known. ) 11001
2016-08-23 15:29:15.301296|ERROR   |              |   | TS3ANetwork::ResolveHostName failed error: 11001 (No such host is known. ) 11001
2016-08-23 15:29:15.301296|ERROR   |              |   | TS3ANetwork::ResolveHostName failed error: 11001 (No such host is known. ) 11001
2016-08-23 15:29:15.301296|ERROR   |              |   | TS3ANetwork::ResolveHostName failed error: 11001 (No such host is known. ) 11001
2016-08-23 15:29:15.301296|ERROR   |              |   | TS3ANetwork::ResolveHostName failed error: 11001 (No such host is known. ) 11001
2016-08-23 15:29:15.301296|ERROR   |              |   | TS3ANetwork::ResolveHostName failed error: 11001 (No such host is known. ) 11001
2016-08-23 15:29:15.301296|ERROR   |              |   | TS3ANetwork::ResolveHostName failed error: 11001 (No such host is known. ) 11001
2016-08-23 15:29:15.301296|ERROR   |              |   | TS3ANetwork::ResolveHostName failed error: 11001 (No such host is known. ) 11001
2016-08-23 15:29:15.302273|ERROR   |              |   | TS3ANetwork::ResolveHostName failed error: 11001 (No such host is known. ) 11001
2016-08-23 15:29:15.302273|ERROR   |              |   | TS3ANetwork::ResolveHostName failed error: 11001 (No such host is known. ) 11001
2016-08-23 15:29:15.302273|ERROR   |              |   | TS3ANetwork::ResolveHostName failed error: 11001 (No such host is known. ) 11001
2016-08-23 15:29:15.302273|ERROR   |              |   | TS3ANetwork::ResolveHostName failed error: 11001 (No such host is known. ) 11001
2016-08-23 15:29:15.302273|ERROR   |              |   | TS3ANetwork::ResolveHostName failed error: 11001 (No such host is known. ) 11001
2016-08-23 15:29:15.302273|ERROR   |              |   | TS3ANetwork::ResolveHostName failed error: 11001 (No such host is known. ) 11001
2016-08-23 15:29:15.302273|ERROR   |              |   | TS3ANetwork::ResolveHostName failed error: 11001 (No such host is known. ) 11001
2016-08-23 15:29:15.303250|ERROR   |              |   | TS3ANetwork::ResolveHostName failed error: 11001 (No such host is known. ) 11001
2016-08-23 15:29:15.303250|ERROR   |              |   | TS3ANetwork::ResolveHostName failed error: 11001 (No such host is known. ) 11001
2016-08-23 15:29:15.303250|ERROR   |              |   | TS3ANetwork::ResolveHostName failed error: 11001 (No such host is known. ) 11001
2016-08-23 15:29:15.303250|ERROR   |              |   | TS3ANetwork::ResolveHostName failed error: 11001 (No such host is known. ) 11001
2016-08-23 15:29:15.303250|ERROR   |              |   | TS3ANetwork::ResolveHostName failed error: 11001 (No such host is known. ) 11001
2016-08-23 15:29:15.303250|ERROR   |              |   | TS3ANetwork::ResolveHostName failed error: 11001 (No such host is known. ) 11001
2016-08-23 15:29:15.303250|ERROR   |              |   | TS3ANetwork::ResolveHostName failed error: 11001 (No such host is known. ) 11001
2016-08-23 15:29:15.303250|ERROR   |              |   | TS3ANetwork::ResolveHostName failed error: 11001 (No such host is known. ) 11001
2016-08-23 15:29:15.304226|ERROR   |              |   | TS3ANetwork::ResolveHostName failed error: 11001 (No such host is known. ) 11001
2016-08-23 15:29:15.304226|ERROR   |              |   | TS3ANetwork::ResolveHostName failed error: 11001 (No such host is known. ) 11001
2016-08-23 15:29:15.304226|ERROR   |              |   | TS3ANetwork::ResolveHostName failed error: 11001 (No such host is known. ) 11001
2016-08-23 15:29:15.304226|ERROR   |              |   | TS3ANetwork::ResolveHostName failed error: 11001 (No such host is known. ) 11001
2016-08-23 15:29:15.304226|ERROR   |              |   | TS3ANetwork::ResolveHostName failed error: 11001 (No such host is known. ) 11001
2016-08-23 15:29:15.304226|ERROR   |              |   | TS3ANetwork::ResolveHostName failed error: 11001 (No such host is known. ) 11001
2016-08-23 15:29:15.304226|ERROR   |              |   | TS3ANetwork::ResolveHostName failed error: 11001 (No such host is known. ) 11001
2016-08-23 15:29:15.305203|ERROR   |              |   | TS3ANetwork::ResolveHostName failed error: 11001 (No such host is known. ) 11001
2016-08-23 15:29:15.305203|ERROR   |              |   | TS3ANetwork::ResolveHostName failed error: 11001 (No such host is known. ) 11001
2016-08-23 15:29:15.305203|ERROR   |              |   | TS3ANetwork::ResolveHostName failed error: 11001 (No such host is known. ) 11001
2016-08-23 15:29:15.305203|ERROR   |              |   | TS3ANetwork::ResolveHostName failed error: 11001 (No such host is known. ) 11001
2016-08-23 15:29:15.305203|ERROR   |              |   | TS3ANetwork::ResolveHostName failed error: 11001 (No such host is known. ) 11001
2016-08-23 15:29:15.305203|ERROR   |              |   | TS3ANetwork::ResolveHostName failed error: 11001 (No such host is known. ) 11001
2016-08-23 15:29:15.305203|ERROR   |              |   | TS3ANetwork::ResolveHostName failed error: 11001 (No such host is known. ) 11001
2016-08-23 15:29:15.305203|ERROR   |              |   | TS3ANetwork::ResolveHostName failed error: 11001 (No such host is known. ) 11001
2016-08-23 15:29:15.306179|ERROR   |              |   | TS3ANetwork::ResolveHostName failed error: 11001 (No such host is known. ) 11001
2016-08-23 15:29:15.306179|ERROR   |              |   | TS3ANetwork::ResolveHostName failed error: 11001 (No such host is known. ) 11001
2016-08-23 15:29:15.306179|ERROR   |              |   | TS3ANetwork::ResolveHostName failed error: 11001 (No such host is known. ) 11001
2016-08-23 15:29:15.306179|ERROR   |              |   | TS3ANetwork::ResolveHostName failed error: 11001 (No such host is known. ) 11001
2016-08-23 15:29:15.306179|ERROR   |              |   | TS3ANetwork::ResolveHostName failed error: 11001 (No such host is known. ) 11001
2016-08-23 15:29:15.306179|ERROR   |              |   | TS3ANetwork::ResolveHostName failed error: 11001 (No such host is known. ) 11001
2016-08-23 15:29:15.306179|ERROR   |              |   | TS3ANetwork::ResolveHostName failed error: 11001 (No such host is known. ) 11001
2016-08-23 15:29:15.306179|ERROR   |              |   | TS3ANetwork::ResolveHostName failed error: 11001 (No such host is known. ) 11001
2016-08-23 15:29:15.307156|ERROR   |              |   | TS3ANetwork::ResolveHostName failed error: 11001 (No such host is known. ) 11001
2016-08-23 15:29:15.307156|ERROR   |              |   | TS3ANetwork::ResolveHostName failed error: 11001 (No such host is known. ) 11001
2016-08-23 15:29:15.307156|ERROR   |              |   | TS3ANetwork::ResolveHostName failed error: 11001 (No such host is known. ) 11001
2016-08-23 15:29:15.307156|ERROR   |              |   | TS3ANetwork::ResolveHostName failed error: 11001 (No such host is known. ) 11001
2016-08-23 15:29:15.307156|ERROR   |              |   | TS3ANetwork::ResolveHostName failed error: 11001 (No such host is known. ) 11001
2016-08-23 15:29:15.307156|ERROR   |              |   | TS3ANetwork::ResolveHostName failed error: 11001 (No such host is known. ) 11001
2016-08-23 15:29:15.307156|ERROR   |              |   | TS3ANetwork::ResolveHostName failed error: 11001 (No such host is known. ) 11001
2016-08-23 15:29:15.308132|ERROR   |              |   | TS3ANetwork::ResolveHostName failed error: 11001 (No such host is known. ) 11001
2016-08-23 15:29:15.308132|ERROR   |              |   | TS3ANetwork::ResolveHostName failed error: 11001 (No such host is known. ) 11001
2016-08-23 15:29:15.308132|ERROR   |              |   | TS3ANetwork::ResolveHostName failed error: 11001 (No such host is known. ) 11001
2016-08-23 15:29:15.308132|ERROR   |              |   | TS3ANetwork::ResolveHostName failed error: 11001 (No such host is known. ) 11001
2016-08-23 15:29:15.308132|ERROR   |              |   | TS3ANetwork::ResolveHostName failed error: 11001 (No such host is known. ) 11001
2016-08-23 15:29:15.308132|ERROR   |              |   | TS3ANetwork::ResolveHostName failed error: 11001 (No such host is known. ) 11001
2016-08-23 15:29:15.308132|ERROR   |              |   | TS3ANetwork::ResolveHostName failed error: 11001 (No such host is known. ) 11001
2016-08-23 15:29:15.308132|ERROR   |              |   | TS3ANetwork::ResolveHostName failed error: 11001 (No such host is known. ) 11001
2016-08-23 15:29:15.309109|ERROR   |              |   | TS3ANetwork::ResolveHostName failed error: 11001 (No such host is known. ) 11001
2016-08-23 15:29:15.309109|ERROR   |              |   | TS3ANetwork::ResolveHostName failed error: 11001 (No such host is known. ) 11001
2016-08-23 15:29:15.309109|ERROR   |              |   | TS3ANetwork::ResolveHostName failed error: 11001 (No such host is known. ) 11001
2016-08-23 15:29:15.309109|ERROR   |              |   | TS3ANetwork::ResolveHostName failed error: 11001 (No such host is known. ) 11001
2016-08-23 15:29:15.309109|ERROR   |              |   | TS3ANetwork::ResolveHostName failed error: 11001 (No such host is known. ) 11001
2016-08-23 15:29:15.309109|ERROR   |              |   | TS3ANetwork::ResolveHostName failed error: 11001 (No such host is known. ) 11001
2016-08-23 15:29:15.309109|ERROR   |              |   | TS3ANetwork::ResolveHostName failed error: 11001 (No such host is known. ) 11001
2016-08-23 15:29:15.310085|ERROR   |              |   | TS3ANetwork::ResolveHostName failed error: 11001 (No such host is known. ) 11001
2016-08-23 15:29:15.310085|ERROR   |              |   | TS3ANetwork::ResolveHostName failed error: 11001 (No such host is known. ) 11001
2016-08-23 15:29:15.310085|ERROR   |              |   | TS3ANetwork::ResolveHostName failed error: 11001 (No such host is known. ) 11001
2016-08-23 15:29:15.310085|ERROR   |              |   | TS3ANetwork::ResolveHostName failed error: 11001 (No such host is known. ) 11001
2016-08-23 15:29:15.310085|ERROR   |              |   | TS3ANetwork::ResolveHostName failed error: 11001 (No such host is known. ) 11001
2016-08-23 15:29:15.310085|ERROR   |              |   | TS3ANetwork::ResolveHostName failed error: 11001 (No such host is known. ) 11001
2016-08-23 15:29:15.310085|ERROR   |              |   | TS3ANetwork::ResolveHostName failed error: 11001 (No such host is known. ) 11001
2016-08-23 15:29:15.310085|ERROR   |              |   | TS3ANetwork::ResolveHostName failed error: 11001 (No such host is known. ) 11001
2016-08-23 15:29:15.311062|ERROR   |              |   | TS3ANetwork::ResolveHostName failed error: 11001 (No such host is known. ) 11001
2016-08-23 15:29:15.311062|ERROR   |              |   | TS3ANetwork::ResolveHostName failed error: 11001 (No such host is known. ) 11001
2016-08-23 15:29:15.311062|ERROR   |              |   | TS3ANetwork::ResolveHostName failed error: 11001 (No such host is known. ) 11001
2016-08-23 15:29:15.311062|ERROR   |              |   | TS3ANetwork::ResolveHostName failed error: 11001 (No such host is known. ) 11001
2016-08-23 15:29:15.311062|ERROR   |              |   | TS3ANetwork::ResolveHostName failed error: 11001 (No such host is known. ) 11001
2016-08-23 15:29:15.311062|ERROR   |              |   | TS3ANetwork::ResolveHostName failed error: 11001 (No such host is known. ) 11001
2016-08-23 15:29:15.311062|ERROR   |              |   | TS3ANetwork::ResolveHostName failed error: 11001 (No such host is known. ) 11001
2016-08-23 15:29:15.311062|ERROR   |              |   | TS3ANetwork::ResolveHostName failed error: 11001 (No such host is known. ) 11001
2016-08-23 15:29:15.312039|ERROR   |              |   | TS3ANetwork::ResolveHostName failed error: 11001 (No such host is known. ) 11001
2016-08-23 15:29:15.312039|ERROR   |              |   | TS3ANetwork::ResolveHostName failed error: 11001 (No such host is known. ) 11001
2016-08-23 15:29:15.312039|ERROR   |              |   | TS3ANetwork::ResolveHostName failed error: 11001 (No such host is known. ) 11001
2016-08-23 15:29:15.312039|ERROR   |              |   | TS3ANetwork::ResolveHostName failed error: 11001 (No such host is known. ) 11001
2016-08-23 15:29:15.312039|ERROR   |              |   | TS3ANetwork::ResolveHostName failed error: 11001 (No such host is known. ) 11001
2016-08-23 15:29:15.312039|ERROR   |              |   | TS3ANetwork::ResolveHostName failed error: 11001 (No such host is known. ) 11001
2016-08-23 15:29:15.312039|ERROR   |              |   | TS3ANetwork::ResolveHostName failed error: 11001 (No such host is known. ) 11001
2016-08-23 15:29:15.313015|ERROR   |              |   | TS3ANetwork::ResolveHostName failed error: 11001 (No such host is known. ) 11001
2016-08-23 15:29:15.313015|ERROR   |              |   | TS3ANetwork::ResolveHostName failed error: 11001 (No such host is known. ) 11001
2016-08-23 15:29:15.313015|ERROR   |              |   | TS3ANetwork::ResolveHostName failed error: 11001 (No such host is known. ) 11001
2016-08-23 15:29:15.313015|ERROR   |              |   | TS3ANetwork::ResolveHostName failed error: 11001 (No such host is known. ) 11001
2016-08-23 15:29:15.313015|ERROR   |              |   | TS3ANetwork::ResolveHostName failed error: 11001 (No such host is known. ) 11001
2016-08-23 15:29:15.313015|ERROR   |              |   | TS3ANetwork::ResolveHostName failed error: 11001 (No such host is known. ) 11001
2016-08-23 15:29:15.313015|ERROR   |              |   | TS3ANetwork::ResolveHostName failed error: 11001 (No such host is known. ) 11001
2016-08-23 15:29:15.313015|ERROR   |              |   | TS3ANetwork::ResolveHostName failed error: 11001 (No such host is known. ) 11001
2016-08-23 15:29:15.313992|ERROR   |              |   | TS3ANetwork::ResolveHostName failed error: 11001 (No such host is known. ) 11001
2016-08-23 15:29:15.313992|ERROR   |              |   | TS3ANetwork::ResolveHostName failed error: 11001 (No such host is known. ) 11001
2016-08-23 15:29:15.313992|ERROR   |              |   | TS3ANetwork::ResolveHostName failed error: 11001 (No such host is known. ) 11001
2016-08-23 15:29:15.313992|ERROR   |              |   | TS3ANetwork::ResolveHostName failed error: 11001 (No such host is known. ) 11001
2016-08-23 15:29:15.313992|ERROR   |              |   | TS3ANetwork::ResolveHostName failed error: 11001 (No such host is known. ) 11001
2016-08-23 15:29:15.313992|ERROR   |              |   | TS3ANetwork::ResolveHostName failed error: 11001 (No such host is known. ) 11001
2016-08-23 15:29:15.313992|ERROR   |              |   | TS3ANetwork::ResolveHostName failed error: 11001 (No such host is known. ) 11001
2016-08-23 15:29:15.314968|ERROR   |              |   | TS3ANetwork::ResolveHostName failed error: 11001 (No such host is known. ) 11001
2016-08-23 15:29:15.314968|ERROR   |              |   | TS3ANetwork::ResolveHostName failed error: 11001 (No such host is known. ) 11001
2016-08-23 15:29:15.314968|ERROR   |              |   | TS3ANetwork::ResolveHostName failed error: 11001 (No such host is known. ) 11001
2016-08-23 15:29:15.314968|ERROR   |              |   | TS3ANetwork::ResolveHostName failed error: 11001 (No such host is known. ) 11001
2016-08-23 15:29:15.314968|ERROR   |              |   | TS3ANetwork::ResolveHostName failed error: 11001 (No such host is known. ) 11001
2016-08-23 15:29:15.314968|ERROR   |              |   | TS3ANetwork::ResolveHostName failed error: 11001 (No such host is known. ) 11001
2016-08-23 15:29:15.314968|ERROR   |              |   | TS3ANetwork::ResolveHostName failed error: 11001 (No such host is known. ) 11001
2016-08-23 15:29:15.314968|ERROR   |              |   | TS3ANetwork::ResolveHostName failed error: 11001 (No such host is known. ) 11001
2016-08-23 15:29:15.315945|ERROR   |              |   | TS3ANetwork::ResolveHostName failed error: 11001 (No such host is known. ) 11001
2016-08-23 15:29:15.315945|ERROR   |              |   | TS3ANetwork::ResolveHostName failed error: 11001 (No such host is known. ) 11001
2016-08-23 15:29:15.315945|ERROR   |              |   | TS3ANetwork::ResolveHostName failed error: 11001 (No such host is known. ) 11001
2016-08-23 15:29:15.315945|ERROR   |              |   | TS3ANetwork::ResolveHostName failed error: 11001 (No such host is known. ) 11001
2016-08-23 15:29:15.315945|ERROR   |              |   | TS3ANetwork::ResolveHostName failed error: 11001 (No such host is known. ) 11001
2016-08-23 15:29:15.315945|ERROR   |              |   | TS3ANetwork::ResolveHostName failed error: 11001 (No such host is known. ) 11001
2016-08-23 15:29:15.315945|ERROR   |              |   | TS3ANetwork::ResolveHostName failed error: 11001 (No such host is known. ) 11001
2016-08-23 15:29:15.315945|ERROR   |              |   | TS3ANetwork::ResolveHostName failed error: 11001 (No such host is known. ) 11001
2016-08-23 15:29:15.316921|ERROR   |              |   | TS3ANetwork::ResolveHostName failed error: 11001 (No such host is known. ) 11001
2016-08-23 15:29:15.316921|ERROR   |              |   | TS3ANetwork::ResolveHostName failed error: 11001 (No such host is known. ) 11001
2016-08-23 15:29:15.316921|ERROR   |              |   | TS3ANetwork::ResolveHostName failed error: 11001 (No such host is known. ) 11001
2016-08-23 15:29:15.316921|ERROR   |              |   | TS3ANetwork::ResolveHostName failed error: 11001 (No such host is known. ) 11001
2016-08-23 15:29:15.316921|ERROR   |              |   | TS3ANetwork::ResolveHostName failed error: 11001 (No such host is known. ) 11001
2016-08-23 15:29:15.316921|ERROR   |              |   | TS3ANetwork::ResolveHostName failed error: 11001 (No such host is known. ) 11001
2016-08-23 15:29:15.316921|ERROR   |              |   | TS3ANetwork::ResolveHostName failed error: 11001 (No such host is known. ) 11001
2016-08-23 15:29:15.316921|ERROR   |              |   | TS3ANetwork::ResolveHostName failed error: 11001 (No such host is known. ) 11001
2016-08-23 15:29:15.317898|ERROR   |              |   | TS3ANetwork::ResolveHostName failed error: 11001 (No such host is known. ) 11001
2016-08-23 15:29:15.317898|ERROR   |              |   | TS3ANetwork::ResolveHostName failed error: 11001 (No such host is known. ) 11001
2016-08-23 15:29:15.317898|ERROR   |              |   | TS3ANetwork::ResolveHostName failed error: 11001 (No such host is known. ) 11001
2016-08-23 15:29:15.317898|ERROR   |              |   | TS3ANetwork::ResolveHostName failed error: 11001 (No such host is known. ) 11001
2016-08-23 15:29:15.317898|ERROR   |              |   | TS3ANetwork::ResolveHostName failed error: 11001 (No such host is known. ) 11001
2016-08-23 15:29:15.317898|ERROR   |              |   | TS3ANetwork::ResolveHostName failed error: 11001 (No such host is known. ) 11001
2016-08-23 15:29:15.317898|ERROR   |              |   | TS3ANetwork::ResolveHostName failed error: 11001 (No such host is known. ) 11001
2016-08-23 15:29:15.317898|ERROR   |              |   | TS3ANetwork::ResolveHostName failed error: 11001 (No such host is known. ) 11001
2016-08-23 15:29:15.318875|ERROR   |              |   | TS3ANetwork::ResolveHostName failed error: 11001 (No such host is known. ) 11001
2016-08-23 15:29:15.318875|ERROR   |              |   | TS3ANetwork::ResolveHostName failed error: 11001 (No such host is known. ) 11001
2016-08-23 15:29:15.318875|ERROR   |              |   | TS3ANetwork::ResolveHostName failed error: 11001 (No such host is known. ) 11001
2016-08-23 15:29:15.318875|ERROR   |              |   | TS3ANetwork::ResolveHostName failed error: 11001 (No such host is known. ) 11001
2016-08-23 15:29:15.318875|ERROR   |              |   | TS3ANetwork::ResolveHostName failed error: 11001 (No such host is known. ) 11001
2016-08-23 15:29:15.318875|ERROR   |              |   | TS3ANetwork::ResolveHostName failed error: 11001 (No such host is known. ) 11001
2016-08-23 15:29:15.318875|ERROR   |              |   | TS3ANetwork::ResolveHostName failed error: 11001 (No such host is known. ) 11001
2016-08-23 15:29:15.319851|ERROR   |              |   | TS3ANetwork::ResolveHostName failed error: 11001 (No such host is known. ) 11001
2016-08-23 15:29:15.319851|ERROR   |              |   | TS3ANetwork::ResolveHostName failed error: 11001 (No such host is known. ) 11001
2016-08-23 15:29:15.319851|ERROR   |              |   | TS3ANetwork::ResolveHostName failed error: 11001 (No such host is known. ) 11001
2016-08-23 15:29:15.319851|ERROR   |              |   | TS3ANetwork::ResolveHostName failed error: 11001 (No such host is known. ) 11001
2016-08-23 15:29:15.319851|ERROR   |              |   | TS3ANetwork::ResolveHostName failed error: 11001 (No such host is known. ) 11001
2016-08-23 15:29:15.319851|ERROR   |              |   | TS3ANetwork::ResolveHostName failed error: 11001 (No such host is known. ) 11001
2016-08-23 15:29:15.319851|ERROR   |              |   | TS3ANetwork::ResolveHostName failed error: 11001 (No such host is known. ) 11001
2016-08-23 15:29:15.319851|ERROR   |              |   | TS3ANetwork::ResolveHostName failed error: 11001 (No such host is known. ) 11001
2016-08-23 15:29:15.320828|ERROR   |              |   | TS3ANetwork::ResolveHostName failed error: 11001 (No such host is known. ) 11001
2016-08-23 15:29:15.320828|ERROR   |              |   | TS3ANetwork::ResolveHostName failed error: 11001 (No such host is known. ) 11001
2016-08-23 15:29:15.320828|ERROR   |              |   | TS3ANetwork::ResolveHostName failed error: 11001 (No such host is known. ) 11001
2016-08-23 15:29:15.320828|ERROR   |              |   | TS3ANetwork::ResolveHostName failed error: 11001 (No such host is known. ) 11001
2016-08-23 15:29:15.320828|ERROR   |              |   | TS3ANetwork::ResolveHostName failed error: 11001 (No such host is known. ) 11001
2016-08-23 15:29:15.320828|ERROR   |              |   | TS3ANetwork::ResolveHostName failed error: 11001 (No such host is known. ) 11001
2016-08-23 15:29:15.320828|ERROR   |              |   | TS3ANetwork::ResolveHostName failed error: 11001 (No such host is known. ) 11001
2016-08-23 15:29:15.320828|ERROR   |              |   | TS3ANetwork::ResolveHostName failed error: 11001 (No such host is known. ) 11001
2016-08-23 15:29:15.321804|ERROR   |              |   | TS3ANetwork::ResolveHostName failed error: 11001 (No such host is known. ) 11001
2016-08-23 15:29:15.321804|ERROR   |              |   | TS3ANetwork::ResolveHostName failed error: 11001 (No such host is known. ) 11001
2016-08-23 15:29:15.321804|ERROR   |              |   | TS3ANetwork::ResolveHostName failed error: 11001 (No such host is known. ) 11001
2016-08-23 15:29:15.321804|ERROR   |              |   | TS3ANetwork::ResolveHostName failed error: 11001 (No such host is known. ) 11001
2016-08-23 15:29:15.321804|ERROR   |              |   | TS3ANetwork::ResolveHostName failed error: 11001 (No such host is known. ) 11001
2016-08-23 15:29:15.321804|ERROR   |              |   | TS3ANetwork::ResolveHostName failed error: 11001 (No such host is known. ) 11001
2016-08-23 15:29:15.321804|ERROR   |              |   | TS3ANetwork::ResolveHostName failed error: 11001 (No such host is known. ) 11001
2016-08-23 15:29:15.321804|ERROR   |              |   | TS3ANetwork::ResolveHostName failed error: 11001 (No such host is known. ) 11001
2016-08-23 15:29:15.322781|ERROR   |              |   | TS3ANetwork::ResolveHostName failed error: 11001 (No such host is known. ) 11001
2016-08-23 15:29:15.322781|ERROR   |              |   | TS3ANetwork::ResolveHostName failed error: 11001 (No such host is known. ) 11001
2016-08-23 15:29:15.322781|ERROR   |              |   | TS3ANetwork::ResolveHostName failed error: 11001 (No such host is known. ) 11001
2016-08-23 15:29:15.322781|ERROR   |              |   | TS3ANetwork::ResolveHostName failed error: 11001 (No such host is known. ) 11001
2016-08-23 15:29:15.322781|ERROR   |              |   | TS3ANetwork::ResolveHostName failed error: 11001 (No such host is known. ) 11001
2016-08-23 15:29:15.322781|ERROR   |              |   | TS3ANetwork::ResolveHostName failed error: 11001 (No such host is known. ) 11001
2016-08-23 15:29:15.322781|ERROR   |              |   | TS3ANetwork::ResolveHostName failed error: 11001 (No such host is known. ) 11001
2016-08-23 15:29:15.323757|ERROR   |              |   | TS3ANetwork::ResolveHostName failed error: 11001 (No such host is known. ) 11001
2016-08-23 15:29:15.323757|ERROR   |              |   | TS3ANetwork::ResolveHostName failed error: 11001 (No such host is known. ) 11001
2016-08-23 15:29:15.323757|ERROR   |              |   | TS3ANetwork::ResolveHostName failed error: 11001 (No such host is known. ) 11001
2016-08-23 15:29:15.323757|ERROR   |              |   | TS3ANetwork::ResolveHostName failed error: 11001 (No such host is known. ) 11001
2016-08-23 15:29:15.323757|ERROR   |              |   | TS3ANetwork::ResolveHostName failed error: 11001 (No such host is known. ) 11001
2016-08-23 15:29:15.323757|ERROR   |              |   | TS3ANetwork::ResolveHostName failed error: 11001 (No such host is known. ) 11001
2016-08-23 15:29:15.323757|ERROR   |              |   | TS3ANetwork::ResolveHostName failed error: 11001 (No such host is known. ) 11001
2016-08-23 15:29:15.323757|ERROR   |              |   | TS3ANetwork::ResolveHostName failed error: 11001 (No such host is known. ) 11001
2016-08-23 15:29:15.324734|ERROR   |              |   | TS3ANetwork::ResolveHostName failed error: 11001 (No such host is known. ) 11001
2016-08-23 15:29:15.324734|ERROR   |              |   | TS3ANetwork::ResolveHostName failed error: 11001 (No such host is known. ) 11001
2016-08-23 15:29:15.324734|ERROR   |              |   | TS3ANetwork::ResolveHostName failed error: 11001 (No such host is known. ) 11001
2016-08-23 15:29:15.324734|ERROR   |              |   | TS3ANetwork::ResolveHostName failed error: 11001 (No such host is known. ) 11001
2016-08-23 15:29:15.324734|ERROR   |              |   | TS3ANetwork::ResolveHostName failed error: 11001 (No such host is known. ) 11001
2016-08-23 15:29:15.324734|ERROR   |              |   | TS3ANetwork::ResolveHostName failed error: 11001 (No such host is known. ) 11001
2016-08-23 15:29:15.324734|ERROR   |              |   | TS3ANetwork::ResolveHostName failed error: 11001 (No such host is known. ) 11001
2016-08-23 15:29:15.324734|ERROR   |              |   | TS3ANetwork::ResolveHostName failed error: 11001 (No such host is known. ) 11001
2016-08-23 15:29:15.325710|ERROR   |              |   | TS3ANetwork::ResolveHostName failed error: 11001 (No such host is known. ) 11001
2016-08-23 15:29:15.325710|ERROR   |              |   | TS3ANetwork::ResolveHostName failed error: 11001 (No such host is known. ) 11001
2016-08-23 15:29:15.325710|ERROR   |              |   | TS3ANetwork::ResolveHostName failed error: 11001 (No such host is known. ) 11001
2016-08-23 15:29:15.325710|ERROR   |              |   | TS3ANetwork::ResolveHostName failed error: 11001 (No such host is known. ) 11001
2016-08-23 15:29:15.325710|ERROR   |              |   | TS3ANetwork::ResolveHostName failed error: 11001 (No such host is known. ) 11001
2016-08-23 15:29:15.325710|ERROR   |              |   | TS3ANetwork::ResolveHostName failed error: 11001 (No such host is known. ) 11001
2016-08-23 15:29:15.325710|ERROR   |              |   | TS3ANetwork::ResolveHostName failed error: 11001 (No such host is known. ) 11001
2016-08-23 15:29:15.325710|ERROR   |              |   | TS3ANetwork::ResolveHostName failed error: 11001 (No such host is known. ) 11001
2016-08-23 15:29:15.326687|ERROR   |              |   | TS3ANetwork::ResolveHostName failed error: 11001 (No such host is known. ) 11001
2016-08-23 15:29:15.326687|ERROR   |              |   | TS3ANetwork::ResolveHostName failed error: 11001 (No such host is known. ) 11001
2016-08-23 15:29:15.326687|ERROR   |              |   | TS3ANetwork::ResolveHostName failed error: 11001 (No such host is known. ) 11001
2016-08-23 15:29:15.326687|ERROR   |              |   | TS3ANetwork::ResolveHostName failed error: 11001 (No such host is known. ) 11001
2016-08-23 15:29:15.326687|ERROR   |              |   | TS3ANetwork::ResolveHostName failed error: 11001 (No such host is known. ) 11001
2016-08-23 15:29:15.326687|ERROR   |              |   | TS3ANetwork::ResolveHostName failed error: 11001 (No such host is known. ) 11001
2016-08-23 15:29:15.326687|ERROR   |              |   | TS3ANetwork::ResolveHostName failed error: 11001 (No such host is known. ) 11001
2016-08-23 15:29:15.327664|ERROR   |              |   | TS3ANetwork::ResolveHostName failed error: 11001 (No such host is known. ) 11001
2016-08-23 15:29:15.327664|ERROR   |              |   | TS3ANetwork::ResolveHostName failed error: 11001 (No such host is known. ) 11001
2016-08-23 15:29:15.327664|ERROR   |              |   | TS3ANetwork::ResolveHostName failed error: 11001 (No such host is known. ) 11001
2016-08-23 15:29:15.327664|ERROR   |              |   | TS3ANetwork::ResolveHostName failed error: 11001 (No such host is known. ) 11001
2016-08-23 15:29:15.327664|ERROR   |              |   | TS3ANetwork::ResolveHostName failed error: 11001 (No such host is known. ) 11001
2016-08-23 15:29:15.327664|ERROR   |              |   | TS3ANetwork::ResolveHostName failed error: 11001 (No such host is known. ) 11001
2016-08-23 15:29:15.327664|ERROR   |              |   | TS3ANetwork::ResolveHostName failed error: 11001 (No such host is known. ) 11001
2016-08-23 15:29:15.327664|ERROR   |              |   | TS3ANetwork::ResolveHostName failed error: 11001 (No such host is known. ) 11001
2016-08-23 15:29:15.328640|ERROR   |              |   | TS3ANetwork::ResolveHostName failed error: 11001 (No such host is known. ) 11001
2016-08-23 15:29:15.328640|ERROR   |              |   | TS3ANetwork::ResolveHostName failed error: 11001 (No such host is known. ) 11001
2016-08-23 15:29:15.328640|ERROR   |              |   | TS3ANetwork::ResolveHostName failed error: 11001 (No such host is known. ) 11001
2016-08-23 15:29:15.328640|ERROR   |              |   | TS3ANetwork::ResolveHostName failed error: 11001 (No such host is known. ) 11001
2016-08-23 15:29:15.328640|ERROR   |              |   | TS3ANetwork::ResolveHostName failed error: 11001 (No such host is known. ) 11001
2016-08-23 15:29:15.328640|ERROR   |              |   | TS3ANetwork::ResolveHostName failed error: 11001 (No such host is known. ) 11001
2016-08-23 15:29:15.328640|ERROR   |              |   | TS3ANetwork::ResolveHostName failed error: 11001 (No such host is known. ) 11001
2016-08-23 15:29:15.328640|ERROR   |              |   | TS3ANetwork::ResolveHostName failed error: 11001 (No such host is known. ) 11001
2016-08-23 15:29:15.329617|ERROR   |              |   | TS3ANetwork::ResolveHostName failed error: 11001 (No such host is known. ) 11001
2016-08-23 15:29:15.329617|ERROR   |              |   | TS3ANetwork::ResolveHostName failed error: 11001 (No such host is known. ) 11001
2016-08-23 15:29:15.329617|ERROR   |              |   | TS3ANetwork::ResolveHostName failed error: 11001 (No such host is known. ) 11001
2016-08-23 15:29:15.329617|ERROR   |              |   | TS3ANetwork::ResolveHostName failed error: 11001 (No such host is known. ) 11001
2016-08-23 15:29:15.329617|ERROR   |              |   | TS3ANetwork::ResolveHostName failed error: 11001 (No such host is known. ) 11001
2016-08-23 15:29:15.329617|ERROR   |              |   | TS3ANetwork::ResolveHostName failed error: 11001 (No such host is known. ) 11001
2016-08-23 15:29:15.329617|ERROR   |              |   | TS3ANetwork::ResolveHostName failed error: 11001 (No such host is known. ) 11001
2016-08-23 15:29:15.330593|ERROR   |              |   | TS3ANetwork::ResolveHostName failed error: 11001 (No such host is known. ) 11001
2016-08-23 15:29:15.330593|ERROR   |              |   | TS3ANetwork::ResolveHostName failed error: 11001 (No such host is known. ) 11001
2016-08-23 15:29:15.330593|ERROR   |              |   | TS3ANetwork::ResolveHostName failed error: 11001 (No such host is known. ) 11001
2016-08-23 15:29:15.330593|ERROR   |              |   | TS3ANetwork::ResolveHostName failed error: 11001 (No such host is known. ) 11001
2016-08-23 15:29:15.330593|ERROR   |              |   | TS3ANetwork::ResolveHostName failed error: 11001 (No such host is known. ) 11001
2016-08-23 15:29:15.330593|ERROR   |              |   | TS3ANetwork::ResolveHostName failed error: 11001 (No such host is known. ) 11001
2016-08-23 15:29:15.330593|ERROR   |              |   | TS3ANetwork::ResolveHostName failed error: 11001 (No such host is known. ) 11001
2016-08-23 15:29:15.330593|ERROR   |              |   | TS3ANetwork::ResolveHostName failed error: 11001 (No such host is known. ) 11001
2016-08-23 15:29:15.331570|ERROR   |              |   | TS3ANetwork::ResolveHostName failed error: 11001 (No such host is known. ) 11001
2016-08-23 15:29:15.331570|ERROR   |              |   | TS3ANetwork::ResolveHostName failed error: 11001 (No such host is known. ) 11001
2016-08-23 15:29:15.331570|ERROR   |              |   | TS3ANetwork::ResolveHostName failed error: 11001 (No such host is known. ) 11001
2016-08-23 15:29:15.331570|ERROR   |              |   | TS3ANetwork::ResolveHostName failed error: 11001 (No such host is known. ) 11001
2016-08-23 15:29:15.331570|ERROR   |              |   | TS3ANetwork::ResolveHostName failed error: 11001 (No such host is known. ) 11001
2016-08-23 15:29:15.331570|ERROR   |              |   | TS3ANetwork::ResolveHostName failed error: 11001 (No such host is known. ) 11001
2016-08-23 15:29:15.331570|ERROR   |              |   | TS3ANetwork::ResolveHostName failed error: 11001 (No such host is known. ) 11001
2016-08-23 15:29:15.331570|ERROR   |              |   | TS3ANetwork::ResolveHostName failed error: 11001 (No such host is known. ) 11001
2016-08-23 15:29:15.332546|ERROR   |              |   | TS3ANetwork::ResolveHostName failed error: 11001 (No such host is known. ) 11001
2016-08-23 15:29:15.332546|ERROR   |              |   | TS3ANetwork::ResolveHostName failed error: 11001 (No such host is known. ) 11001
2016-08-23 15:29:15.332546|ERROR   |              |   | TS3ANetwork::ResolveHostName failed error: 11001 (No such host is known. ) 11001
2016-08-23 15:29:15.332546|ERROR   |              |   | TS3ANetwork::ResolveHostName failed error: 11001 (No such host is known. ) 11001
2016-08-23 15:29:15.332546|ERROR   |              |   | TS3ANetwork::ResolveHostName failed error: 11001 (No such host is known. ) 11001
2016-08-23 15:29:15.332546|ERROR   |              |   | TS3ANetwork::ResolveHostName failed error: 11001 (No such host is known. ) 11001
2016-08-23 15:29:15.332546|ERROR   |              |   | TS3ANetwork::ResolveHostName failed error: 11001 (No such host is known. ) 11001
2016-08-23 15:29:15.333523|ERROR   |              |   | TS3ANetwork::ResolveHostName failed error: 11001 (No such host is known. ) 11001
2016-08-23 15:29:15.333523|ERROR   |              |   | TS3ANetwork::ResolveHostName failed error: 11001 (No such host is known. ) 11001
2016-08-23 15:29:15.333523|ERROR   |              |   | TS3ANetwork::ResolveHostName failed error: 11001 (No such host is known. ) 11001
2016-08-23 15:29:15.333523|ERROR   |              |   | TS3ANetwork::ResolveHostName failed error: 11001 (No such host is known. ) 11001
2016-08-23 15:29:15.333523|ERROR   |              |   | TS3ANetwork::ResolveHostName failed error: 11001 (No such host is known. ) 11001
2016-08-23 15:29:15.333523|ERROR   |              |   | TS3ANetwork::ResolveHostName failed error: 11001 (No such host is known. ) 11001
2016-08-23 15:29:15.333523|ERROR   |              |   | TS3ANetwork::ResolveHostName failed error: 11001 (No such host is known. ) 11001
2016-08-23 15:29:15.333523|ERROR   |              |   | TS3ANetwork::ResolveHostName failed error: 11001 (No such host is known. ) 11001
2016-08-23 15:29:15.334500|ERROR   |              |   | TS3ANetwork::ResolveHostName failed error: 11001 (No such host is known. ) 11001
2016-08-23 15:29:15.334500|ERROR   |              |   | TS3ANetwork::ResolveHostName failed error: 11001 (No such host is known. ) 11001
2016-08-23 15:29:15.334500|ERROR   |              |   | TS3ANetwork::ResolveHostName failed error: 11001 (No such host is known. ) 11001
2016-08-23 15:29:15.334500|ERROR   |              |   | TS3ANetwork::ResolveHostName failed error: 11001 (No such host is known. ) 11001
2016-08-23 15:29:15.334500|ERROR   |              |   | TS3ANetwork::ResolveHostName failed error: 11001 (No such host is known. ) 11001
2016-08-23 15:29:15.334500|ERROR   |              |   | TS3ANetwork::ResolveHostName failed error: 11001 (No such host is known. ) 11001
2016-08-23 15:29:15.334500|ERROR   |              |   | TS3ANetwork::ResolveHostName failed error: 11001 (No such host is known. ) 11001
2016-08-23 15:29:15.334500|ERROR   |              |   | TS3ANetwork::ResolveHostName failed error: 11001 (No such host is known. ) 11001
2016-08-23 15:29:15.335476|ERROR   |              |   | TS3ANetwork::ResolveHostName failed error: 11001 (No such host is known. ) 11001
2016-08-23 15:29:15.335476|ERROR   |              |   | TS3ANetwork::ResolveHostName failed error: 11001 (No such host is known. ) 11001
2016-08-23 15:29:15.335476|ERROR   |              |   | TS3ANetwork::ResolveHostName failed error: 11001 (No such host is known. ) 11001
2016-08-23 15:29:15.335476|ERROR   |              |   | TS3ANetwork::ResolveHostName failed error: 11001 (No such host is known. ) 11001
2016-08-23 15:29:15.335476|ERROR   |              |   | TS3ANetwork::ResolveHostName failed error: 11001 (No such host is known. ) 11001
2016-08-23 15:29:15.335476|ERROR   |              |   | TS3ANetwork::ResolveHostName failed error: 11001 (No such host is known. ) 11001
2016-08-23 15:29:15.335476|ERROR   |              |   | TS3ANetwork::ResolveHostName failed error: 11001 (No such host is known. ) 11001
2016-08-23 15:29:15.336453|ERROR   |              |   | TS3ANetwork::ResolveHostName failed error: 11001 (No such host is known. ) 11001
2016-08-23 15:29:15.336453|ERROR   |              |   | TS3ANetwork::ResolveHostName failed error: 11001 (No such host is known. ) 11001
2016-08-23 15:29:15.336453|ERROR   |              |   | TS3ANetwork::ResolveHostName failed error: 11001 (No such host is known. ) 11001
2016-08-23 15:29:15.336453|ERROR   |              |   | TS3ANetwork::ResolveHostName failed error: 11001 (No such host is known. ) 11001
2016-08-23 15:29:15.336453|ERROR   |              |   | TS3ANetwork::ResolveHostName failed error: 11001 (No such host is known. ) 11001
2016-08-23 15:29:15.336453|ERROR   |              |   | TS3ANetwork::ResolveHostName failed error: 11001 (No such host is known. ) 11001
2016-08-23 15:29:15.336453|ERROR   |              |   | TS3ANetwork::ResolveHostName failed error: 11001 (No such host is known. ) 11001
2016-08-23 15:29:15.336453|ERROR   |GetWanIP      |   | failed to retrieve WAN ip
