2015-03-26 14:49:14.522253|INFO    |VirtualServer |  1| listening on 0.0.0.0:9987
2015-03-26 14:50:26.167503|INFO    |VirtualServer |  1| query client connected 'serveradmin from 127.0.0.1:65298'(id:1)
2015-03-26 14:55:09.538020|INFO    |VirtualServerBase|  1| query client disconnected 'serveradmin from 127.0.0.1:65298'(id:1) reason 'reasonmsg=disconnecting'
2015-03-26 21:18:54.723298|INFO    |VirtualServerBase|  1| channel 'Chicks with Dicks'(id:84) created by 'Malluo'(id:289)
2015-03-26 21:19:19.107038|INFO    |VirtualServerBase|  1| channel 'Chicks with Dicks'(id:84) deleted by 'server'(id:0)
2015-03-26 21:19:32.172848|INFO    |VirtualServerBase|  1| channel 'Chicks with Dicks'(id:86) created by 'Malluo'(id:289)
2015-03-27 00:55:54.708566|INFO    |VirtualServerBase|  1| channel 'Arma3'(id:87) created by 'Rudy'(id:100)
2015-03-27 00:56:14.967630|INFO    |VirtualServerBase|  1| channel 'Arma3'(id:87) edited by 'Rudy'(id:100)
2015-03-27 01:51:07.580792|INFO    |VirtualServer |  1| query client connected 'Unknown from 95.141.32.34:37391'(id:354)
2015-03-27 01:51:08.288795|INFO    |VirtualServerBase|  1| query client disconnected 'Game-State.eu'(id:354) reason 'reasonmsg=connection lost'
2015-03-27 02:21:34.239851|INFO    |VirtualServerBase|  1| channel 'Chicks with Dicks'(id:86) deleted by 'server'(id:0)
2015-03-27 03:07:00.622435|INFO    |VirtualServerBase|  1| channel 'Arma3'(id:87) edited by 'Rudy'(id:100)
2015-03-27 05:55:17.642361|INFO    |VirtualServerBase|  1| channel 'Arma3'(id:87) deleted by 'server'(id:0)
2015-03-27 17:20:19.663562|INFO    |VirtualServerBase|  1| channel 'Chicks with dicks'(id:88) created by 'Malluo'(id:289)
2015-03-28 02:26:10.855053|INFO    |VirtualServerBase|  1| channel 'arma 3'(id:89) created by 'Android ross'(id:355)
2015-03-28 02:27:06.515950|INFO    |VirtualServerBase|  1| channel 'arma 3'(id:89) deleted by 'server'(id:0)
2015-03-28 03:28:07.358733|INFO    |VirtualServerBase|  1| channel 'Chicks with dicks'(id:88) deleted by 'server'(id:0)
2015-03-28 04:39:03.326953|INFO    |VirtualServerBase|  1| channel 'Arma 3'(id:90) created by 'ross'(id:253)
2015-03-28 04:41:27.767605|INFO    |VirtualServer |  1| query client connected 'serveradmin from 107.129.31.5:49316'(id:1)
2015-03-28 07:33:29.962403|INFO    |VirtualServerBase|  1| query client disconnected 'serveradmin from 107.129.31.5:49316'(id:1) reason 'reasonmsg=disconnecting'
2015-03-28 13:54:19.775444|INFO    |VirtualServerBase|  1| channel 'Spics With Clits'(id:91) created by 'RobHD'(id:298)
2015-03-28 23:16:44.287880|INFO    |VirtualServerBase|  1| channel 'Spics With Clits'(id:91) deleted by 'server'(id:0)
2015-03-29 03:25:46.009532|INFO    |VirtualServer |  1| query client connected 'serveradmin from 107.129.31.5:49180'(id:1)
2015-03-29 07:35:10.677372|INFO    |VirtualServerBase|  1| query client disconnected 'serveradmin from 107.129.31.5:49180'(id:1) reason 'reasonmsg=connection lost'
2015-03-29 15:01:02.228016|INFO    |VirtualServerBase|  1| channel 'Kicks With Shits'(id:92) created by 'RobHD'(id:298)
2015-03-29 16:38:56.309058|INFO    |VirtualServerBase|  1| channel 'Kicks With Shits'(id:92) deleted by 'server'(id:0)
2015-03-29 19:20:00.135907|INFO    |VirtualServerBase|  1| channel 'Nigs With Keks'(id:93) created by 'RobHD'(id:298)
2015-03-29 21:28:58.732200|INFO    |VirtualServerBase|  1| channel 'Fergalicious'(id:94) created by 'Malluo'(id:289)
2015-03-30 00:31:53.788136|INFO    |VirtualServerBase|  1| channel 'Nigs With Keks'(id:93) deleted by 'server'(id:0)
2015-03-30 00:42:31.860449|INFO    |VirtualServerBase|  1| channel 'Tawd Is Kill'(id:95) created by 'RobHD'(id:298)
2015-03-30 01:26:19.607031|INFO    |VirtualServerBase|  1| channel 'Tawd Is Kill'(id:95) deleted by 'server'(id:0)
2015-03-30 04:13:57.615368|INFO    |VirtualServerBase|  1| channel 'Fergalicious'(id:94) deleted by 'server'(id:0)
2015-03-30 04:21:05.477314|INFO    |VirtualServerBase|  1| channel 'Rob is Life'(id:96) created as sub channel of 'DayZ'(id:4) by 'Vereor Nox'(id:4)
2015-03-30 04:21:10.906123|INFO    |VirtualServerBase|  1| channel 'Rob is Life'(id:96) deleted by 'server'(id:0)
2015-03-30 06:16:36.974999|INFO    |VirtualServer |  1| client 'Dark'(id:276) was added to channelgroup 'Channel Admin'(id:5) by client 'Dark'(id:276) in channel 'Quarter for the Wicked'(id:29)
2015-03-30 20:00:25.737679|INFO    |VirtualServerBase|  1| channel 'Chicks with dicks'(id:97) created by 'Malluo'(id:289)
2015-03-30 20:01:14.441875|INFO    |VirtualServerBase|  1| channel 'Chicks with dicks'(id:97) deleted by 'server'(id:0)
2015-03-30 20:01:26.538902|INFO    |VirtualServerBase|  1| channel 'Chicks with dicks'(id:98) created by 'Malluo'(id:289)
2015-03-30 21:19:50.889195|INFO    |VirtualServerBase|  1| channel 'Chicks with dicks'(id:98) deleted by 'server'(id:0)
2015-03-30 22:51:52.796262|INFO    |VirtualServerBase|  1| channel 'CSGO COPT ACE'(id:99) created by 'ACE'(id:358)
2015-03-30 22:53:12.340801|INFO    |VirtualServerBase|  1| channel 'CSGO COPT ACE'(id:99) deleted by 'server'(id:0)
2015-03-30 22:53:26.256025|INFO    |VirtualServerBase|  1| channel 'csgo cpt ace'(id:100) created by 'ACE'(id:358)
2015-03-31 01:07:46.415679|INFO    |VirtualServerBase|  1| channel 'csgo cpt ace'(id:100) deleted by 'server'(id:0)
2015-03-31 05:58:16.060869|INFO    |VirtualServer |  1| client (id:349) was added to servergroup 'Normal'(id:7) by client 'Ritsu'(id:349)
2015-03-31 06:35:57.472012|INFO    |VirtualServer |  1| client 'Dark'(id:276) was added to channelgroup 'Guest'(id:8) by client 'Vereor Nox'(id:4) in channel 'Quarter for the Wicked'(id:29)
2015-03-31 09:27:25.174750|INFO    |VirtualServer |  1| client (id:81) was removed from servergroup 'JC'(id:13) by client 'Ritsu'(id:349)
2015-03-31 09:27:31.149560|INFO    |VirtualServer |  1| client (id:81) was added to servergroup 'JC'(id:13) by client 'Ritsu'(id:349)
2015-03-31 14:14:45.082169|INFO    |VirtualServerBase|  1| channel 'ace's room'(id:101) created by 'ACE'(id:358)
2015-03-31 14:18:21.699254|INFO    |VirtualServerBase|  1| channel 'ace's room'(id:101) edited by 'ACE'(id:358)
2015-03-31 14:19:29.923612|INFO    |VirtualServerBase|  1| channel 'ace's room'(id:101) deleted by 'server'(id:0)
2015-03-31 21:20:22.431750|INFO    |VirtualServerBase|  1| channel 'Malluo is bae :3'(id:57) edited by 'Siindres'(id:224)
2015-03-31 21:25:06.313003|INFO    |VirtualServerBase|  1| channel 'Siindres is bae ;('(id:102) created by 'Siindres'(id:224)
2015-03-31 21:25:19.646029|INFO    |VirtualServerBase|  1| channel 'Siindres is bae ;('(id:102) edited by 'Siindres'(id:224)
2015-04-01 21:31:07.739065|INFO    |VirtualServerBase|  1| channel 'Blue waffles!'(id:103) created by '&#8473;&#1108;&#8706;&#963;&#1074;&#1108;&#945;&#1103;&#8482;'(id:282)
2015-04-01 21:57:14.006678|INFO    |VirtualServerBase|  1| channel 'Chicks with dicks'(id:104) created by 'Malluo'(id:289)
2015-04-02 00:27:55.565957|INFO    |VirtualServerBase|  1| channel 'Siindres is bae ;('(id:102) deleted by 'server'(id:0)
2015-04-02 00:42:44.517080|INFO    |VirtualServerBase|  1| channel 'Blue waffles!'(id:103) deleted by 'server'(id:0)
2015-04-02 01:24:32.007050|INFO    |VirtualServerBase|  1| channel 'Malluoackbar'(id:105) created by 'Malluo'(id:289)
2015-04-02 01:24:48.837682|INFO    |VirtualServerBase|  1| channel 'Malluoackbar'(id:105) edited by 'Malluo'(id:289)
2015-04-02 01:31:14.405238|INFO    |VirtualServerBase|  1| channel 'Chicks with dicks'(id:104) deleted by 'server'(id:0)
2015-04-02 04:03:06.346733|INFO    |VirtualServerBase|  1| channel 'Malluoackbar'(id:105) deleted by 'server'(id:0)
2015-04-02 18:54:50.929479|INFO    |VirtualServerBase|  1| channel 'Malluo is bae :3'(id:57) edited by 'Siindres'(id:224)
2015-04-02 18:55:52.314603|INFO    |VirtualServerBase|  1| channel 'Malluo is bae :3'(id:57) edited by 'Siindres'(id:224)
2015-04-03 00:12:47.395894|INFO    |VirtualServerBase|  1| channel 'Dildo'(id:106) created by '&#8473;&#1108;&#8706;&#963;&#1074;&#1108;&#945;&#1103;&#8482;'(id:282)
2015-04-03 00:46:01.527155|INFO    |VirtualServerBase|  1| channel 'Mother fuckers'(id:107) created by 'Malluo'(id:289)
2015-04-03 02:39:38.578696|INFO    |VirtualServerBase|  1| channel 'Dildo'(id:106) deleted by 'server'(id:0)
2015-04-03 03:17:43.661543|INFO    |VirtualServerBase|  1| channel 'Mother fuckers'(id:107) edited by 'Malluo'(id:289)
2015-04-03 05:43:45.340176|INFO    |VirtualServer |  1| client (id:317) was added to servergroup 'Normal'(id:7) by client 'Ritsu'(id:349)
2015-04-03 05:43:49.586210|INFO    |VirtualServer |  1| client (id:317) was added to servergroup 'Server Admin'(id:6) by client 'Ritsu'(id:349)
2015-04-03 06:14:52.761608|INFO    |VirtualServerBase|  1| channel 'Mother fuckers'(id:107) deleted by 'server'(id:0)
2015-04-03 15:53:58.890288|INFO    |VirtualServerBase|  1| channel 'Todd is bae'(id:108) created by 'Malluo'(id:289)
2015-04-03 18:42:07.833748|INFO    |VirtualServerBase|  1| channel 'Todd is bae'(id:108) edited by 'Malluo'(id:289)
2015-04-03 18:58:25.695323|INFO    |VirtualServerBase|  1| channel 'pubes'(id:109) created by 'Malluo'(id:289)
2015-04-03 19:41:33.193268|INFO    |VirtualServerBase|  1| channel 'pubes'(id:109) deleted by 'server'(id:0)
2015-04-03 20:41:46.459218|INFO    |VirtualServerBase|  1| channel 'Todd is bae'(id:108) deleted by 'server'(id:0)
2015-04-03 20:44:37.670011|INFO    |VirtualServerBase|  1| channel 'Rob Is Life'(id:110) created by 'RobHD'(id:298)
2015-04-04 01:56:55.736648|INFO    |VirtualServerBase|  1| channel 'Malluo is bae  :3'(id:57) edited by 'Ritsu'(id:349)
2015-04-04 01:58:03.581166|INFO    |VirtualServerBase|  1| channel 'CS:  GO'(id:79) edited by 'Ritsu'(id:349)
2015-04-04 01:58:32.659617|INFO    |VirtualServerBase|  1| channel 'Rob I5 Life'(id:110) edited by 'Ritsu'(id:349)
2015-04-04 01:59:05.700475|INFO    |VirtualServerBase|  1| channel 'CS: GO'(id:79) edited by 'Ritsu'(id:349)
2015-04-04 06:57:21.646078|INFO    |VirtualServerBase|  1| channel 'Rob I5 Life'(id:110) deleted by 'server'(id:0)
2015-04-04 20:36:09.802537|INFO    |VirtualServerBase|  1| channel 'Rob Is 200% Life'(id:111) created by 'RobHD'(id:298)
2015-04-05 01:45:41.244918|INFO    |VirtualServer |  1| client (id:4) was added to servergroup 'super duper admin'(id:9) by client 'Vereor Nox'(id:4)
2015-04-05 03:12:40.280818|INFO    |VirtualServerBase|  1| channel 'Schwarma 3'(id:90) edited by 'Tyler'(id:271)
2015-04-05 03:13:02.495257|INFO    |VirtualServerBase|  1| channel 'Shawarma 3'(id:90) edited by 'Tyler'(id:271)
2015-04-05 04:06:32.824854|INFO    |VirtualServerBase|  1| channel 'Rob Is 200% Life'(id:111) edited by 'RobHD'(id:298)
2015-04-05 06:28:41.915617|INFO    |VirtualServer |  1| client 'Ritsu'(id:349) was added to channelgroup 'Channel Admin'(id:5) by client 'Ritsu'(id:349) in channel 'Quarter for the Wicked'(id:29)
2015-04-05 06:28:48.514429|INFO    |VirtualServer |  1| query client connected 'serveradmin from 107.129.31.5:49824'(id:1)
2015-04-05 06:28:53.943238|INFO    |VirtualServer |  1| client 'Ritsu'(id:349) was added to channelgroup 'Operator'(id:6) by client 'Ritsu'(id:349) in channel 'Quarter for the Wicked'(id:29)
2015-04-05 06:28:59.699648|INFO    |VirtualServer |  1| client 'Ritsu'(id:349) was added to channelgroup 'Voice'(id:7) by client 'Ritsu'(id:349) in channel 'Quarter for the Wicked'(id:29)
2015-04-05 08:29:14.134227|INFO    |VirtualServerBase|  1| query client disconnected 'serveradmin from 107.129.31.5:49824'(id:1) reason 'reasonmsg=disconnecting'
2015-04-05 09:14:53.889004|INFO    |VirtualServer |  1| client (id:81) was removed from servergroup 'JC'(id:13) by client 'Ritsu'(id:349)
2015-04-05 09:15:02.453419|INFO    |VirtualServer |  1| client (id:81) was added to servergroup 'JC'(id:13) by client 'Ritsu'(id:349)
2015-04-06 00:59:34.918633|INFO    |VirtualServerBase|  1| channel 'Rob Is 200% Life'(id:111) deleted by 'server'(id:0)
2015-04-06 01:00:16.726705|INFO    |VirtualServerBase|  1| channel 'Rob Is 300% Life'(id:112) created by 'RobHD'(id:298)
2015-04-06 11:45:04.288961|INFO    |VirtualServerBase|  1| channel 'Our game'(id:113) created by 'Sarah'(id:368)
2015-04-06 11:47:32.255219|INFO    |VirtualServerBase|  1| channel 'Our game'(id:113) deleted by 'server'(id:0)
2015-04-07 02:50:55.960713|INFO    |VirtualServer |  1| client (id:317) was removed from servergroup 'Server Admin'(id:6) by client 'Ritsu'(id:349)
2015-04-07 02:51:19.937355|INFO    |VirtualServer |  1| client (id:145) was removed from servergroup 'Evan Allmighty'(id:11) by client 'Ritsu'(id:349)
2015-04-07 02:51:39.041789|INFO    |VirtualServer |  1| client (id:317) was added to servergroup 'Server Admin'(id:6) by client 'Ritsu'(id:349)
2015-04-07 02:51:44.148998|INFO    |VirtualServer |  1| client (id:145) was added to servergroup 'Evan Allmighty'(id:11) by client 'Ritsu'(id:349)
2015-04-07 07:50:49.267363|INFO    |VirtualServer |  1| client (id:81) was removed from servergroup 'JC'(id:13) by client 'Ritsu'(id:349)
2015-04-07 07:50:56.935977|INFO    |VirtualServer |  1| client (id:81) was added to servergroup 'JC'(id:13) by client 'Ritsu'(id:349)
2015-04-08 09:15:43.431261|INFO    |VirtualServerBase|  1| channel 'Rob Is 300% Life'(id:112) deleted by 'server'(id:0)
2015-04-08 19:30:04.157888|INFO    |VirtualServerBase|  1| channel 'Rob is 400% life'(id:114) created by 'Malluo'(id:289)
2015-04-08 21:24:24.888432|INFO    |VirtualServerBase|  1| channel 'Rob is 400% life'(id:114) edited by 'Vereor Nox'(id:4)
2015-04-08 21:24:24.904033|INFO    |VirtualServerBase|  1| channel 'Rob is 400% life'(id:114) edited by 'Vereor Nox'(id:4)
2015-04-10 23:26:56.001886|INFO    |VirtualServerBase|  1| channel '^ Channel smells bad'(id:115) created by '&#8473;&#1108;&#8706;&#963;&#1074;&#1108;&#945;&#1103;&#8482;'(id:282)
2015-04-10 23:51:53.361610|INFO    |VirtualServerBase|  1| channel '^ Channel smells bad'(id:115) deleted by 'server'(id:0)
2015-04-11 21:26:14.917719|INFO    |VirtualServer |  1| client (id:81) was removed from servergroup 'JC'(id:13) by client 'Ritsu'(id:349)
2015-04-11 21:26:22.118935|INFO    |VirtualServer |  1| client (id:81) was added to servergroup 'JC'(id:13) by client 'Ritsu'(id:349)
2015-04-13 01:53:30.846914|INFO    |VirtualServerBase|  1| channel 'Malluo is bae x2'(id:116) created by 'Malluo'(id:289)
2015-04-13 01:53:59.313209|INFO    |VirtualServerBase|  1| channel 'Malluo is bae x2'(id:116) edited by 'Malluo'(id:289)
2015-04-13 04:02:26.747782|INFO    |VirtualServerBase|  1| channel 'Malluo is bae x2'(id:116) deleted by 'server'(id:0)
2015-04-13 07:42:38.427100|INFO    |VirtualServerBase|  1| channel 'Quarter for the Wicked'(id:29) edited by 'Vereor Nox'(id:4)
2015-04-14 01:50:47.461156|INFO    |VirtualServerBase|  1| channel 'Rob isnt life'(id:114) edited by 'Malluo'(id:289)
2015-04-14 01:50:59.323177|INFO    |VirtualServerBase|  1| channel 'Rob is 400% life'(id:114) edited by 'Malluo'(id:289)
2015-04-15 00:03:50.784821|INFO    |VirtualServerBase|  1| channel '1227'(id:117) created by 'Malluo'(id:289)
2015-04-15 00:03:58.655271|INFO    |VirtualServerBase|  1| channel '1337'(id:117) edited by 'Malluo'(id:289)
2015-04-15 04:11:10.799621|INFO    |VirtualServerBase|  1| channel '1337'(id:117) deleted by 'server'(id:0)
2015-04-18 20:05:55.052761|INFO    |VirtualServerBase|  1| channel 'Boys'(id:114) edited by 'Malluo'(id:289)
2015-04-19 02:25:56.294575|INFO    |VirtualServerBase|  1| channel '1337'(id:118) created by 'Malluo'(id:289)
2015-04-19 03:13:44.670962|INFO    |VirtualServerBase|  1| channel '1337'(id:118) edited by 'ross'(id:253)
2015-04-19 12:07:16.733545|INFO    |VirtualServerBase|  1| channel 'Rob Is More Life Then Real Life'(id:119) created by 'RobHD'(id:298)
2015-04-19 12:31:41.856291|INFO    |VirtualServerBase|  1| channel 'Rob Is More Life Then Real Life'(id:119) deleted by 'server'(id:0)
2015-04-21 22:25:28.977758|INFO    |VirtualServer |  1| client 'Ritsu'(id:349) was added to channelgroup 'Channel Admin'(id:5) by client 'Ritsu'(id:349) in channel 'General Chat'(id:30)
2015-04-21 22:25:39.072980|INFO    |VirtualServer |  1| client 'Ritsu'(id:349) was added to channelgroup 'Channel Admin'(id:5) by client 'Ritsu'(id:349) in channel 'League of Legends'(id:1)
2015-04-21 22:26:00.872636|INFO    |VirtualServer |  1| client 'Ritsu'(id:349) was added to channelgroup 'Channel Admin'(id:5) by client 'Ritsu'(id:349) in channel 'Steam Games'(id:8)
2015-04-21 22:26:37.227916|INFO    |VirtualServerBase|  1| channel 'AFK'(id:5) deleted by 'Ritsu'(id:349)
2015-04-21 22:27:10.177785|INFO    |VirtualServerBase|  1| channel 'AFK'(id:120) created by 'Ritsu'(id:349)
2015-04-21 22:27:12.967406|INFO    |VirtualServerBase|  1| channel 'AFK'(id:120) deleted by 'server'(id:0)
2015-04-21 22:27:35.696870|INFO    |VirtualServerBase|  1| channel 'AFK'(id:121) created by 'Ritsu'(id:349)
2015-04-21 22:27:38.717076|INFO    |VirtualServerBase|  1| channel 'AFK'(id:121) deleted by 'server'(id:0)
2015-04-23 21:18:32.944832|INFO    |VirtualServer |  1| client (id:386) was added to servergroup 'super duper admin'(id:9) by client 'ross'(id:6)
2015-04-24 02:58:35.138661|INFO    |VirtualServerBase|  1| channel 'MERCK'(id:114) edited by 'Malluo'(id:289)
2015-04-24 03:01:26.240967|INFO    |VirtualServerBase|  1| channel '[MERCK CSGO]'(id:114) edited by '[MERCK CSGO] Malluo'(id:289)
2015-04-24 12:54:15.207355|INFO    |VirtualServerBase|  1| channel 'Working'(id:122) created by 'ross'(id:6)
2015-04-24 13:22:17.605582|INFO    |VirtualServerBase|  1| channel 'Working (literally working)'(id:122) edited by 'ross'(id:6)
2015-04-24 13:22:17.626584|INFO    |VirtualServer |  1| permission 'i_channel_needed_join_power'(id:137) with values (value:8) was added by 'ross'(id:6) to channel 'Working (literally working)'(id:122)
2015-04-24 15:16:33.896740|INFO    |VirtualServerBase|  1| channel 'USMC'(id:14) deleted by 'ross'(id:6)
2015-04-24 15:16:37.675956|INFO    |VirtualServerBase|  1| channel 'OpFor'(id:17) deleted by 'ross'(id:6)
2015-04-25 23:35:21.566302|INFO    |VirtualServerBase|  1| channel 'Squad'(id:123) created by 'TacosAndNachos'(id:318)
2015-04-25 23:35:38.637278|INFO    |VirtualServerBase|  1| channel 'Squad'(id:123) deleted by 'server'(id:0)
2015-04-25 23:35:49.252886|INFO    |VirtualServerBase|  1| channel 'Squad'(id:124) created by 'TacosAndNachos'(id:318)
2015-04-26 01:37:34.091698|INFO    |VirtualServerBase|  1| channel 'Squad'(id:124) deleted by 'server'(id:0)
2015-04-28 18:35:08.986527|INFO    |VirtualServerBase|  1| channel 'rudy's work peeps, welcome.'(id:125) created as sub channel of 'Working (literally working)'(id:122) by 'ross'(id:6)
2015-04-28 19:02:13.907467|INFO    |VirtualServer |  1| client (id:386) was added to servergroup 'RooDee'(id:19) by client 'Rudy'(id:386)
2015-04-28 20:11:51.215396|INFO    |VirtualServer |  1| client 'Pedobear'(id:282) was added to channelgroup 'Channel Admin'(id:5) by client 'Rudy'(id:386) in channel 'Malluo is bae  :3'(id:57)
2015-04-28 20:19:36.763024|INFO    |VirtualServer |  1| client 'Pedobear'(id:282) was added to channelgroup 'Guest'(id:8) by client 'ross'(id:6) in channel 'Malluo is bae  :3'(id:57)
2015-04-28 20:24:39.969366|INFO    |VirtualServer |  1| query client connected 'serveradmin from 127.0.0.1:22207'(id:1)
2015-04-29 15:13:02.494400|INFO    |VirtualServerBase|  1| query client disconnected 'serveradmin from 127.0.0.1:22207'(id:1) reason 'reasonmsg=disconnecting'
2015-04-29 15:36:51.040108|INFO    |VirtualServer |  1| client 'ross'(id:6) was added to channelgroup 'Guest'(id:8) by client 'ross'(id:6) in channel 'Working (literally working)'(id:122)
2015-04-29 15:37:50.378502|INFO    |VirtualServer |  1| servergroup 'Ryan'(id:20) was added by 'ross'(id:6)
2015-04-29 15:37:50.443506|INFO    |VirtualServer |  1| permission 'i_group_auto_update_type'(id:146) with values (value:30, negated:0, skipchannel:0) was added by 'ross'(id:6) to servergroup 'Ryan'(id:20)
2015-04-29 15:37:50.444506|INFO    |VirtualServer |  1| permission 'b_virtualserver_token_use'(id:38) with values (value:1, negated:0, skipchannel:0) was added by 'ross'(id:6) to servergroup 'Ryan'(id:20)
2015-04-29 15:37:50.445506|INFO    |VirtualServer |  1| permission 'i_client_poke_power'(id:221) with values (value:50, negated:0, skipchannel:0) was added by 'ross'(id:6) to servergroup 'Ryan'(id:20)
2015-04-29 15:37:50.447506|INFO    |VirtualServer |  1| permission 'i_client_max_clones_uid'(id:173) with values (value:2, negated:0, skipchannel:0) was added by 'ross'(id:6) to servergroup 'Ryan'(id:20)
2015-04-29 15:37:50.448506|INFO    |VirtualServer |  1| permission 'b_client_permissionoverview_view'(id:190) with values (value:1, negated:0, skipchannel:0) was added by 'ross'(id:6) to servergroup 'Ryan'(id:20)
2015-04-29 15:37:50.449506|INFO    |VirtualServer |  1| permission 'b_client_permissionoverview_own'(id:191) with values (value:1, negated:0, skipchannel:0) was added by 'ross'(id:6) to servergroup 'Ryan'(id:20)
2015-04-29 15:37:50.450506|INFO    |VirtualServer |  1| permission 'i_client_needed_serverquery_view_power'(id:194) with values (value:75, negated:0, skipchannel:0) was added by 'ross'(id:6) to servergroup 'Ryan'(id:20)
2015-04-29 15:37:50.451506|INFO    |VirtualServer |  1| permission 'i_client_needed_complain_power'(id:205) with values (value:50, negated:0, skipchannel:0) was added by 'ross'(id:6) to servergroup 'Ryan'(id:20)
2015-04-29 15:37:50.452506|INFO    |VirtualServer |  1| permission 'b_channel_join_permanent'(id:131) with values (value:1, negated:0, skipchannel:0) was added by 'ross'(id:6) to servergroup 'Ryan'(id:20)
2015-04-29 15:37:50.453507|INFO    |VirtualServer |  1| permission 'b_channel_join_semi_permanent'(id:132) with values (value:1, negated:0, skipchannel:0) was added by 'ross'(id:6) to servergroup 'Ryan'(id:20)
2015-04-29 15:37:50.454507|INFO    |VirtualServer |  1| permission 'b_channel_join_temporary'(id:133) with values (value:1, negated:0, skipchannel:0) was added by 'ross'(id:6) to servergroup 'Ryan'(id:20)
2015-04-29 15:37:50.455507|INFO    |VirtualServer |  1| permission 'i_channel_join_power'(id:136) with values (value:50, negated:0, skipchannel:0) was added by 'ross'(id:6) to servergroup 'Ryan'(id:20)
2015-04-29 15:37:50.456507|INFO    |VirtualServer |  1| permission 'i_channel_description_view_power'(id:140) with values (value:50, negated:0, skipchannel:0) was added by 'ross'(id:6) to servergroup 'Ryan'(id:20)
2015-04-29 15:37:50.485508|INFO    |VirtualServer |  1| permission 'i_group_needed_modify_power'(id:162) with values (value:75, negated:0, skipchannel:0) was added by 'ross'(id:6) to servergroup 'Ryan'(id:20)
2015-04-29 15:37:50.509510|INFO    |VirtualServer |  1| permission 'i_client_needed_ban_power'(id:201) with values (value:50, negated:0, skipchannel:0) was added by 'ross'(id:6) to servergroup 'Ryan'(id:20)
2015-04-29 15:37:50.510510|INFO    |VirtualServer |  1| permission 'i_client_needed_kick_from_server_power'(id:197) with values (value:50, negated:0, skipchannel:0) was added by 'ross'(id:6) to servergroup 'Ryan'(id:20)
2015-04-29 15:37:50.511510|INFO    |VirtualServer |  1| permission 'i_client_needed_kick_from_channel_power'(id:199) with values (value:50, negated:0, skipchannel:0) was added by 'ross'(id:6) to servergroup 'Ryan'(id:20)
2015-04-29 15:37:50.529511|INFO    |VirtualServer |  1| permission 'i_group_needed_member_add_power'(id:164) with values (value:60, negated:0, skipchannel:0) was added by 'ross'(id:6) to servergroup 'Ryan'(id:20)
2015-04-29 15:37:50.537511|INFO    |VirtualServer |  1| permission 'i_group_needed_member_remove_power'(id:166) with values (value:60, negated:0, skipchannel:0) was added by 'ross'(id:6) to servergroup 'Ryan'(id:20)
2015-04-29 15:37:50.538511|INFO    |VirtualServer |  1| permission 'b_virtualserver_connectioninfo_view'(id:24) with values (value:1, negated:0, skipchannel:0) was added by 'ross'(id:6) to servergroup 'Ryan'(id:20)
2015-04-29 15:37:50.539511|INFO    |VirtualServer |  1| permission 'i_channel_modify_power'(id:121) with values (value:50, negated:0, skipchannel:0) was added by 'ross'(id:6) to servergroup 'Ryan'(id:20)
2015-04-29 15:37:50.540512|INFO    |VirtualServer |  1| permission 'i_client_needed_move_power'(id:203) with values (value:50, negated:0, skipchannel:0) was added by 'ross'(id:6) to servergroup 'Ryan'(id:20)
2015-04-29 15:37:50.541512|INFO    |VirtualServer |  1| permission 'b_channel_create_child'(id:82) with values (value:1, negated:0, skipchannel:0) was added by 'ross'(id:6) to servergroup 'Ryan'(id:20)
2015-04-29 15:37:50.542512|INFO    |VirtualServer |  1| permission 'b_channel_create_semi_permanent'(id:84) with values (value:1, negated:0, skipchannel:0) was added by 'ross'(id:6) to servergroup 'Ryan'(id:20)
2015-04-29 15:37:50.543512|INFO    |VirtualServer |  1| permission 'b_channel_create_temporary'(id:85) with values (value:1, negated:0, skipchannel:0) was added by 'ross'(id:6) to servergroup 'Ryan'(id:20)
2015-04-29 15:37:50.544512|INFO    |VirtualServer |  1| permission 'b_channel_create_with_topic'(id:87) with values (value:1, negated:0, skipchannel:0) was added by 'ross'(id:6) to servergroup 'Ryan'(id:20)
2015-04-29 15:37:50.545512|INFO    |VirtualServer |  1| permission 'b_channel_create_with_description'(id:88) with values (value:1, negated:0, skipchannel:0) was added by 'ross'(id:6) to servergroup 'Ryan'(id:20)
2015-04-29 15:37:50.546512|INFO    |VirtualServer |  1| permission 'b_channel_create_with_password'(id:89) with values (value:1, negated:0, skipchannel:0) was added by 'ross'(id:6) to servergroup 'Ryan'(id:20)
2015-04-29 15:37:50.547512|INFO    |VirtualServer |  1| permission 'b_channel_create_modify_with_codec_speex8'(id:90) with values (value:1, negated:0, skipchannel:0) was added by 'ross'(id:6) to servergroup 'Ryan'(id:20)
2015-04-29 15:37:50.548512|INFO    |VirtualServer |  1| permission 'b_channel_create_modify_with_codec_speex16'(id:91) with values (value:1, negated:0, skipchannel:0) was added by 'ross'(id:6) to servergroup 'Ryan'(id:20)
2015-04-29 15:37:50.549512|INFO    |VirtualServer |  1| permission 'b_channel_create_modify_with_codec_speex32'(id:92) with values (value:1, negated:0, skipchannel:0) was added by 'ross'(id:6) to servergroup 'Ryan'(id:20)
2015-04-29 15:37:50.550512|INFO    |VirtualServer |  1| permission 'i_channel_create_modify_with_codec_latency_factor_min'(id:97) with values (value:1, negated:0, skipchannel:0) was added by 'ross'(id:6) to servergroup 'Ryan'(id:20)
2015-04-29 15:37:50.551512|INFO    |VirtualServer |  1| permission 'b_channel_create_with_maxclients'(id:98) with values (value:1, negated:0, skipchannel:0) was added by 'ross'(id:6) to servergroup 'Ryan'(id:20)
2015-04-29 15:37:50.553512|INFO    |VirtualServer |  1| permission 'b_channel_create_with_maxfamilyclients'(id:99) with values (value:1, negated:0, skipchannel:0) was added by 'ross'(id:6) to servergroup 'Ryan'(id:20)
2015-04-29 15:37:50.553512|INFO    |VirtualServer |  1| permission 'b_channel_create_with_needed_talk_power'(id:102) with values (value:1, negated:0, skipchannel:0) was added by 'ross'(id:6) to servergroup 'Ryan'(id:20)
2015-04-29 15:37:50.554512|INFO    |VirtualServer |  1| permission 'i_channel_create_modify_with_codec_maxquality'(id:96) with values (value:7, negated:0, skipchannel:0) was added by 'ross'(id:6) to servergroup 'Ryan'(id:20)
2015-04-29 15:37:50.555512|INFO    |VirtualServer |  1| permission 'i_channel_max_depth'(id:77) with values (value:5, negated:0, skipchannel:0) was added by 'ross'(id:6) to servergroup 'Ryan'(id:20)
2015-04-29 15:37:50.556512|INFO    |VirtualServer |  1| permission 'i_channel_delete_power'(id:129) with values (value:60, negated:0, skipchannel:0) was added by 'ross'(id:6) to servergroup 'Ryan'(id:20)
2015-04-29 15:37:50.557512|INFO    |VirtualServer |  1| permission 'b_channel_delete_semi_permanent'(id:126) with values (value:1, negated:0, skipchannel:0) was added by 'ross'(id:6) to servergroup 'Ryan'(id:20)
2015-04-29 15:37:50.558513|INFO    |VirtualServer |  1| permission 'b_channel_delete_temporary'(id:127) with values (value:1, negated:0, skipchannel:0) was added by 'ross'(id:6) to servergroup 'Ryan'(id:20)
2015-04-29 15:37:50.559513|INFO    |VirtualServer |  1| permission 'b_channel_delete_flag_force'(id:128) with values (value:1, negated:0, skipchannel:0) was added by 'ross'(id:6) to servergroup 'Ryan'(id:20)
2015-04-29 15:37:50.560513|INFO    |VirtualServer |  1| permission 'i_client_max_avatar_filesize'(id:175) with values (value:200000, negated:0, skipchannel:0) was added by 'ross'(id:6) to servergroup 'Ryan'(id:20)
2015-04-29 15:37:50.561513|INFO    |VirtualServer |  1| permission 'i_client_max_channel_subscriptions'(id:176) with values (value:-1, negated:0, skipchannel:0) was added by 'ross'(id:6) to servergroup 'Ryan'(id:20)
2015-04-29 15:37:50.562513|INFO    |VirtualServer |  1| permission 'i_channel_subscribe_power'(id:138) with values (value:50, negated:0, skipchannel:0) was added by 'ross'(id:6) to servergroup 'Ryan'(id:20)
2015-04-29 15:37:50.563513|INFO    |VirtualServer |  1| permission 'i_client_private_textmessage_power'(id:214) with values (value:50, negated:0, skipchannel:0) was added by 'ross'(id:6) to servergroup 'Ryan'(id:20)
2015-04-29 15:37:50.564513|INFO    |VirtualServer |  1| permission 'b_client_channel_textmessage_send'(id:217) with values (value:1, negated:0, skipchannel:0) was added by 'ross'(id:6) to servergroup 'Ryan'(id:20)
2015-04-29 15:37:50.565513|INFO    |VirtualServer |  1| permission 'b_client_offline_textmessage_send'(id:218) with values (value:1, negated:0, skipchannel:0) was added by 'ross'(id:6) to servergroup 'Ryan'(id:20)
2015-04-29 15:37:50.566513|INFO    |VirtualServer |  1| permission 'i_ft_file_delete_power'(id:237) with values (value:50, negated:0, skipchannel:0) was added by 'ross'(id:6) to servergroup 'Ryan'(id:20)
2015-04-29 15:37:50.568513|INFO    |VirtualServer |  1| permission 'i_ft_file_rename_power'(id:239) with values (value:50, negated:0, skipchannel:0) was added by 'ross'(id:6) to servergroup 'Ryan'(id:20)
2015-04-29 15:37:50.569513|INFO    |VirtualServer |  1| permission 'i_ft_directory_create_power'(id:243) with values (value:50, negated:0, skipchannel:0) was added by 'ross'(id:6) to servergroup 'Ryan'(id:20)
2015-04-29 15:37:50.570513|INFO    |VirtualServer |  1| permission 'i_ft_file_upload_power'(id:233) with values (value:50, negated:0, skipchannel:0) was added by 'ross'(id:6) to servergroup 'Ryan'(id:20)
2015-04-29 15:37:50.571513|INFO    |VirtualServer |  1| permission 'i_ft_quota_mb_upload_per_client'(id:246) with values (value:-1, negated:0, skipchannel:0) was added by 'ross'(id:6) to servergroup 'Ryan'(id:20)
2015-04-29 15:37:50.572513|INFO    |VirtualServer |  1| permission 'i_ft_file_download_power'(id:235) with values (value:50, negated:0, skipchannel:0) was added by 'ross'(id:6) to servergroup 'Ryan'(id:20)
2015-04-29 15:37:50.573513|INFO    |VirtualServer |  1| permission 'i_ft_quota_mb_download_per_client'(id:245) with values (value:-1, negated:0, skipchannel:0) was added by 'ross'(id:6) to servergroup 'Ryan'(id:20)
2015-04-29 15:37:50.574513|INFO    |VirtualServer |  1| permission 'i_ft_file_browse_power'(id:241) with values (value:50, negated:0, skipchannel:0) was added by 'ross'(id:6) to servergroup 'Ryan'(id:20)
2015-04-29 15:39:43.520974|INFO    |VirtualServer |  1| permission 'i_icon_id'(id:142) with values (value:-654926402, negated:0, skipchannel:0) was added by 'ross'(id:6) to servergroup 'Ryan'(id:20)
2015-04-29 15:39:58.257817|INFO    |VirtualServer |  1| client (id:352) was added to servergroup 'Ryan'(id:20) by client 'ross'(id:6)
2015-04-29 16:06:22.808448|INFO    |VirtualServer |  1| query client connected 'serveradmin from 127.0.0.1:33732'(id:1)
2015-04-30 13:49:26.051273|INFO    |VirtualServerBase|  1| channel 'rudy's work peeps, welcome.'(id:125) deleted by 'Rudy'(id:386)
2015-04-30 21:11:48.926439|INFO    |VirtualServerBase|  1| channel 'Tacks Place'(id:126) created by 'Carson'(id:321)
2015-04-30 22:22:21.651537|INFO    |VirtualServerBase|  1| channel 'Tacks Place'(id:126) deleted by 'server'(id:0)
2015-05-01 17:49:08.814718|INFO    |VirtualServerBase|  1| query client disconnected 'serveradmin from 127.0.0.1:33732'(id:1) reason 'reasonmsg=disconnecting'
2015-05-01 22:16:28.674427|INFO    |VirtualServerBase|  1| channel 'SEXASS MONSTA'(id:127) created by 'Siindres'(id:224)
2015-05-01 22:17:14.959707|INFO    |VirtualServerBase|  1| channel 'SEXASS MONSTA'(id:127) edited by 'Siindres'(id:224)
2015-05-02 00:51:53.965086|INFO    |VirtualServerBase|  1| channel 'SEXASS MONSTA'(id:127) deleted by 'server'(id:0)
2015-05-02 06:01:41.428695|WARNING |ChanClients   |  1| Your system time is broken, TeamSpeak might behave unexpectedly
2015-05-02 06:01:41.428695|WARNING |ChanClients   |  1| Your system time is broken, TeamSpeak might behave unexpectedly
2015-05-02 06:01:41.428695|WARNING |ChanClients   |  1| Your system time is broken, TeamSpeak might behave unexpectedly
2015-05-02 06:01:41.428695|WARNING |ChanClients   |  1| Your system time is broken, TeamSpeak might behave unexpectedly
2015-05-02 06:01:41.428695|WARNING |ChanClients   |  1| Your system time is broken, TeamSpeak might behave unexpectedly
2015-05-02 06:01:41.428695|WARNING |ChanClients   |  1| Your system time is broken, TeamSpeak might behave unexpectedly
2015-05-04 05:56:48.916525|INFO    |VirtualServer |  1| client (id:81) was removed from servergroup 'JC'(id:13) by client 'Ritsu'(id:349)
2015-05-04 05:57:27.074192|INFO    |VirtualServerBase|  1| channel 'AFK'(id:8) edited by 'Ritsu'(id:349)
2015-05-04 05:57:35.779007|INFO    |VirtualServer |  1| client (id:81) was added to servergroup 'JC'(id:13) by client 'Ritsu'(id:349)
2015-05-05 05:38:01.414724|INFO    |VirtualServer |  1| client (id:81) was removed from servergroup 'JC'(id:13) by client 'Ritsu'(id:349)
2015-05-05 05:38:09.225738|INFO    |VirtualServer |  1| client (id:81) was added to servergroup 'JC'(id:13) by client 'Ritsu'(id:349)
